This file contains any messages produced by compilers while
running configure, to aid debugging if configure makes a mistake.

It was created by configure, which was
generated by GNU Autoconf 2.69.  Invocation command line was

  $ ./configure --prefix=/home/anshul/aesd/FinalProject_Buildroot_Client/assignment-5-Anshul-99/buildroot/output/host --sysconfdir=/home/anshul/aesd/FinalProject_Buildroot_Client/assignment-5-Anshul-99/buildroot/output/host/etc --localstatedir=/home/anshul/aesd/FinalProject_Buildroot_Client/assignment-5-Anshul-99/buildroot/output/host/var --enable-shared --disable-static --disable-gtk-doc --disable-gtk-doc-html --disable-doc --disable-docs --disable-documentation --disable-debug --with-xmlto=no --with-fop=no --disable-nls --disable-dependency-tracking --disable-multilib --disable-werror --target=arm-buildroot-linux-uclibcgnueabihf --disable-shared --enable-static --with-sysroot=/home/anshul/aesd/FinalProject_Buildroot_Client/assignment-5-Anshul-99/buildroot/output/host/arm-buildroot-linux-uclibcgnueabihf/sysroot --enable-poison-system-directories --without-debuginfod --disable-sim --disable-gdb

## --------- ##
## Platform. ##
## --------- ##

hostname = Anshul-UbuntuVM
uname -m = x86_64
uname -r = 5.13.0-39-generic
uname -s = Linux
uname -v = #44~20.04.1-Ubuntu SMP Thu Mar 24 16:43:35 UTC 2022

/usr/bin/uname -p = x86_64
/bin/uname -X     = unknown

/bin/arch              = x86_64
/usr/bin/arch -k       = unknown
/usr/convex/getsysinfo = unknown
/usr/bin/hostinfo      = unknown
/bin/machine           = unknown
/usr/bin/oslevel       = unknown
/bin/universe          = unknown

PATH: /home/anshul/aesd/FinalProject_Buildroot_Client/assignment-5-Anshul-99/buildroot/output/host/bin
PATH: /home/anshul/aesd/FinalProject_Buildroot_Client/assignment-5-Anshul-99/buildroot/output/host/sbin
PATH: /home/anshul/bin
PATH: /usr/local/sbin
PATH: /usr/local/bin
PATH: /usr/sbin
PATH: /usr/bin
PATH: /sbin
PATH: /bin
PATH: /usr/games
PATH: /usr/local/games
PATH: /snap/bin


## ----------- ##
## Core tests. ##
## ----------- ##

configure:2390: checking build system type
configure:2404: result: x86_64-pc-linux-gnu
configure:2451: checking host system type
configure:2464: result: x86_64-pc-linux-gnu
configure:2484: checking target system type
configure:2497: result: arm-buildroot-linux-uclibcgnueabihf
configure:2551: checking for a BSD-compatible install
configure:2619: result: /usr/bin/install -c
configure:2630: checking whether ln works
configure:2652: result: yes
configure:2656: checking whether ln -s works
configure:2660: result: yes
configure:2667: checking for a sed that does not truncate output
configure:2731: result: /usr/bin/sed
configure:2740: checking for gawk
configure:2756: found /usr/bin/gawk
configure:2767: result: gawk
configure:4106: checking for gcc
configure:4133: result: /usr/bin/gcc
configure:4362: checking for C compiler version
configure:4371: /usr/bin/gcc --version >&5
gcc (Ubuntu 9.4.0-1ubuntu1~20.04.1) 9.4.0
Copyright (C) 2019 Free Software Foundation, Inc.
This is free software; see the source for copying conditions.  There is NO
warranty; not even for MERCHANTABILITY or FITNESS FOR A PARTICULAR PURPOSE.

configure:4382: $? = 0
configure:4371: /usr/bin/gcc -v >&5
Using built-in specs.
COLLECT_GCC=/usr/bin/gcc
COLLECT_LTO_WRAPPER=/usr/lib/gcc/x86_64-linux-gnu/9/lto-wrapper
OFFLOAD_TARGET_NAMES=nvptx-none:hsa
OFFLOAD_TARGET_DEFAULT=1
Target: x86_64-linux-gnu
Configured with: ../src/configure -v --with-pkgversion='Ubuntu 9.4.0-1ubuntu1~20.04.1' --with-bugurl=file:///usr/share/doc/gcc-9/README.Bugs --enable-languages=c,ada,c++,go,brig,d,fortran,objc,obj-c++,gm2 --prefix=/usr --with-gcc-major-version-only --program-suffix=-9 --program-prefix=x86_64-linux-gnu- --enable-shared --enable-linker-build-id --libexecdir=/usr/lib --without-included-gettext --enable-threads=posix --libdir=/usr/lib --enable-nls --enable-clocale=gnu --enable-libstdcxx-debug --enable-libstdcxx-time=yes --with-default-libstdcxx-abi=new --enable-gnu-unique-object --disable-vtable-verify --enable-plugin --enable-default-pie --with-system-zlib --with-target-system-zlib=auto --enable-objc-gc=auto --enable-multiarch --disable-werror --with-arch-32=i686 --with-abi=m64 --with-multilib-list=m32,m64,mx32 --enable-multilib --with-tune=generic --enable-offload-targets=nvptx-none=/build/gcc-9-Av3uEd/gcc-9-9.4.0/debian/tmp-nvptx/usr,hsa --without-cuda-driver --enable-checking=release --build=x86_64-linux-gnu --host=x86_64-linux-gnu --target=x86_64-linux-gnu
Thread model: posix
gcc version 9.4.0 (Ubuntu 9.4.0-1ubuntu1~20.04.1) 
configure:4382: $? = 0
configure:4371: /usr/bin/gcc -V >&5
gcc: error: unrecognized command line option '-V'
gcc: fatal error: no input files
compilation terminated.
configure:4382: $? = 1
configure:4371: /usr/bin/gcc -qversion >&5
gcc: error: unrecognized command line option '-qversion'; did you mean '--version'?
gcc: fatal error: no input files
compilation terminated.
configure:4382: $? = 1
configure:4402: checking whether the C compiler works
configure:4424: /usr/bin/gcc -O2 -I/home/anshul/aesd/FinalProject_Buildroot_Client/assignment-5-Anshul-99/buildroot/output/host/include -I/home/anshul/aesd/FinalProject_Buildroot_Client/assignment-5-Anshul-99/buildroot/output/host/include -L/home/anshul/aesd/FinalProject_Buildroot_Client/assignment-5-Anshul-99/buildroot/output/host/lib -Wl,-rpath,/home/anshul/aesd/FinalProject_Buildroot_Client/assignment-5-Anshul-99/buildroot/output/host/lib conftest.c  >&5
configure:4428: $? = 0
configure:4476: result: yes
configure:4479: checking for C compiler default output file name
configure:4481: result: a.out
configure:4487: checking for suffix of executables
configure:4494: /usr/bin/gcc -o conftest -O2 -I/home/anshul/aesd/FinalProject_Buildroot_Client/assignment-5-Anshul-99/buildroot/output/host/include -I/home/anshul/aesd/FinalProject_Buildroot_Client/assignment-5-Anshul-99/buildroot/output/host/include -L/home/anshul/aesd/FinalProject_Buildroot_Client/assignment-5-Anshul-99/buildroot/output/host/lib -Wl,-rpath,/home/anshul/aesd/FinalProject_Buildroot_Client/assignment-5-Anshul-99/buildroot/output/host/lib conftest.c  >&5
configure:4498: $? = 0
configure:4520: result: 
configure:4542: checking whether we are cross compiling
configure:4550: /usr/bin/gcc -o conftest -O2 -I/home/anshul/aesd/FinalProject_Buildroot_Client/assignment-5-Anshul-99/buildroot/output/host/include -I/home/anshul/aesd/FinalProject_Buildroot_Client/assignment-5-Anshul-99/buildroot/output/host/include -L/home/anshul/aesd/FinalProject_Buildroot_Client/assignment-5-Anshul-99/buildroot/output/host/lib -Wl,-rpath,/home/anshul/aesd/FinalProject_Buildroot_Client/assignment-5-Anshul-99/buildroot/output/host/lib conftest.c  >&5
configure:4554: $? = 0
configure:4561: ./conftest
configure:4565: $? = 0
configure:4553: result: no
configure:4558: checking for suffix of object files
configure:4580: /usr/bin/gcc -c -O2 -I/home/anshul/aesd/FinalProject_Buildroot_Client/assignment-5-Anshul-99/buildroot/output/host/include -I/home/anshul/aesd/FinalProject_Buildroot_Client/assignment-5-Anshul-99/buildroot/output/host/include conftest.c >&5
configure:4584: $? = 0
configure:4605: result: o
configure:4609: checking whether we are using the GNU C compiler
configure:4628: /usr/bin/gcc -c -O2 -I/home/anshul/aesd/FinalProject_Buildroot_Client/assignment-5-Anshul-99/buildroot/output/host/include -I/home/anshul/aesd/FinalProject_Buildroot_Client/assignment-5-Anshul-99/buildroot/output/host/include conftest.c >&5
configure:4628: $? = 0
configure:4637: result: yes
configure:4646: checking whether /usr/bin/gcc accepts -g
configure:4666: /usr/bin/gcc -c -g -I/home/anshul/aesd/FinalProject_Buildroot_Client/assignment-5-Anshul-99/buildroot/output/host/include conftest.c >&5
configure:4666: $? = 0
configure:4707: result: yes
configure:4724: checking for /usr/bin/gcc option to accept ISO C89
configure:4787: /usr/bin/gcc  -c -O2 -I/home/anshul/aesd/FinalProject_Buildroot_Client/assignment-5-Anshul-99/buildroot/output/host/include -I/home/anshul/aesd/FinalProject_Buildroot_Client/assignment-5-Anshul-99/buildroot/output/host/include conftest.c >&5
configure:4787: $? = 0
configure:4800: result: none needed
configure:4932: checking for C++ compiler version
configure:4941: /usr/bin/g++ --version >&5
g++ (Ubuntu 9.4.0-1ubuntu1~20.04.1) 9.4.0
Copyright (C) 2019 Free Software Foundation, Inc.
This is free software; see the source for copying conditions.  There is NO
warranty; not even for MERCHANTABILITY or FITNESS FOR A PARTICULAR PURPOSE.

configure:4952: $? = 0
configure:4941: /usr/bin/g++ -v >&5
Using built-in specs.
COLLECT_GCC=/usr/bin/g++
COLLECT_LTO_WRAPPER=/usr/lib/gcc/x86_64-linux-gnu/9/lto-wrapper
OFFLOAD_TARGET_NAMES=nvptx-none:hsa
OFFLOAD_TARGET_DEFAULT=1
Target: x86_64-linux-gnu
Configured with: ../src/configure -v --with-pkgversion='Ubuntu 9.4.0-1ubuntu1~20.04.1' --with-bugurl=file:///usr/share/doc/gcc-9/README.Bugs --enable-languages=c,ada,c++,go,brig,d,fortran,objc,obj-c++,gm2 --prefix=/usr --with-gcc-major-version-only --program-suffix=-9 --program-prefix=x86_64-linux-gnu- --enable-shared --enable-linker-build-id --libexecdir=/usr/lib --without-included-gettext --enable-threads=posix --libdir=/usr/lib --enable-nls --enable-clocale=gnu --enable-libstdcxx-debug --enable-libstdcxx-time=yes --with-default-libstdcxx-abi=new --enable-gnu-unique-object --disable-vtable-verify --enable-plugin --enable-default-pie --with-system-zlib --with-target-system-zlib=auto --enable-objc-gc=auto --enable-multiarch --disable-werror --with-arch-32=i686 --with-abi=m64 --with-multilib-list=m32,m64,mx32 --enable-multilib --with-tune=generic --enable-offload-targets=nvptx-none=/build/gcc-9-Av3uEd/gcc-9-9.4.0/debian/tmp-nvptx/usr,hsa --without-cuda-driver --enable-checking=release --build=x86_64-linux-gnu --host=x86_64-linux-gnu --target=x86_64-linux-gnu
Thread model: posix
gcc version 9.4.0 (Ubuntu 9.4.0-1ubuntu1~20.04.1) 
configure:4952: $? = 0
configure:4941: /usr/bin/g++ -V >&5
g++: error: unrecognized command line option '-V'
g++: fatal error: no input files
compilation terminated.
configure:4952: $? = 1
configure:4941: /usr/bin/g++ -qversion >&5
g++: error: unrecognized command line option '-qversion'; did you mean '--version'?
g++: fatal error: no input files
compilation terminated.
configure:4952: $? = 1
configure:4956: checking whether we are using the GNU C++ compiler
configure:4975: /usr/bin/g++ -c -O2 -I/home/anshul/aesd/FinalProject_Buildroot_Client/assignment-5-Anshul-99/buildroot/output/host/include -I/home/anshul/aesd/FinalProject_Buildroot_Client/assignment-5-Anshul-99/buildroot/output/host/include conftest.cpp >&5
configure:4975: $? = 0
configure:4984: result: yes
configure:4993: checking whether /usr/bin/g++ accepts -g
configure:5013: /usr/bin/g++ -c -g -I/home/anshul/aesd/FinalProject_Buildroot_Client/assignment-5-Anshul-99/buildroot/output/host/include conftest.cpp >&5
configure:5013: $? = 0
configure:5054: result: yes
configure:5103: checking whether g++ accepts -static-libstdc++ -static-libgcc
configure:5120: /usr/bin/g++ -o conftest -O2 -I/home/anshul/aesd/FinalProject_Buildroot_Client/assignment-5-Anshul-99/buildroot/output/host/include -I/home/anshul/aesd/FinalProject_Buildroot_Client/assignment-5-Anshul-99/buildroot/output/host/include -L/home/anshul/aesd/FinalProject_Buildroot_Client/assignment-5-Anshul-99/buildroot/output/host/lib -Wl,-rpath,/home/anshul/aesd/FinalProject_Buildroot_Client/assignment-5-Anshul-99/buildroot/output/host/lib -static-libstdc++ -static-libgcc conftest.cpp  >&5
configure:5120: $? = 0
configure:5121: result: yes
configure:5185: checking for gnatbind
configure:5215: result: no
configure:5277: checking for gnatmake
configure:5307: result: no
configure:5326: checking whether compiler driver understands Ada
configure:5349: result: no
configure:5358: checking how to compare bootstrapped objects
configure:5383: result: cmp --ignore-initial=16 $$f1 $$f2
configure:5443: checking for objdir
configure:5458: result: .libs
configure:5489: checking whether to use debuginfod
configure:5491: result: no
configure:5495: WARNING: debuginfod support disabled; some features may be unavailable.
configure:6109: checking for isl 0.15 or later
configure:6122: /usr/bin/gcc -o conftest -O2 -I/home/anshul/aesd/FinalProject_Buildroot_Client/assignment-5-Anshul-99/buildroot/output/host/include   -I/home/anshul/aesd/FinalProject_Buildroot_Client/assignment-5-Anshul-99/buildroot/output/host/include -L/home/anshul/aesd/FinalProject_Buildroot_Client/assignment-5-Anshul-99/buildroot/output/host/lib -Wl,-rpath,/home/anshul/aesd/FinalProject_Buildroot_Client/assignment-5-Anshul-99/buildroot/output/host/lib  -lisl -lmpc -lmpfr -lgmp conftest.c  -lisl -lgmp >&5
conftest.c:10:10: fatal error: isl/schedule.h: No such file or directory
   10 | #include <isl/schedule.h>
      |          ^~~~~~~~~~~~~~~~
compilation terminated.
configure:6122: $? = 1
configure: failed program was:
| /* confdefs.h */
| #define PACKAGE_NAME ""
| #define PACKAGE_TARNAME ""
| #define PACKAGE_VERSION ""
| #define PACKAGE_STRING ""
| #define PACKAGE_BUGREPORT ""
| #define PACKAGE_URL ""
| #define LT_OBJDIR ".libs/"
| /* end confdefs.h.  */
| #include <isl/schedule.h>
| int
| main ()
| {
| isl_options_set_schedule_serialize_sccs (NULL, 0);
|   ;
|   return 0;
| }
configure:6129: result: no
configure:6133: result: required isl version is 0.15 or later
configure:7226: checking for default BUILD_CONFIG
configure:7258: result: 
configure:7263: checking for --enable-vtable-verify
configure:7276: result: no
configure:7888: checking for bison
configure:7904: found /usr/bin/bison
configure:7915: result: bison -y
configure:7935: checking for bison
configure:7951: found /usr/bin/bison
configure:7962: result: bison
configure:7982: checking for gm4
configure:8012: result: no
configure:7982: checking for gnum4
configure:8012: result: no
configure:7982: checking for m4
configure:7998: found /home/anshul/aesd/FinalProject_Buildroot_Client/assignment-5-Anshul-99/buildroot/output/host/bin/m4
configure:8009: result: m4
configure:8029: checking for flex
configure:8045: found /usr/bin/flex
configure:8056: result: flex
configure:8077: checking for flex
configure:8093: found /usr/bin/flex
configure:8104: result: flex
configure:8124: checking for makeinfo
configure:8151: result: true
configure:8185: checking for expect
configure:8215: result: no
configure:8234: checking for runtest
configure:8264: result: no
configure:8298: checking for ar
configure:8325: result: /usr/bin/ar
configure:8439: checking for as
configure:8466: result: /usr/bin/as
configure:8661: checking for dlltool
configure:8691: result: no
configure:8721: checking for ld
configure:8748: result: /usr/bin/ld
configure:8943: checking for lipo
configure:8973: result: no
configure:9003: checking for nm
configure:9030: result: /usr/bin/nm
configure:9144: checking for ranlib
configure:9171: result: /usr/bin/ranlib
configure:9361: checking for strip
configure:9377: found /usr/bin/strip
configure:9388: result: strip
configure:9497: checking for windres
configure:9527: result: no
configure:9638: checking for windmc
configure:9668: result: no
configure:9698: checking for objcopy
configure:9725: result: /usr/bin/objcopy
configure:9920: checking for objdump
configure:9936: found /usr/bin/objdump
configure:9947: result: objdump
configure:10061: checking for readelf
configure:10077: found /usr/bin/readelf
configure:10088: result: readelf
configure:10202: checking for arm-buildroot-linux-uclibcgnueabihf-cc
configure:10232: result: no
configure:10202: checking for arm-buildroot-linux-uclibcgnueabihf-gcc
configure:10232: result: no
configure:10363: checking for arm-buildroot-linux-uclibcgnueabihf-c++
configure:10393: result: no
configure:10363: checking for arm-buildroot-linux-uclibcgnueabihf-g++
configure:10393: result: no
configure:10363: checking for arm-buildroot-linux-uclibcgnueabihf-cxx
configure:10393: result: no
configure:10363: checking for arm-buildroot-linux-uclibcgnueabihf-gxx
configure:10393: result: no
configure:10524: checking for arm-buildroot-linux-uclibcgnueabihf-gcc
configure:10554: result: no
configure:10680: checking for arm-buildroot-linux-uclibcgnueabihf-gfortran
configure:10710: result: no
configure:10841: checking for arm-buildroot-linux-uclibcgnueabihf-gccgo
configure:10871: result: no
configure:11082: checking for arm-buildroot-linux-uclibcgnueabihf-ar
configure:11112: result: no
configure:11312: checking for arm-buildroot-linux-uclibcgnueabihf-as
configure:11342: result: no
configure:11542: checking for arm-buildroot-linux-uclibcgnueabihf-dlltool
configure:11572: result: no
configure:11772: checking for arm-buildroot-linux-uclibcgnueabihf-ld
configure:11802: result: no
configure:12002: checking for arm-buildroot-linux-uclibcgnueabihf-lipo
configure:12032: result: no
configure:12232: checking for arm-buildroot-linux-uclibcgnueabihf-nm
configure:12262: result: no
configure:12462: checking for arm-buildroot-linux-uclibcgnueabihf-objcopy
configure:12492: result: no
configure:12692: checking for arm-buildroot-linux-uclibcgnueabihf-objdump
configure:12722: result: no
configure:12922: checking for arm-buildroot-linux-uclibcgnueabihf-ranlib
configure:12952: result: no
configure:13152: checking for arm-buildroot-linux-uclibcgnueabihf-readelf
configure:13182: result: no
configure:13382: checking for arm-buildroot-linux-uclibcgnueabihf-strip
configure:13412: result: no
configure:13612: checking for arm-buildroot-linux-uclibcgnueabihf-windres
configure:13642: result: no
configure:13842: checking for arm-buildroot-linux-uclibcgnueabihf-windmc
configure:13872: result: no
configure:13939: checking where to find the target ar
configure:13962: result: just compiled
configure:13981: checking where to find the target as
configure:14004: result: just compiled
configure:14023: checking where to find the target cc
configure:14060: result: pre-installed
configure:14065: checking where to find the target c++
configure:14105: result: pre-installed
configure:14110: checking where to find the target c++ for libstdc++
configure:14150: result: pre-installed
configure:14155: checking where to find the target dlltool
configure:14178: result: just compiled
configure:14197: checking where to find the target gcc
configure:14234: result: pre-installed
configure:14239: checking where to find the target gfortran
configure:14279: result: pre-installed
configure:14284: checking where to find the target gccgo
configure:14324: result: pre-installed
configure:14329: checking where to find the target ld
configure:14352: result: just compiled
configure:14371: checking where to find the target lipo
configure:14397: result: pre-installed
configure:14402: checking where to find the target nm
configure:14425: result: just compiled
configure:14444: checking where to find the target objcopy
configure:14467: result: just compiled
configure:14486: checking where to find the target objdump
configure:14509: result: just compiled
configure:14528: checking where to find the target ranlib
configure:14551: result: just compiled
configure:14570: checking where to find the target readelf
configure:14593: result: just compiled
configure:14612: checking where to find the target strip
configure:14635: result: just compiled
configure:14654: checking where to find the target windres
configure:14677: result: just compiled
configure:14696: checking where to find the target windmc
configure:14719: result: just compiled
configure:14766: checking whether to enable maintainer-specific portions of Makefiles
configure:14775: result: no
configure:15010: creating ./config.status

## ---------------------- ##
## Running config.status. ##
## ---------------------- ##

This file was extended by config.status, which was
generated by GNU Autoconf 2.69.  Invocation command line was

  CONFIG_FILES    = 
  CONFIG_HEADERS  = 
  CONFIG_LINKS    = 
  CONFIG_COMMANDS = 
  $ ./config.status 

on Anshul-UbuntuVM

config.status:996: creating Makefile

## ---------------- ##
## Cache variables. ##
## ---------------- ##

ac_cv_build=x86_64-pc-linux-gnu
ac_cv_c_compiler_gnu=yes
ac_cv_cxx_compiler_gnu=yes
ac_cv_env_AR_FOR_TARGET_set=
ac_cv_env_AR_FOR_TARGET_value=
ac_cv_env_AR_set=set
ac_cv_env_AR_value=/usr/bin/ar
ac_cv_env_AS_FOR_TARGET_set=
ac_cv_env_AS_FOR_TARGET_value=
ac_cv_env_AS_set=set
ac_cv_env_AS_value=/usr/bin/as
ac_cv_env_CCC_set=
ac_cv_env_CCC_value=
ac_cv_env_CC_FOR_TARGET_set=
ac_cv_env_CC_FOR_TARGET_value=
ac_cv_env_CC_set=set
ac_cv_env_CC_value=/usr/bin/gcc
ac_cv_env_CFLAGS_set=set
ac_cv_env_CFLAGS_value='-O2 -I/home/anshul/aesd/FinalProject_Buildroot_Client/assignment-5-Anshul-99/buildroot/output/host/include'
ac_cv_env_CPPFLAGS_set=set
ac_cv_env_CPPFLAGS_value=-I/home/anshul/aesd/FinalProject_Buildroot_Client/assignment-5-Anshul-99/buildroot/output/host/include
ac_cv_env_CXXFLAGS_set=set
ac_cv_env_CXXFLAGS_value='-O2 -I/home/anshul/aesd/FinalProject_Buildroot_Client/assignment-5-Anshul-99/buildroot/output/host/include'
ac_cv_env_CXX_FOR_TARGET_set=
ac_cv_env_CXX_FOR_TARGET_value=
ac_cv_env_CXX_set=set
ac_cv_env_CXX_value=/usr/bin/g++
ac_cv_env_DLLTOOL_FOR_TARGET_set=
ac_cv_env_DLLTOOL_FOR_TARGET_value=
ac_cv_env_DLLTOOL_set=
ac_cv_env_DLLTOOL_value=
ac_cv_env_GCC_FOR_TARGET_set=
ac_cv_env_GCC_FOR_TARGET_value=
ac_cv_env_GFORTRAN_FOR_TARGET_set=
ac_cv_env_GFORTRAN_FOR_TARGET_value=
ac_cv_env_GOC_FOR_TARGET_set=
ac_cv_env_GOC_FOR_TARGET_value=
ac_cv_env_LDFLAGS_set=set
ac_cv_env_LDFLAGS_value='-L/home/anshul/aesd/FinalProject_Buildroot_Client/assignment-5-Anshul-99/buildroot/output/host/lib -Wl,-rpath,/home/anshul/aesd/FinalProject_Buildroot_Client/assignment-5-Anshul-99/buildroot/output/host/lib'
ac_cv_env_LD_FOR_TARGET_set=
ac_cv_env_LD_FOR_TARGET_value=
ac_cv_env_LD_set=set
ac_cv_env_LD_value=/usr/bin/ld
ac_cv_env_LIBS_set=
ac_cv_env_LIBS_value=
ac_cv_env_LIPO_FOR_TARGET_set=
ac_cv_env_LIPO_FOR_TARGET_value=
ac_cv_env_LIPO_set=
ac_cv_env_LIPO_value=
ac_cv_env_NM_FOR_TARGET_set=
ac_cv_env_NM_FOR_TARGET_value=
ac_cv_env_NM_set=set
ac_cv_env_NM_value=/usr/bin/nm
ac_cv_env_OBJCOPY_FOR_TARGET_set=
ac_cv_env_OBJCOPY_FOR_TARGET_value=
ac_cv_env_OBJCOPY_set=set
ac_cv_env_OBJCOPY_value=/usr/bin/objcopy
ac_cv_env_OBJDUMP_FOR_TARGET_set=
ac_cv_env_OBJDUMP_FOR_TARGET_value=
ac_cv_env_OBJDUMP_set=
ac_cv_env_OBJDUMP_value=
ac_cv_env_RANLIB_FOR_TARGET_set=
ac_cv_env_RANLIB_FOR_TARGET_value=
ac_cv_env_RANLIB_set=set
ac_cv_env_RANLIB_value=/usr/bin/ranlib
ac_cv_env_READELF_FOR_TARGET_set=
ac_cv_env_READELF_FOR_TARGET_value=
ac_cv_env_READELF_set=
ac_cv_env_READELF_value=
ac_cv_env_STRIP_FOR_TARGET_set=
ac_cv_env_STRIP_FOR_TARGET_value=
ac_cv_env_STRIP_set=
ac_cv_env_STRIP_value=
ac_cv_env_WINDMC_FOR_TARGET_set=
ac_cv_env_WINDMC_FOR_TARGET_value=
ac_cv_env_WINDMC_set=
ac_cv_env_WINDMC_value=
ac_cv_env_WINDRES_FOR_TARGET_set=
ac_cv_env_WINDRES_FOR_TARGET_value=
ac_cv_env_WINDRES_set=
ac_cv_env_WINDRES_value=
ac_cv_env_build_alias_set=
ac_cv_env_build_alias_value=
ac_cv_env_build_configargs_set=
ac_cv_env_build_configargs_value=
ac_cv_env_host_alias_set=
ac_cv_env_host_alias_value=
ac_cv_env_host_configargs_set=
ac_cv_env_host_configargs_value=
ac_cv_env_target_alias_set=set
ac_cv_env_target_alias_value=arm-buildroot-linux-uclibcgnueabihf
ac_cv_env_target_configargs_set=
ac_cv_env_target_configargs_value=
ac_cv_host=x86_64-pc-linux-gnu
ac_cv_objext=o
ac_cv_path_SED=/usr/bin/sed
ac_cv_path_install='/usr/bin/install -c'
ac_cv_prog_AR=/usr/bin/ar
ac_cv_prog_AS=/usr/bin/as
ac_cv_prog_AWK=gawk
ac_cv_prog_BISON=bison
ac_cv_prog_FLEX=flex
ac_cv_prog_LD=/usr/bin/ld
ac_cv_prog_LEX=flex
ac_cv_prog_M4=m4
ac_cv_prog_MAKEINFO=true
ac_cv_prog_NM=/usr/bin/nm
ac_cv_prog_OBJCOPY=/usr/bin/objcopy
ac_cv_prog_OBJDUMP=objdump
ac_cv_prog_RANLIB=/usr/bin/ranlib
ac_cv_prog_READELF=readelf
ac_cv_prog_STRIP=strip
ac_cv_prog_YACC='bison -y'
ac_cv_prog_ac_ct_CC=/usr/bin/gcc
ac_cv_prog_cc_c89=
ac_cv_prog_cc_g=yes
ac_cv_prog_cxx_g=yes
ac_cv_target=arm-buildroot-linux-uclibcgnueabihf
acx_cv_cc_gcc_supports_ada=no
acx_cv_prog_LN=ln
gcc_cv_isl=no
gcc_cv_prog_cmp_skip='cmp --ignore-initial=16 $$f1 $$f2'
gcc_cv_tool_dirs=
gcc_cv_tool_prefix=/home/anshul/aesd/FinalProject_Buildroot_Client/assignment-5-Anshul-99/buildroot/output/host
lt_cv_objdir=.libs

## ----------------- ##
## Output variables. ##
## ----------------- ##

AR='/usr/bin/ar'
AR_FOR_BUILD='$(AR)'
AR_FOR_TARGET='$$r/$(HOST_SUBDIR)/binutils/ar'
AS='/usr/bin/as'
AS_FOR_BUILD='$(AS)'
AS_FOR_TARGET='$$r/$(HOST_SUBDIR)/gas/as-new'
AWK='gawk'
BISON='bison'
BUILD_CONFIG=''
CC='/usr/bin/gcc'
CC_FOR_BUILD='$(CC)'
CC_FOR_TARGET='arm-buildroot-linux-uclibcgnueabihf-cc'
CFLAGS='-O2 -I/home/anshul/aesd/FinalProject_Buildroot_Client/assignment-5-Anshul-99/buildroot/output/host/include'
CFLAGS_FOR_BUILD='-O2 -I/home/anshul/aesd/FinalProject_Buildroot_Client/assignment-5-Anshul-99/buildroot/output/host/include'
CFLAGS_FOR_TARGET='-g -O2'
COMPILER_AS_FOR_TARGET='$(AS_FOR_TARGET)'
COMPILER_LD_FOR_TARGET='$(LD_FOR_TARGET)'
COMPILER_NM_FOR_TARGET='$(NM_FOR_TARGET)'
CONFIGURE_GDB_TK=''
CPPFLAGS='-I/home/anshul/aesd/FinalProject_Buildroot_Client/assignment-5-Anshul-99/buildroot/output/host/include'
CXX='/usr/bin/g++'
CXXFLAGS='-O2 -I/home/anshul/aesd/FinalProject_Buildroot_Client/assignment-5-Anshul-99/buildroot/output/host/include'
CXXFLAGS_FOR_BUILD='-O2 -I/home/anshul/aesd/FinalProject_Buildroot_Client/assignment-5-Anshul-99/buildroot/output/host/include'
CXXFLAGS_FOR_TARGET='-g -O2'
CXX_FOR_BUILD='$(CXX)'
CXX_FOR_TARGET='arm-buildroot-linux-uclibcgnueabihf-c++'
DEBUG_PREFIX_CFLAGS_FOR_TARGET=''
DEFS='-DPACKAGE_NAME=\"\" -DPACKAGE_TARNAME=\"\" -DPACKAGE_VERSION=\"\" -DPACKAGE_STRING=\"\" -DPACKAGE_BUGREPORT=\"\" -DPACKAGE_URL=\"\" -DLT_OBJDIR=\".libs/\"'
DLLTOOL='dlltool'
DLLTOOL_FOR_BUILD='$(DLLTOOL)'
DLLTOOL_FOR_TARGET='$$r/$(HOST_SUBDIR)/binutils/dlltool'
ECHO_C=''
ECHO_N='-n'
ECHO_T=''
EXEEXT=''
EXPECT='expect'
FLAGS_FOR_TARGET=' -L$$r/$(HOST_SUBDIR)/ld'
FLEX='flex'
GCC_FOR_TARGET='arm-buildroot-linux-uclibcgnueabihf-gcc'
GCC_SHLIB_SUBDIR=''
GDB_TK=''
GFORTRAN_FOR_BUILD='$(GFORTRAN)'
GFORTRAN_FOR_TARGET='arm-buildroot-linux-uclibcgnueabihf-gfortran'
GNATBIND='no'
GNATMAKE='no'
GOC_FOR_BUILD='$(GOC)'
GOC_FOR_TARGET='arm-buildroot-linux-uclibcgnueabihf-gccgo'
INSTALL_DATA='${INSTALL} -m 644'
INSTALL_GDB_TK=''
INSTALL_PROGRAM='${INSTALL}'
INSTALL_SCRIPT='${INSTALL}'
LD='/usr/bin/ld'
LDFLAGS='-L/home/anshul/aesd/FinalProject_Buildroot_Client/assignment-5-Anshul-99/buildroot/output/host/lib -Wl,-rpath,/home/anshul/aesd/FinalProject_Buildroot_Client/assignment-5-Anshul-99/buildroot/output/host/lib'
LDFLAGS_FOR_BUILD='-L/home/anshul/aesd/FinalProject_Buildroot_Client/assignment-5-Anshul-99/buildroot/output/host/lib -Wl,-rpath,/home/anshul/aesd/FinalProject_Buildroot_Client/assignment-5-Anshul-99/buildroot/output/host/lib'
LDFLAGS_FOR_TARGET=''
LD_FOR_BUILD='$(LD)'
LD_FOR_TARGET='$$r/$(HOST_SUBDIR)/ld/ld-new'
LEX='flex'
LIBDEBUGINFOD=''
LIBOBJS=''
LIBS=''
LIPO='lipo'
LIPO_FOR_TARGET='arm-buildroot-linux-uclibcgnueabihf-lipo'
LN='ln'
LN_S='ln -s'
LTLIBOBJS=''
M4='m4'
MAINT='#'
MAINTAINER_MODE_FALSE=''
MAINTAINER_MODE_TRUE='#'
MAKEINFO='/home/anshul/aesd/FinalProject_Buildroot_Client/assignment-5-Anshul-99/buildroot/output/build/host-binutils-2.35.2/missing makeinfo'
NM='/usr/bin/nm'
NM_FOR_BUILD='$(NM)'
NM_FOR_TARGET='$$r/$(HOST_SUBDIR)/binutils/nm-new'
OBJCOPY='/usr/bin/objcopy'
OBJCOPY_FOR_TARGET='$$r/$(HOST_SUBDIR)/binutils/objcopy'
OBJDUMP='objdump'
OBJDUMP_FOR_TARGET='$$r/$(HOST_SUBDIR)/binutils/objdump'
OBJEXT='o'
PACKAGE_BUGREPORT=''
PACKAGE_NAME=''
PACKAGE_STRING=''
PACKAGE_TARNAME=''
PACKAGE_URL=''
PACKAGE_VERSION=''
PATH_SEPARATOR=':'
RANLIB='/usr/bin/ranlib'
RANLIB_FOR_BUILD='$(RANLIB)'
RANLIB_FOR_TARGET='$$r/$(HOST_SUBDIR)/binutils/ranlib'
RAW_CXX_FOR_TARGET='arm-buildroot-linux-uclibcgnueabihf-c++'
READELF='readelf'
READELF_FOR_TARGET='$$r/$(HOST_SUBDIR)/binutils/readelf'
RPATH_ENVVAR='LD_LIBRARY_PATH'
RUNTEST='runtest'
SED='/usr/bin/sed'
SHELL='/bin/bash'
STRIP='strip'
STRIP_FOR_TARGET='$$r/$(HOST_SUBDIR)/binutils/strip-new'
SYSROOT_CFLAGS_FOR_TARGET=''
TOPLEVEL_CONFIGURE_ARGUMENTS='./configure --prefix=/home/anshul/aesd/FinalProject_Buildroot_Client/assignment-5-Anshul-99/buildroot/output/host --sysconfdir=/home/anshul/aesd/FinalProject_Buildroot_Client/assignment-5-Anshul-99/buildroot/output/host/etc --localstatedir=/home/anshul/aesd/FinalProject_Buildroot_Client/assignment-5-Anshul-99/buildroot/output/host/var --enable-shared --disable-static --disable-gtk-doc --disable-gtk-doc-html --disable-doc --disable-docs --disable-documentation --disable-debug --with-xmlto=no --with-fop=no --disable-nls --disable-dependency-tracking --disable-multilib --disable-werror --target=arm-buildroot-linux-uclibcgnueabihf --disable-shared --enable-static --with-sysroot=/home/anshul/aesd/FinalProject_Buildroot_Client/assignment-5-Anshul-99/buildroot/output/host/arm-buildroot-linux-uclibcgnueabihf/sysroot --enable-poison-system-directories --without-debuginfod --disable-sim --disable-gdb'
WINDMC='windmc'
WINDMC_FOR_BUILD='$(WINDMC)'
WINDMC_FOR_TARGET='$$r/$(HOST_SUBDIR)/binutils/windmc'
WINDRES='windres'
WINDRES_FOR_BUILD='$(WINDRES)'
WINDRES_FOR_TARGET='$$r/$(HOST_SUBDIR)/binutils/windres'
YACC='bison -y'
ac_ct_CC='/usr/bin/gcc'
ac_ct_CXX=''
bindir='${exec_prefix}/bin'
build='x86_64-pc-linux-gnu'
build_alias=''
build_configargs=' --cache-file=./config.cache '\''--prefix=/home/anshul/aesd/FinalProject_Buildroot_Client/assignment-5-Anshul-99/buildroot/output/host'\'' '\''--sysconfdir=/home/anshul/aesd/FinalProject_Buildroot_Client/assignment-5-Anshul-99/buildroot/output/host/etc'\'' '\''--localstatedir=/home/anshul/aesd/FinalProject_Buildroot_Client/assignment-5-Anshul-99/buildroot/output/host/var'\'' '\''--enable-shared'\'' '\''--disable-static'\'' '\''--disable-gtk-doc'\'' '\''--disable-gtk-doc-html'\'' '\''--disable-doc'\'' '\''--disable-docs'\'' '\''--disable-documentation'\'' '\''--disable-debug'\'' '\''--with-xmlto=no'\'' '\''--with-fop=no'\'' '\''--disable-nls'\'' '\''--disable-dependency-tracking'\'' '\''--disable-multilib'\'' '\''--disable-werror'\'' '\''--disable-shared'\'' '\''--enable-static'\'' '\''--with-sysroot=/home/anshul/aesd/FinalProject_Buildroot_Client/assignment-5-Anshul-99/buildroot/output/host/arm-buildroot-linux-uclibcgnueabihf/sysroot'\'' '\''--enable-poison-system-directories'\'' '\''--without-debuginfod'\'' '\''--disable-sim'\'' '\''--disable-gdb'\'' --program-transform-name='\''s&^&arm-buildroot-linux-uclibcgnueabihf-&'\'' --disable-option-checking'
build_configdirs=' libiberty'
build_cpu='x86_64'
build_libsubdir='build-x86_64-pc-linux-gnu'
build_noncanonical='x86_64-pc-linux-gnu'
build_os='linux-gnu'
build_subdir='build-x86_64-pc-linux-gnu'
build_tooldir='${exec_prefix}/arm-buildroot-linux-uclibcgnueabihf'
build_vendor='pc'
compare_exclusions='gcc/cc*-checksum$(objext) | gcc/ada/*tools/*'
configdirs=' intl libiberty opcodes bfd zlib libctf binutils gas ld gprof etc'
datadir='${datarootdir}'
datarootdir='${prefix}/share'
do_compare='cmp --ignore-initial=16 $$f1 $$f2'
docdir='${datarootdir}/doc/${PACKAGE}'
dvidir='${docdir}'
exec_prefix='${prefix}'
extra_host_libiberty_configure_flags=''
extra_host_zlib_configure_flags=''
extra_isl_gmp_configure_flags=''
extra_liboffloadmic_configure_flags=''
extra_linker_plugin_configure_flags=''
extra_linker_plugin_flags=''
extra_mpc_gmp_configure_flags=''
extra_mpc_mpfr_configure_flags=''
extra_mpfr_configure_flags=''
get_gcc_base_ver='cat'
gmpinc=''
gmplibs='-lmpc -lmpfr -lgmp'
host='x86_64-pc-linux-gnu'
host_alias=''
host_configargs=' --cache-file=./config.cache  --with-gnu-as --with-gnu-ld '\''--prefix=/home/anshul/aesd/FinalProject_Buildroot_Client/assignment-5-Anshul-99/buildroot/output/host'\'' '\''--sysconfdir=/home/anshul/aesd/FinalProject_Buildroot_Client/assignment-5-Anshul-99/buildroot/output/host/etc'\'' '\''--localstatedir=/home/anshul/aesd/FinalProject_Buildroot_Client/assignment-5-Anshul-99/buildroot/output/host/var'\'' '\''--enable-shared'\'' '\''--disable-static'\'' '\''--disable-gtk-doc'\'' '\''--disable-gtk-doc-html'\'' '\''--disable-doc'\'' '\''--disable-docs'\'' '\''--disable-documentation'\'' '\''--disable-debug'\'' '\''--with-xmlto=no'\'' '\''--with-fop=no'\'' '\''--disable-nls'\'' '\''--disable-dependency-tracking'\'' '\''--disable-multilib'\'' '\''--disable-werror'\'' '\''--disable-shared'\'' '\''--enable-static'\'' '\''--with-sysroot=/home/anshul/aesd/FinalProject_Buildroot_Client/assignment-5-Anshul-99/buildroot/output/host/arm-buildroot-linux-uclibcgnueabihf/sysroot'\'' '\''--enable-poison-system-directories'\'' '\''--without-debuginfod'\'' '\''--disable-sim'\'' '\''--disable-gdb'\'' --program-transform-name='\''s&^&arm-buildroot-linux-uclibcgnueabihf-&'\'' --disable-option-checking'
host_cpu='x86_64'
host_noncanonical='x86_64-pc-linux-gnu'
host_os='linux-gnu'
host_shared='no'
host_subdir='.'
host_vendor='pc'
htmldir='${docdir}'
includedir='${prefix}/include'
infodir='${datarootdir}/info'
islinc=''
isllibs=''
libdir='${exec_prefix}/lib'
libexecdir='${exec_prefix}/libexec'
localedir='${datarootdir}/locale'
localstatedir='/home/anshul/aesd/FinalProject_Buildroot_Client/assignment-5-Anshul-99/buildroot/output/host/var'
mandir='${datarootdir}/man'
oldincludedir='/usr/include'
pdfdir='${docdir}'
poststage1_ldflags='-static-libstdc++ -static-libgcc'
poststage1_libs=''
prefix='/home/anshul/aesd/FinalProject_Buildroot_Client/assignment-5-Anshul-99/buildroot/output/host'
program_transform_name='s&^&arm-buildroot-linux-uclibcgnueabihf-&'
psdir='${docdir}'
sbindir='${exec_prefix}/sbin'
sharedstatedir='${prefix}/com'
stage1_cflags='-g'
stage1_checking='--enable-checking=yes,types'
stage1_languages=',c,'
stage1_ldflags=''
stage1_libs=''
stage2_werror_flag=''
sysconfdir='/home/anshul/aesd/FinalProject_Buildroot_Client/assignment-5-Anshul-99/buildroot/output/host/etc'
target='arm-buildroot-linux-uclibcgnueabihf'
target_alias='arm-buildroot-linux-uclibcgnueabihf'
target_configargs='--cache-file=./config.cache --with-cross-host=x86_64-pc-linux-gnu   '\''--prefix=/home/anshul/aesd/FinalProject_Buildroot_Client/assignment-5-Anshul-99/buildroot/output/host'\'' '\''--sysconfdir=/home/anshul/aesd/FinalProject_Buildroot_Client/assignment-5-Anshul-99/buildroot/output/host/etc'\'' '\''--localstatedir=/home/anshul/aesd/FinalProject_Buildroot_Client/assignment-5-Anshul-99/buildroot/output/host/var'\'' '\''--enable-shared'\'' '\''--disable-static'\'' '\''--disable-gtk-doc'\'' '\''--disable-gtk-doc-html'\'' '\''--disable-doc'\'' '\''--disable-docs'\'' '\''--disable-documentation'\'' '\''--disable-debug'\'' '\''--with-xmlto=no'\'' '\''--with-fop=no'\'' '\''--disable-nls'\'' '\''--disable-dependency-tracking'\'' '\''--disable-multilib'\'' '\''--disable-werror'\'' '\''--disable-shared'\'' '\''--enable-static'\'' '\''--with-sysroot=/home/anshul/aesd/FinalProject_Buildroot_Client/assignment-5-Anshul-99/buildroot/output/host/arm-buildroot-linux-uclibcgnueabihf/sysroot'\'' '\''--enable-poison-system-directories'\'' '\''--without-debuginfod'\'' '\''--disable-sim'\'' '\''--disable-gdb'\'' --program-transform-name='\''s&^&arm-buildroot-linux-uclibcgnueabihf-&'\'' --disable-option-checking'
target_configdirs=''
target_cpu='arm'
target_noncanonical='arm-buildroot-linux-uclibcgnueabihf'
target_os='linux-uclibcgnueabihf'
target_subdir='arm-buildroot-linux-uclibcgnueabihf'
target_vendor='buildroot'
tooldir='${exec_prefix}/arm-buildroot-linux-uclibcgnueabihf'

## ------------------- ##
## File substitutions. ##
## ------------------- ##

alphaieee_frag='/dev/null'
host_makefile_frag='/dev/null'
ospace_frag='/dev/null'
serialization_dependencies='serdep.tmp'
target_makefile_frag='./config/mt-gnu'

## ----------- ##
## confdefs.h. ##
## ----------- ##

/* confdefs.h */
#define PACKAGE_NAME ""
#define PACKAGE_TARNAME ""
#define PACKAGE_VERSION ""
#define PACKAGE_STRING ""
#define PACKAGE_BUGREPORT ""
#define PACKAGE_URL ""
#define LT_OBJDIR ".libs/"

configure: exit 0
