This file contains any messages produced by compilers while
running configure, to aid debugging if configure makes a mistake.

It was created by attr configure 2.4.48, which was
generated by GNU Autoconf 2.69.  Invocation command line was

  $ ./configure --prefix=/home/anshul/aesd/FinalProject_Buildroot_Client/assignment-5-Anshul-99/buildroot/output/host --sysconfdir=/home/anshul/aesd/FinalProject_Buildroot_Client/assignment-5-Anshul-99/buildroot/output/host/etc --localstatedir=/home/anshul/aesd/FinalProject_Buildroot_Client/assignment-5-Anshul-99/buildroot/output/host/var --enable-shared --disable-static --disable-gtk-doc --disable-gtk-doc-html --disable-doc --disable-docs --disable-documentation --disable-debug --with-xmlto=no --with-fop=no --disable-nls --disable-dependency-tracking

## --------- ##
## Platform. ##
## --------- ##

hostname = Anshul-UbuntuVM
uname -m = x86_64
uname -r = 5.13.0-39-generic
uname -s = Linux
uname -v = #44~20.04.1-Ubuntu SMP Thu Mar 24 16:43:35 UTC 2022

/usr/bin/uname -p = x86_64
/bin/uname -X     = unknown

/bin/arch              = x86_64
/usr/bin/arch -k       = unknown
/usr/convex/getsysinfo = unknown
/usr/bin/hostinfo      = unknown
/bin/machine           = unknown
/usr/bin/oslevel       = unknown
/bin/universe          = unknown

PATH: /home/anshul/aesd/FinalProject_Buildroot_Client/assignment-5-Anshul-99/buildroot/output/host/bin
PATH: /home/anshul/aesd/FinalProject_Buildroot_Client/assignment-5-Anshul-99/buildroot/output/host/sbin
PATH: /home/anshul/bin
PATH: /usr/local/sbin
PATH: /usr/local/bin
PATH: /usr/sbin
PATH: /usr/bin
PATH: /sbin
PATH: /bin
PATH: /usr/games
PATH: /usr/local/games
PATH: /snap/bin


## ----------- ##
## Core tests. ##
## ----------- ##

configure:2347: checking for a BSD-compatible install
configure:2415: result: /usr/bin/install -c
configure:2426: checking whether build environment is sane
configure:2481: result: yes
configure:2630: checking for a thread-safe mkdir -p
configure:2669: result: /usr/bin/mkdir -p
configure:2676: checking for gawk
configure:2692: found /usr/bin/gawk
configure:2703: result: gawk
configure:2714: checking whether make sets $(MAKE)
configure:2736: result: yes
configure:2765: checking whether make supports nested variables
configure:2782: result: yes
configure:2919: checking whether make supports nested variables
configure:2936: result: yes
configure:2996: checking for gcc
configure:3023: result: /usr/bin/gcc
configure:3252: checking for C compiler version
configure:3261: /usr/bin/gcc --version >&5
gcc (Ubuntu 9.4.0-1ubuntu1~20.04.1) 9.4.0
Copyright (C) 2019 Free Software Foundation, Inc.
This is free software; see the source for copying conditions.  There is NO
warranty; not even for MERCHANTABILITY or FITNESS FOR A PARTICULAR PURPOSE.

configure:3272: $? = 0
configure:3261: /usr/bin/gcc -v >&5
Using built-in specs.
COLLECT_GCC=/usr/bin/gcc
COLLECT_LTO_WRAPPER=/usr/lib/gcc/x86_64-linux-gnu/9/lto-wrapper
OFFLOAD_TARGET_NAMES=nvptx-none:hsa
OFFLOAD_TARGET_DEFAULT=1
Target: x86_64-linux-gnu
Configured with: ../src/configure -v --with-pkgversion='Ubuntu 9.4.0-1ubuntu1~20.04.1' --with-bugurl=file:///usr/share/doc/gcc-9/README.Bugs --enable-languages=c,ada,c++,go,brig,d,fortran,objc,obj-c++,gm2 --prefix=/usr --with-gcc-major-version-only --program-suffix=-9 --program-prefix=x86_64-linux-gnu- --enable-shared --enable-linker-build-id --libexecdir=/usr/lib --without-included-gettext --enable-threads=posix --libdir=/usr/lib --enable-nls --enable-clocale=gnu --enable-libstdcxx-debug --enable-libstdcxx-time=yes --with-default-libstdcxx-abi=new --enable-gnu-unique-object --disable-vtable-verify --enable-plugin --enable-default-pie --with-system-zlib --with-target-system-zlib=auto --enable-objc-gc=auto --enable-multiarch --disable-werror --with-arch-32=i686 --with-abi=m64 --with-multilib-list=m32,m64,mx32 --enable-multilib --with-tune=generic --enable-offload-targets=nvptx-none=/build/gcc-9-Av3uEd/gcc-9-9.4.0/debian/tmp-nvptx/usr,hsa --without-cuda-driver --enable-checking=release --build=x86_64-linux-gnu --host=x86_64-linux-gnu --target=x86_64-linux-gnu
Thread model: posix
gcc version 9.4.0 (Ubuntu 9.4.0-1ubuntu1~20.04.1) 
configure:3272: $? = 0
configure:3261: /usr/bin/gcc -V >&5
gcc: error: unrecognized command line option '-V'
gcc: fatal error: no input files
compilation terminated.
configure:3272: $? = 1
configure:3261: /usr/bin/gcc -qversion >&5
gcc: error: unrecognized command line option '-qversion'; did you mean '--version'?
gcc: fatal error: no input files
compilation terminated.
configure:3272: $? = 1
configure:3292: checking whether the C compiler works
configure:3314: /usr/bin/gcc -O2 -I/home/anshul/aesd/FinalProject_Buildroot_Client/assignment-5-Anshul-99/buildroot/output/host/include -I/home/anshul/aesd/FinalProject_Buildroot_Client/assignment-5-Anshul-99/buildroot/output/host/include -L/home/anshul/aesd/FinalProject_Buildroot_Client/assignment-5-Anshul-99/buildroot/output/host/lib -Wl,-rpath,/home/anshul/aesd/FinalProject_Buildroot_Client/assignment-5-Anshul-99/buildroot/output/host/lib conftest.c  >&5
configure:3318: $? = 0
configure:3366: result: yes
configure:3369: checking for C compiler default output file name
configure:3371: result: a.out
configure:3377: checking for suffix of executables
configure:3384: /usr/bin/gcc -o conftest -O2 -I/home/anshul/aesd/FinalProject_Buildroot_Client/assignment-5-Anshul-99/buildroot/output/host/include -I/home/anshul/aesd/FinalProject_Buildroot_Client/assignment-5-Anshul-99/buildroot/output/host/include -L/home/anshul/aesd/FinalProject_Buildroot_Client/assignment-5-Anshul-99/buildroot/output/host/lib -Wl,-rpath,/home/anshul/aesd/FinalProject_Buildroot_Client/assignment-5-Anshul-99/buildroot/output/host/lib conftest.c  >&5
configure:3388: $? = 0
configure:3410: result: 
configure:3432: checking whether we are cross compiling
configure:3440: /usr/bin/gcc -o conftest -O2 -I/home/anshul/aesd/FinalProject_Buildroot_Client/assignment-5-Anshul-99/buildroot/output/host/include -I/home/anshul/aesd/FinalProject_Buildroot_Client/assignment-5-Anshul-99/buildroot/output/host/include -L/home/anshul/aesd/FinalProject_Buildroot_Client/assignment-5-Anshul-99/buildroot/output/host/lib -Wl,-rpath,/home/anshul/aesd/FinalProject_Buildroot_Client/assignment-5-Anshul-99/buildroot/output/host/lib conftest.c  >&5
configure:3444: $? = 0
configure:3451: ./conftest
configure:3455: $? = 0
configure:3443: result: no
configure:3448: checking for suffix of object files
configure:3470: /usr/bin/gcc -c -O2 -I/home/anshul/aesd/FinalProject_Buildroot_Client/assignment-5-Anshul-99/buildroot/output/host/include -I/home/anshul/aesd/FinalProject_Buildroot_Client/assignment-5-Anshul-99/buildroot/output/host/include conftest.c >&5
configure:3474: $? = 0
configure:3495: result: o
configure:3499: checking whether we are using the GNU C compiler
configure:3518: /usr/bin/gcc -c -O2 -I/home/anshul/aesd/FinalProject_Buildroot_Client/assignment-5-Anshul-99/buildroot/output/host/include -I/home/anshul/aesd/FinalProject_Buildroot_Client/assignment-5-Anshul-99/buildroot/output/host/include conftest.c >&5
configure:3518: $? = 0
configure:3527: result: yes
configure:3536: checking whether /usr/bin/gcc accepts -g
configure:3556: /usr/bin/gcc -c -g -I/home/anshul/aesd/FinalProject_Buildroot_Client/assignment-5-Anshul-99/buildroot/output/host/include conftest.c >&5
configure:3556: $? = 0
configure:3597: result: yes
configure:3614: checking for /usr/bin/gcc option to accept ISO C89
configure:3677: /usr/bin/gcc  -c -O2 -I/home/anshul/aesd/FinalProject_Buildroot_Client/assignment-5-Anshul-99/buildroot/output/host/include -I/home/anshul/aesd/FinalProject_Buildroot_Client/assignment-5-Anshul-99/buildroot/output/host/include conftest.c >&5
configure:3677: $? = 0
configure:3690: result: none needed
configure:3715: checking whether /usr/bin/gcc understands -c and -o together
configure:3737: /usr/bin/gcc -c conftest.c -o conftest2.o
configure:3740: $? = 0
configure:3737: /usr/bin/gcc -c conftest.c -o conftest2.o
configure:3740: $? = 0
configure:3752: result: yes
configure:3780: checking for style of include used by make
configure:3808: result: GNU
configure:3834: checking dependency style of /usr/bin/gcc
configure:3945: result: none
configure:3967: checking how to run the C preprocessor
configure:4037: result: /usr/bin/cpp
configure:4057: /usr/bin/cpp -I/home/anshul/aesd/FinalProject_Buildroot_Client/assignment-5-Anshul-99/buildroot/output/host/include conftest.c
configure:4057: $? = 0
configure:4071: /usr/bin/cpp -I/home/anshul/aesd/FinalProject_Buildroot_Client/assignment-5-Anshul-99/buildroot/output/host/include conftest.c
conftest.c:11:10: fatal error: ac_nonexistent.h: No such file or directory
   11 | #include <ac_nonexistent.h>
      |          ^~~~~~~~~~~~~~~~~~
compilation terminated.
configure:4071: $? = 1
configure: failed program was:
| /* confdefs.h */
| #define PACKAGE_NAME "attr"
| #define PACKAGE_TARNAME "attr"
| #define PACKAGE_VERSION "2.4.48"
| #define PACKAGE_STRING "attr 2.4.48"
| #define PACKAGE_BUGREPORT "acl-devel@nongnu.org"
| #define PACKAGE_URL ""
| #define PACKAGE "attr"
| #define VERSION "2.4.48"
| /* end confdefs.h.  */
| #include <ac_nonexistent.h>
configure:4100: checking for grep that handles long lines and -e
configure:4158: result: /usr/bin/grep
configure:4163: checking for egrep
configure:4225: result: /usr/bin/grep -E
configure:4230: checking for ANSI C header files
configure:4250: /usr/bin/gcc -c -O2 -I/home/anshul/aesd/FinalProject_Buildroot_Client/assignment-5-Anshul-99/buildroot/output/host/include -I/home/anshul/aesd/FinalProject_Buildroot_Client/assignment-5-Anshul-99/buildroot/output/host/include conftest.c >&5
configure:4250: $? = 0
configure:4323: /usr/bin/gcc -o conftest -O2 -I/home/anshul/aesd/FinalProject_Buildroot_Client/assignment-5-Anshul-99/buildroot/output/host/include -I/home/anshul/aesd/FinalProject_Buildroot_Client/assignment-5-Anshul-99/buildroot/output/host/include -L/home/anshul/aesd/FinalProject_Buildroot_Client/assignment-5-Anshul-99/buildroot/output/host/lib -Wl,-rpath,/home/anshul/aesd/FinalProject_Buildroot_Client/assignment-5-Anshul-99/buildroot/output/host/lib conftest.c  >&5
configure:4323: $? = 0
configure:4323: ./conftest
configure:4323: $? = 0
configure:4334: result: yes
configure:4347: checking for sys/types.h
configure:4347: /usr/bin/gcc -c -O2 -I/home/anshul/aesd/FinalProject_Buildroot_Client/assignment-5-Anshul-99/buildroot/output/host/include -I/home/anshul/aesd/FinalProject_Buildroot_Client/assignment-5-Anshul-99/buildroot/output/host/include conftest.c >&5
configure:4347: $? = 0
configure:4347: result: yes
configure:4347: checking for sys/stat.h
configure:4347: /usr/bin/gcc -c -O2 -I/home/anshul/aesd/FinalProject_Buildroot_Client/assignment-5-Anshul-99/buildroot/output/host/include -I/home/anshul/aesd/FinalProject_Buildroot_Client/assignment-5-Anshul-99/buildroot/output/host/include conftest.c >&5
configure:4347: $? = 0
configure:4347: result: yes
configure:4347: checking for stdlib.h
configure:4347: /usr/bin/gcc -c -O2 -I/home/anshul/aesd/FinalProject_Buildroot_Client/assignment-5-Anshul-99/buildroot/output/host/include -I/home/anshul/aesd/FinalProject_Buildroot_Client/assignment-5-Anshul-99/buildroot/output/host/include conftest.c >&5
configure:4347: $? = 0
configure:4347: result: yes
configure:4347: checking for string.h
configure:4347: /usr/bin/gcc -c -O2 -I/home/anshul/aesd/FinalProject_Buildroot_Client/assignment-5-Anshul-99/buildroot/output/host/include -I/home/anshul/aesd/FinalProject_Buildroot_Client/assignment-5-Anshul-99/buildroot/output/host/include conftest.c >&5
configure:4347: $? = 0
configure:4347: result: yes
configure:4347: checking for memory.h
configure:4347: /usr/bin/gcc -c -O2 -I/home/anshul/aesd/FinalProject_Buildroot_Client/assignment-5-Anshul-99/buildroot/output/host/include -I/home/anshul/aesd/FinalProject_Buildroot_Client/assignment-5-Anshul-99/buildroot/output/host/include conftest.c >&5
configure:4347: $? = 0
configure:4347: result: yes
configure:4347: checking for strings.h
configure:4347: /usr/bin/gcc -c -O2 -I/home/anshul/aesd/FinalProject_Buildroot_Client/assignment-5-Anshul-99/buildroot/output/host/include -I/home/anshul/aesd/FinalProject_Buildroot_Client/assignment-5-Anshul-99/buildroot/output/host/include conftest.c >&5
configure:4347: $? = 0
configure:4347: result: yes
configure:4347: checking for inttypes.h
configure:4347: /usr/bin/gcc -c -O2 -I/home/anshul/aesd/FinalProject_Buildroot_Client/assignment-5-Anshul-99/buildroot/output/host/include -I/home/anshul/aesd/FinalProject_Buildroot_Client/assignment-5-Anshul-99/buildroot/output/host/include conftest.c >&5
configure:4347: $? = 0
configure:4347: result: yes
configure:4347: checking for stdint.h
configure:4347: /usr/bin/gcc -c -O2 -I/home/anshul/aesd/FinalProject_Buildroot_Client/assignment-5-Anshul-99/buildroot/output/host/include -I/home/anshul/aesd/FinalProject_Buildroot_Client/assignment-5-Anshul-99/buildroot/output/host/include conftest.c >&5
configure:4347: $? = 0
configure:4347: result: yes
configure:4347: checking for unistd.h
configure:4347: /usr/bin/gcc -c -O2 -I/home/anshul/aesd/FinalProject_Buildroot_Client/assignment-5-Anshul-99/buildroot/output/host/include -I/home/anshul/aesd/FinalProject_Buildroot_Client/assignment-5-Anshul-99/buildroot/output/host/include conftest.c >&5
configure:4347: $? = 0
configure:4347: result: yes
configure:4360: checking minix/config.h usability
configure:4360: /usr/bin/gcc -c -O2 -I/home/anshul/aesd/FinalProject_Buildroot_Client/assignment-5-Anshul-99/buildroot/output/host/include -I/home/anshul/aesd/FinalProject_Buildroot_Client/assignment-5-Anshul-99/buildroot/output/host/include conftest.c >&5
conftest.c:54:10: fatal error: minix/config.h: No such file or directory
   54 | #include <minix/config.h>
      |          ^~~~~~~~~~~~~~~~
compilation terminated.
configure:4360: $? = 1
configure: failed program was:
| /* confdefs.h */
| #define PACKAGE_NAME "attr"
| #define PACKAGE_TARNAME "attr"
| #define PACKAGE_VERSION "2.4.48"
| #define PACKAGE_STRING "attr 2.4.48"
| #define PACKAGE_BUGREPORT "acl-devel@nongnu.org"
| #define PACKAGE_URL ""
| #define PACKAGE "attr"
| #define VERSION "2.4.48"
| #define STDC_HEADERS 1
| #define HAVE_SYS_TYPES_H 1
| #define HAVE_SYS_STAT_H 1
| #define HAVE_STDLIB_H 1
| #define HAVE_STRING_H 1
| #define HAVE_MEMORY_H 1
| #define HAVE_STRINGS_H 1
| #define HAVE_INTTYPES_H 1
| #define HAVE_STDINT_H 1
| #define HAVE_UNISTD_H 1
| /* end confdefs.h.  */
| #include <stdio.h>
| #ifdef HAVE_SYS_TYPES_H
| # include <sys/types.h>
| #endif
| #ifdef HAVE_SYS_STAT_H
| # include <sys/stat.h>
| #endif
| #ifdef STDC_HEADERS
| # include <stdlib.h>
| # include <stddef.h>
| #else
| # ifdef HAVE_STDLIB_H
| #  include <stdlib.h>
| # endif
| #endif
| #ifdef HAVE_STRING_H
| # if !defined STDC_HEADERS && defined HAVE_MEMORY_H
| #  include <memory.h>
| # endif
| # include <string.h>
| #endif
| #ifdef HAVE_STRINGS_H
| # include <strings.h>
| #endif
| #ifdef HAVE_INTTYPES_H
| # include <inttypes.h>
| #endif
| #ifdef HAVE_STDINT_H
| # include <stdint.h>
| #endif
| #ifdef HAVE_UNISTD_H
| # include <unistd.h>
| #endif
| #include <minix/config.h>
configure:4360: result: no
configure:4360: checking minix/config.h presence
configure:4360: /usr/bin/cpp -I/home/anshul/aesd/FinalProject_Buildroot_Client/assignment-5-Anshul-99/buildroot/output/host/include conftest.c
conftest.c:21:10: fatal error: minix/config.h: No such file or directory
   21 | #include <minix/config.h>
      |          ^~~~~~~~~~~~~~~~
compilation terminated.
configure:4360: $? = 1
configure: failed program was:
| /* confdefs.h */
| #define PACKAGE_NAME "attr"
| #define PACKAGE_TARNAME "attr"
| #define PACKAGE_VERSION "2.4.48"
| #define PACKAGE_STRING "attr 2.4.48"
| #define PACKAGE_BUGREPORT "acl-devel@nongnu.org"
| #define PACKAGE_URL ""
| #define PACKAGE "attr"
| #define VERSION "2.4.48"
| #define STDC_HEADERS 1
| #define HAVE_SYS_TYPES_H 1
| #define HAVE_SYS_STAT_H 1
| #define HAVE_STDLIB_H 1
| #define HAVE_STRING_H 1
| #define HAVE_MEMORY_H 1
| #define HAVE_STRINGS_H 1
| #define HAVE_INTTYPES_H 1
| #define HAVE_STDINT_H 1
| #define HAVE_UNISTD_H 1
| /* end confdefs.h.  */
| #include <minix/config.h>
configure:4360: result: no
configure:4360: checking for minix/config.h
configure:4360: result: no
configure:4381: checking whether it is safe to define __EXTENSIONS__
configure:4399: /usr/bin/gcc -c -O2 -I/home/anshul/aesd/FinalProject_Buildroot_Client/assignment-5-Anshul-99/buildroot/output/host/include -I/home/anshul/aesd/FinalProject_Buildroot_Client/assignment-5-Anshul-99/buildroot/output/host/include conftest.c >&5
configure:4399: $? = 0
configure:4406: result: yes
configure:4420: checking for an ANSI C-conforming const
configure:4486: /usr/bin/gcc -c -O2 -I/home/anshul/aesd/FinalProject_Buildroot_Client/assignment-5-Anshul-99/buildroot/output/host/include -I/home/anshul/aesd/FinalProject_Buildroot_Client/assignment-5-Anshul-99/buildroot/output/host/include conftest.c >&5
configure:4486: $? = 0
configure:4493: result: yes
configure:4501: checking for mode_t
configure:4501: /usr/bin/gcc -c -O2 -I/home/anshul/aesd/FinalProject_Buildroot_Client/assignment-5-Anshul-99/buildroot/output/host/include -I/home/anshul/aesd/FinalProject_Buildroot_Client/assignment-5-Anshul-99/buildroot/output/host/include conftest.c >&5
configure:4501: $? = 0
configure:4501: /usr/bin/gcc -c -O2 -I/home/anshul/aesd/FinalProject_Buildroot_Client/assignment-5-Anshul-99/buildroot/output/host/include -I/home/anshul/aesd/FinalProject_Buildroot_Client/assignment-5-Anshul-99/buildroot/output/host/include conftest.c >&5
conftest.c: In function 'main':
conftest.c:62:21: error: expected expression before ')' token
   62 | if (sizeof ((mode_t)))
      |                     ^
configure:4501: $? = 1
configure: failed program was:
| /* confdefs.h */
| #define PACKAGE_NAME "attr"
| #define PACKAGE_TARNAME "attr"
| #define PACKAGE_VERSION "2.4.48"
| #define PACKAGE_STRING "attr 2.4.48"
| #define PACKAGE_BUGREPORT "acl-devel@nongnu.org"
| #define PACKAGE_URL ""
| #define PACKAGE "attr"
| #define VERSION "2.4.48"
| #define STDC_HEADERS 1
| #define HAVE_SYS_TYPES_H 1
| #define HAVE_SYS_STAT_H 1
| #define HAVE_STDLIB_H 1
| #define HAVE_STRING_H 1
| #define HAVE_MEMORY_H 1
| #define HAVE_STRINGS_H 1
| #define HAVE_INTTYPES_H 1
| #define HAVE_STDINT_H 1
| #define HAVE_UNISTD_H 1
| #define __EXTENSIONS__ 1
| #define _ALL_SOURCE 1
| #define _GNU_SOURCE 1
| #define _POSIX_PTHREAD_SEMANTICS 1
| #define _TANDEM_SOURCE 1
| /* end confdefs.h.  */
| #include <stdio.h>
| #ifdef HAVE_SYS_TYPES_H
| # include <sys/types.h>
| #endif
| #ifdef HAVE_SYS_STAT_H
| # include <sys/stat.h>
| #endif
| #ifdef STDC_HEADERS
| # include <stdlib.h>
| # include <stddef.h>
| #else
| # ifdef HAVE_STDLIB_H
| #  include <stdlib.h>
| # endif
| #endif
| #ifdef HAVE_STRING_H
| # if !defined STDC_HEADERS && defined HAVE_MEMORY_H
| #  include <memory.h>
| # endif
| # include <string.h>
| #endif
| #ifdef HAVE_STRINGS_H
| # include <strings.h>
| #endif
| #ifdef HAVE_INTTYPES_H
| # include <inttypes.h>
| #endif
| #ifdef HAVE_STDINT_H
| # include <stdint.h>
| #endif
| #ifdef HAVE_UNISTD_H
| # include <unistd.h>
| #endif
| int
| main ()
| {
| if (sizeof ((mode_t)))
| 	    return 0;
|   ;
|   return 0;
| }
configure:4501: result: yes
configure:4512: checking for size_t
configure:4512: /usr/bin/gcc -c -O2 -I/home/anshul/aesd/FinalProject_Buildroot_Client/assignment-5-Anshul-99/buildroot/output/host/include -I/home/anshul/aesd/FinalProject_Buildroot_Client/assignment-5-Anshul-99/buildroot/output/host/include conftest.c >&5
configure:4512: $? = 0
configure:4512: /usr/bin/gcc -c -O2 -I/home/anshul/aesd/FinalProject_Buildroot_Client/assignment-5-Anshul-99/buildroot/output/host/include -I/home/anshul/aesd/FinalProject_Buildroot_Client/assignment-5-Anshul-99/buildroot/output/host/include conftest.c >&5
conftest.c: In function 'main':
conftest.c:62:21: error: expected expression before ')' token
   62 | if (sizeof ((size_t)))
      |                     ^
configure:4512: $? = 1
configure: failed program was:
| /* confdefs.h */
| #define PACKAGE_NAME "attr"
| #define PACKAGE_TARNAME "attr"
| #define PACKAGE_VERSION "2.4.48"
| #define PACKAGE_STRING "attr 2.4.48"
| #define PACKAGE_BUGREPORT "acl-devel@nongnu.org"
| #define PACKAGE_URL ""
| #define PACKAGE "attr"
| #define VERSION "2.4.48"
| #define STDC_HEADERS 1
| #define HAVE_SYS_TYPES_H 1
| #define HAVE_SYS_STAT_H 1
| #define HAVE_STDLIB_H 1
| #define HAVE_STRING_H 1
| #define HAVE_MEMORY_H 1
| #define HAVE_STRINGS_H 1
| #define HAVE_INTTYPES_H 1
| #define HAVE_STDINT_H 1
| #define HAVE_UNISTD_H 1
| #define __EXTENSIONS__ 1
| #define _ALL_SOURCE 1
| #define _GNU_SOURCE 1
| #define _POSIX_PTHREAD_SEMANTICS 1
| #define _TANDEM_SOURCE 1
| /* end confdefs.h.  */
| #include <stdio.h>
| #ifdef HAVE_SYS_TYPES_H
| # include <sys/types.h>
| #endif
| #ifdef HAVE_SYS_STAT_H
| # include <sys/stat.h>
| #endif
| #ifdef STDC_HEADERS
| # include <stdlib.h>
| # include <stddef.h>
| #else
| # ifdef HAVE_STDLIB_H
| #  include <stdlib.h>
| # endif
| #endif
| #ifdef HAVE_STRING_H
| # if !defined STDC_HEADERS && defined HAVE_MEMORY_H
| #  include <memory.h>
| # endif
| # include <string.h>
| #endif
| #ifdef HAVE_STRINGS_H
| # include <strings.h>
| #endif
| #ifdef HAVE_INTTYPES_H
| # include <inttypes.h>
| #endif
| #ifdef HAVE_STDINT_H
| # include <stdint.h>
| #endif
| #ifdef HAVE_UNISTD_H
| # include <unistd.h>
| #endif
| int
| main ()
| {
| if (sizeof ((size_t)))
| 	    return 0;
|   ;
|   return 0;
| }
configure:4512: result: yes
configure:4525: checking for working alloca.h
configure:4542: /usr/bin/gcc -o conftest -O2 -I/home/anshul/aesd/FinalProject_Buildroot_Client/assignment-5-Anshul-99/buildroot/output/host/include -I/home/anshul/aesd/FinalProject_Buildroot_Client/assignment-5-Anshul-99/buildroot/output/host/include -L/home/anshul/aesd/FinalProject_Buildroot_Client/assignment-5-Anshul-99/buildroot/output/host/lib -Wl,-rpath,/home/anshul/aesd/FinalProject_Buildroot_Client/assignment-5-Anshul-99/buildroot/output/host/lib conftest.c  >&5
configure:4542: $? = 0
configure:4550: result: yes
configure:4558: checking for alloca
configure:4595: /usr/bin/gcc -o conftest -O2 -I/home/anshul/aesd/FinalProject_Buildroot_Client/assignment-5-Anshul-99/buildroot/output/host/include -I/home/anshul/aesd/FinalProject_Buildroot_Client/assignment-5-Anshul-99/buildroot/output/host/include -L/home/anshul/aesd/FinalProject_Buildroot_Client/assignment-5-Anshul-99/buildroot/output/host/lib -Wl,-rpath,/home/anshul/aesd/FinalProject_Buildroot_Client/assignment-5-Anshul-99/buildroot/output/host/lib conftest.c  >&5
configure:4595: $? = 0
configure:4603: result: yes
configure:4709: checking whether __attribute__((visibility())) is supported
configure:4730: result: yes
configure:4849: checking the archiver (/usr/bin/ar) interface
configure:4865: /usr/bin/gcc -c -O2 -I/home/anshul/aesd/FinalProject_Buildroot_Client/assignment-5-Anshul-99/buildroot/output/host/include -fvisibility=hidden -I/home/anshul/aesd/FinalProject_Buildroot_Client/assignment-5-Anshul-99/buildroot/output/host/include conftest.c >&5
configure:4865: $? = 0
configure:4867: /usr/bin/ar cru libconftest.a conftest.o >&5
/usr/bin/ar: `u' modifier ignored since `D' is the default (see `U')
configure:4870: $? = 0
configure:4869: result: ar
configure:4918: checking build system type
configure:4932: result: x86_64-pc-linux-gnu
configure:4952: checking host system type
configure:4965: result: x86_64-pc-linux-gnu
configure:5006: checking how to print strings
configure:5033: result: printf
configure:5054: checking for a sed that does not truncate output
configure:5118: result: /usr/bin/sed
configure:5136: checking for fgrep
configure:5198: result: /usr/bin/grep -F
configure:5233: checking for ld used by /usr/bin/gcc
configure:5300: result: /usr/bin/ld
configure:5307: checking if the linker (/usr/bin/ld) is GNU ld
configure:5322: result: yes
configure:5334: checking for BSD- or MS-compatible name lister (nm)
configure:5388: result: /usr/bin/nm
configure:5518: checking the name lister (/usr/bin/nm) interface
configure:5525: /usr/bin/gcc -c -O2 -I/home/anshul/aesd/FinalProject_Buildroot_Client/assignment-5-Anshul-99/buildroot/output/host/include -fvisibility=hidden -I/home/anshul/aesd/FinalProject_Buildroot_Client/assignment-5-Anshul-99/buildroot/output/host/include conftest.c >&5
configure:5528: /usr/bin/nm "conftest.o"
configure:5531: output
0000000000000000 B some_variable
configure:5532: result: BSD nm
configure:5535: checking whether ln -s works
configure:5539: result: yes
configure:5547: checking the maximum length of command line arguments
configure:5683: result: 1572864
configure:5731: checking how to convert x86_64-pc-linux-gnu file names to x86_64-pc-linux-gnu format
configure:5771: result: func_convert_file_noop
configure:5778: checking how to convert x86_64-pc-linux-gnu file names to toolchain format
configure:5798: result: func_convert_file_noop
configure:5805: checking for /usr/bin/ld option to reload object files
configure:5812: result: -r
configure:5886: checking for objdump
configure:5902: found /usr/bin/objdump
configure:5913: result: objdump
configure:5945: checking how to recognize dependent libraries
configure:6145: result: pass_all
configure:6230: checking for dlltool
configure:6260: result: no
configure:6290: checking how to associate runtime and link libraries
configure:6317: result: printf %s\n
configure:6441: checking for archiver @FILE support
configure:6458: /usr/bin/gcc -c -O2 -I/home/anshul/aesd/FinalProject_Buildroot_Client/assignment-5-Anshul-99/buildroot/output/host/include -fvisibility=hidden -I/home/anshul/aesd/FinalProject_Buildroot_Client/assignment-5-Anshul-99/buildroot/output/host/include conftest.c >&5
configure:6458: $? = 0
configure:6461: /usr/bin/ar cru libconftest.a @conftest.lst >&5
/usr/bin/ar: `u' modifier ignored since `D' is the default (see `U')
configure:6464: $? = 0
configure:6469: /usr/bin/ar cru libconftest.a @conftest.lst >&5
/usr/bin/ar: `u' modifier ignored since `D' is the default (see `U')
/usr/bin/ar: conftest.o: No such file or directory
configure:6472: $? = 1
configure:6471: result: @
configure:6529: checking for strip
configure:6545: found /usr/bin/strip
configure:6556: result: strip
configure:6628: checking for ranlib
configure:6655: result: /usr/bin/ranlib
configure:6757: checking command to parse /usr/bin/nm output from /usr/bin/gcc object
configure:6910: /usr/bin/gcc -c -O2 -I/home/anshul/aesd/FinalProject_Buildroot_Client/assignment-5-Anshul-99/buildroot/output/host/include -fvisibility=hidden -I/home/anshul/aesd/FinalProject_Buildroot_Client/assignment-5-Anshul-99/buildroot/output/host/include conftest.c >&5
configure:6913: $? = 0
configure:6917: /usr/bin/nm conftest.o \| sed -n -e 's/^.*[ ]\([ABCDGIRSTW][ABCDGIRSTW]*\)[ ][ ]*\([_A-Za-z][_A-Za-z0-9]*\)$/\1 \2 \2/p' | sed '/ __gnu_lto/d' \> conftest.nm
configure:6920: $? = 0
configure:6986: /usr/bin/gcc -o conftest -O2 -I/home/anshul/aesd/FinalProject_Buildroot_Client/assignment-5-Anshul-99/buildroot/output/host/include -fvisibility=hidden -I/home/anshul/aesd/FinalProject_Buildroot_Client/assignment-5-Anshul-99/buildroot/output/host/include -L/home/anshul/aesd/FinalProject_Buildroot_Client/assignment-5-Anshul-99/buildroot/output/host/lib -Wl,-rpath,/home/anshul/aesd/FinalProject_Buildroot_Client/assignment-5-Anshul-99/buildroot/output/host/lib conftest.c conftstm.o >&5
configure:6989: $? = 0
configure:7027: result: ok
configure:7074: checking for sysroot
configure:7104: result: no
configure:7111: checking for a working dd
configure:7149: result: /usr/bin/dd
configure:7153: checking how to truncate binary pipes
configure:7168: result: /usr/bin/dd bs=4096 count=1
configure:7304: /usr/bin/gcc -c -O2 -I/home/anshul/aesd/FinalProject_Buildroot_Client/assignment-5-Anshul-99/buildroot/output/host/include -fvisibility=hidden -I/home/anshul/aesd/FinalProject_Buildroot_Client/assignment-5-Anshul-99/buildroot/output/host/include conftest.c >&5
configure:7307: $? = 0
configure:7497: checking for mt
configure:7513: found /usr/bin/mt
configure:7524: result: mt
configure:7547: checking if mt is a manifest tool
configure:7553: mt '-?'
configure:7561: result: no
configure:8235: checking for dlfcn.h
configure:8235: /usr/bin/gcc -c -O2 -I/home/anshul/aesd/FinalProject_Buildroot_Client/assignment-5-Anshul-99/buildroot/output/host/include -fvisibility=hidden -I/home/anshul/aesd/FinalProject_Buildroot_Client/assignment-5-Anshul-99/buildroot/output/host/include conftest.c >&5
configure:8235: $? = 0
configure:8235: result: yes
configure:8491: checking for objdir
configure:8506: result: .libs
configure:8770: checking if /usr/bin/gcc supports -fno-rtti -fno-exceptions
configure:8788: /usr/bin/gcc -c -O2 -I/home/anshul/aesd/FinalProject_Buildroot_Client/assignment-5-Anshul-99/buildroot/output/host/include -fvisibility=hidden -I/home/anshul/aesd/FinalProject_Buildroot_Client/assignment-5-Anshul-99/buildroot/output/host/include -fno-rtti -fno-exceptions conftest.c >&5
cc1: warning: command line option '-fno-rtti' is valid for C++/D/ObjC++ but not for C
configure:8792: $? = 0
configure:8805: result: no
configure:9163: checking for /usr/bin/gcc option to produce PIC
configure:9170: result: -fPIC -DPIC
configure:9178: checking if /usr/bin/gcc PIC flag -fPIC -DPIC works
configure:9196: /usr/bin/gcc -c -O2 -I/home/anshul/aesd/FinalProject_Buildroot_Client/assignment-5-Anshul-99/buildroot/output/host/include -fvisibility=hidden -I/home/anshul/aesd/FinalProject_Buildroot_Client/assignment-5-Anshul-99/buildroot/output/host/include -fPIC -DPIC -DPIC conftest.c >&5
configure:9200: $? = 0
configure:9213: result: yes
configure:9242: checking if /usr/bin/gcc static flag -static works
configure:9270: result: yes
configure:9285: checking if /usr/bin/gcc supports -c -o file.o
configure:9306: /usr/bin/gcc -c -O2 -I/home/anshul/aesd/FinalProject_Buildroot_Client/assignment-5-Anshul-99/buildroot/output/host/include -fvisibility=hidden -I/home/anshul/aesd/FinalProject_Buildroot_Client/assignment-5-Anshul-99/buildroot/output/host/include -o out/conftest2.o conftest.c >&5
configure:9310: $? = 0
configure:9332: result: yes
configure:9340: checking if /usr/bin/gcc supports -c -o file.o
configure:9387: result: yes
configure:9420: checking whether the /usr/bin/gcc linker (/usr/bin/ld -m elf_x86_64) supports shared libraries
configure:10679: result: yes
configure:10716: checking whether -lc should be explicitly linked in
configure:10724: /usr/bin/gcc -c -O2 -I/home/anshul/aesd/FinalProject_Buildroot_Client/assignment-5-Anshul-99/buildroot/output/host/include -fvisibility=hidden -I/home/anshul/aesd/FinalProject_Buildroot_Client/assignment-5-Anshul-99/buildroot/output/host/include conftest.c >&5
configure:10727: $? = 0
configure:10742: /usr/bin/gcc -shared  -fPIC -DPIC conftest.o  -v -Wl,-soname -Wl,conftest -o conftest 2\>\&1 \| /usr/bin/grep  -lc  \>/dev/null 2\>\&1
configure:10745: $? = 0
configure:10759: result: no
configure:10919: checking dynamic linker characteristics
configure:11513: /usr/bin/gcc -o conftest -O2 -I/home/anshul/aesd/FinalProject_Buildroot_Client/assignment-5-Anshul-99/buildroot/output/host/include -fvisibility=hidden -I/home/anshul/aesd/FinalProject_Buildroot_Client/assignment-5-Anshul-99/buildroot/output/host/include -L/home/anshul/aesd/FinalProject_Buildroot_Client/assignment-5-Anshul-99/buildroot/output/host/lib -Wl,-rpath,/home/anshul/aesd/FinalProject_Buildroot_Client/assignment-5-Anshul-99/buildroot/output/host/lib -Wl,-rpath -Wl,/foo conftest.c  >&5
configure:11513: $? = 0
configure:11750: result: GNU/Linux ld.so
configure:11872: checking how to hardcode library paths into programs
configure:11897: result: immediate
configure:12445: checking whether stripping libraries is possible
configure:12450: result: yes
configure:12485: checking if libtool supports shared libraries
configure:12487: result: yes
configure:12490: checking whether to build shared libraries
configure:12515: result: yes
configure:12518: checking whether to build static libraries
configure:12522: result: no
configure:9341: checking whether NLS is requested
configure:9350: result: no
configure:9390: checking for msgfmt
configure:9425: result: no
configure:9431: checking for gmsgfmt
configure:9462: result: :
configure:9512: checking for xgettext
configure:9547: result: no
configure:9589: checking for msgmerge
configure:9623: result: no
configure:9678: checking for ld used by /usr/bin/gcc
configure:9745: result: /usr/bin/ld -m elf_x86_64
configure:9752: checking if the linker (/usr/bin/ld -m elf_x86_64) is GNU ld
configure:9767: result: yes
configure:9774: checking for shared library run path origin
configure:9787: result: done
configure:10359: checking for CFPreferencesCopyAppValue
configure:10377: /usr/bin/gcc -o conftest -O2 -I/home/anshul/aesd/FinalProject_Buildroot_Client/assignment-5-Anshul-99/buildroot/output/host/include -fvisibility=hidden -I/home/anshul/aesd/FinalProject_Buildroot_Client/assignment-5-Anshul-99/buildroot/output/host/include -L/home/anshul/aesd/FinalProject_Buildroot_Client/assignment-5-Anshul-99/buildroot/output/host/lib -Wl,-rpath,/home/anshul/aesd/FinalProject_Buildroot_Client/assignment-5-Anshul-99/buildroot/output/host/lib conftest.c  -Wl,-framework -Wl,CoreFoundation >&5
conftest.c:32:10: fatal error: CoreFoundation/CFPreferences.h: No such file or directory
   32 | #include <CoreFoundation/CFPreferences.h>
      |          ^~~~~~~~~~~~~~~~~~~~~~~~~~~~~~~~
compilation terminated.
configure:10377: $? = 1
configure: failed program was:
| /* confdefs.h */
| #define PACKAGE_NAME "attr"
| #define PACKAGE_TARNAME "attr"
| #define PACKAGE_VERSION "2.4.48"
| #define PACKAGE_STRING "attr 2.4.48"
| #define PACKAGE_BUGREPORT "acl-devel@nongnu.org"
| #define PACKAGE_URL ""
| #define PACKAGE "attr"
| #define VERSION "2.4.48"
| #define STDC_HEADERS 1
| #define HAVE_SYS_TYPES_H 1
| #define HAVE_SYS_STAT_H 1
| #define HAVE_STDLIB_H 1
| #define HAVE_STRING_H 1
| #define HAVE_MEMORY_H 1
| #define HAVE_STRINGS_H 1
| #define HAVE_INTTYPES_H 1
| #define HAVE_STDINT_H 1
| #define HAVE_UNISTD_H 1
| #define __EXTENSIONS__ 1
| #define _ALL_SOURCE 1
| #define _GNU_SOURCE 1
| #define _POSIX_PTHREAD_SEMANTICS 1
| #define _TANDEM_SOURCE 1
| #define HAVE_ALLOCA_H 1
| #define HAVE_ALLOCA 1
| #define HAVE_VISIBILITY_ATTRIBUTE /**/
| #define EXPORT __attribute__ ((visibility ("default"))) extern
| #define HAVE_DLFCN_H 1
| #define LT_OBJDIR ".libs/"
| /* end confdefs.h.  */
| #include <CoreFoundation/CFPreferences.h>
| int
| main ()
| {
| CFPreferencesCopyAppValue(NULL, NULL)
|   ;
|   return 0;
| }
configure:10386: result: no
configure:10393: checking for CFLocaleCopyCurrent
configure:10411: /usr/bin/gcc -o conftest -O2 -I/home/anshul/aesd/FinalProject_Buildroot_Client/assignment-5-Anshul-99/buildroot/output/host/include -fvisibility=hidden -I/home/anshul/aesd/FinalProject_Buildroot_Client/assignment-5-Anshul-99/buildroot/output/host/include -L/home/anshul/aesd/FinalProject_Buildroot_Client/assignment-5-Anshul-99/buildroot/output/host/lib -Wl,-rpath,/home/anshul/aesd/FinalProject_Buildroot_Client/assignment-5-Anshul-99/buildroot/output/host/lib conftest.c  -Wl,-framework -Wl,CoreFoundation >&5
conftest.c:32:10: fatal error: CoreFoundation/CFLocale.h: No such file or directory
   32 | #include <CoreFoundation/CFLocale.h>
      |          ^~~~~~~~~~~~~~~~~~~~~~~~~~~
compilation terminated.
configure:10411: $? = 1
configure: failed program was:
| /* confdefs.h */
| #define PACKAGE_NAME "attr"
| #define PACKAGE_TARNAME "attr"
| #define PACKAGE_VERSION "2.4.48"
| #define PACKAGE_STRING "attr 2.4.48"
| #define PACKAGE_BUGREPORT "acl-devel@nongnu.org"
| #define PACKAGE_URL ""
| #define PACKAGE "attr"
| #define VERSION "2.4.48"
| #define STDC_HEADERS 1
| #define HAVE_SYS_TYPES_H 1
| #define HAVE_SYS_STAT_H 1
| #define HAVE_STDLIB_H 1
| #define HAVE_STRING_H 1
| #define HAVE_MEMORY_H 1
| #define HAVE_STRINGS_H 1
| #define HAVE_INTTYPES_H 1
| #define HAVE_STDINT_H 1
| #define HAVE_UNISTD_H 1
| #define __EXTENSIONS__ 1
| #define _ALL_SOURCE 1
| #define _GNU_SOURCE 1
| #define _POSIX_PTHREAD_SEMANTICS 1
| #define _TANDEM_SOURCE 1
| #define HAVE_ALLOCA_H 1
| #define HAVE_ALLOCA 1
| #define HAVE_VISIBILITY_ATTRIBUTE /**/
| #define EXPORT __attribute__ ((visibility ("default"))) extern
| #define HAVE_DLFCN_H 1
| #define LT_OBJDIR ".libs/"
| /* end confdefs.h.  */
| #include <CoreFoundation/CFLocale.h>
| int
| main ()
| {
| CFLocaleCopyCurrent();
|   ;
|   return 0;
| }
configure:10420: result: no
configure:11330: checking whether to use NLS
configure:11332: result: no
configure:11523: checking that generated files are newer than configure
configure:11529: result: done
configure:11552: creating ./config.status

## ---------------------- ##
## Running config.status. ##
## ---------------------- ##

This file was extended by attr config.status 2.4.48, which was
generated by GNU Autoconf 2.69.  Invocation command line was

  CONFIG_FILES    = 
  CONFIG_HEADERS  = 
  CONFIG_LINKS    = 
  CONFIG_COMMANDS = 
  $ ./config.status 

on Anshul-UbuntuVM

config.status:1121: creating libattr.pc
config.status:1121: creating Makefile
config.status:1121: creating po/Makefile.in
config.status:1121: creating include/config.h
config.status:1350: executing depfiles commands
config.status:1350: executing libtool commands
config.status:1350: executing po-directories commands
config.status:1350: executing include/attr commands
configure:13819: WARNING: unrecognized options: --disable-gtk-doc, --disable-gtk-doc-html, --disable-doc, --disable-docs, --disable-documentation, --with-xmlto, --with-fop

## ---------------- ##
## Cache variables. ##
## ---------------- ##

ac_cv_build=x86_64-pc-linux-gnu
ac_cv_c_compiler_gnu=yes
ac_cv_c_const=yes
ac_cv_env_CC_set=set
ac_cv_env_CC_value=/usr/bin/gcc
ac_cv_env_CFLAGS_set=set
ac_cv_env_CFLAGS_value='-O2 -I/home/anshul/aesd/FinalProject_Buildroot_Client/assignment-5-Anshul-99/buildroot/output/host/include'
ac_cv_env_CPPFLAGS_set=set
ac_cv_env_CPPFLAGS_value=-I/home/anshul/aesd/FinalProject_Buildroot_Client/assignment-5-Anshul-99/buildroot/output/host/include
ac_cv_env_CPP_set=set
ac_cv_env_CPP_value=/usr/bin/cpp
ac_cv_env_LDFLAGS_set=set
ac_cv_env_LDFLAGS_value='-L/home/anshul/aesd/FinalProject_Buildroot_Client/assignment-5-Anshul-99/buildroot/output/host/lib -Wl,-rpath,/home/anshul/aesd/FinalProject_Buildroot_Client/assignment-5-Anshul-99/buildroot/output/host/lib'
ac_cv_env_LIBS_set=
ac_cv_env_LIBS_value=
ac_cv_env_LT_SYS_LIBRARY_PATH_set=
ac_cv_env_LT_SYS_LIBRARY_PATH_value=
ac_cv_env_build_alias_set=
ac_cv_env_build_alias_value=
ac_cv_env_host_alias_set=
ac_cv_env_host_alias_value=
ac_cv_env_target_alias_set=
ac_cv_env_target_alias_value=
ac_cv_func_alloca_works=yes
ac_cv_header_dlfcn_h=yes
ac_cv_header_inttypes_h=yes
ac_cv_header_memory_h=yes
ac_cv_header_minix_config_h=no
ac_cv_header_stdc=yes
ac_cv_header_stdint_h=yes
ac_cv_header_stdlib_h=yes
ac_cv_header_string_h=yes
ac_cv_header_strings_h=yes
ac_cv_header_sys_stat_h=yes
ac_cv_header_sys_types_h=yes
ac_cv_header_unistd_h=yes
ac_cv_host=x86_64-pc-linux-gnu
ac_cv_objext=o
ac_cv_path_EGREP='/usr/bin/grep -E'
ac_cv_path_FGREP='/usr/bin/grep -F'
ac_cv_path_GMSGFMT=:
ac_cv_path_GREP=/usr/bin/grep
ac_cv_path_MSGFMT=:
ac_cv_path_MSGMERGE=:
ac_cv_path_SED=/usr/bin/sed
ac_cv_path_XGETTEXT=:
ac_cv_path_install='/usr/bin/install -c'
ac_cv_path_lt_DD=/usr/bin/dd
ac_cv_path_mkdir=/usr/bin/mkdir
ac_cv_prog_AWK=gawk
ac_cv_prog_CPP=/usr/bin/cpp
ac_cv_prog_ac_ct_CC=/usr/bin/gcc
ac_cv_prog_ac_ct_MANIFEST_TOOL=mt
ac_cv_prog_ac_ct_OBJDUMP=objdump
ac_cv_prog_ac_ct_RANLIB=/usr/bin/ranlib
ac_cv_prog_ac_ct_STRIP=strip
ac_cv_prog_cc_c89=
ac_cv_prog_cc_g=yes
ac_cv_prog_make_make_set=yes
ac_cv_safe_to_define___extensions__=yes
ac_cv_type_mode_t=yes
ac_cv_type_size_t=yes
ac_cv_working_alloca_h=yes
acl_cv_hardcode_direct=no
acl_cv_hardcode_libdir_flag_spec='${wl}-rpath ${wl}$libdir'
acl_cv_hardcode_libdir_separator=
acl_cv_hardcode_minus_L=no
acl_cv_libext=a
acl_cv_libname_spec='lib$name'
acl_cv_library_names_spec='$libname$shrext'
acl_cv_path_LD='/usr/bin/ld -m elf_x86_64'
acl_cv_prog_gnu_ld=yes
acl_cv_rpath=done
acl_cv_shlibext=so
acl_cv_wl=-Wl,
am_cv_CC_dependencies_compiler_type=none
am_cv_ar_interface=ar
am_cv_make_support_nested_variables=yes
am_cv_prog_cc_c_o=yes
gt_cv_func_CFLocaleCopyCurrent=no
gt_cv_func_CFPreferencesCopyAppValue=no
libc_cv_visibility_attribute=yes
lt_cv_ar_at_file=@
lt_cv_archive_cmds_need_lc=no
lt_cv_deplibs_check_method=pass_all
lt_cv_file_magic_cmd='$MAGIC_CMD'
lt_cv_file_magic_test_file=
lt_cv_ld_reload_flag=-r
lt_cv_nm_interface='BSD nm'
lt_cv_objdir=.libs
lt_cv_path_LD=/usr/bin/ld
lt_cv_path_NM=/usr/bin/nm
lt_cv_path_mainfest_tool=no
lt_cv_prog_compiler_c_o=yes
lt_cv_prog_compiler_pic='-fPIC -DPIC'
lt_cv_prog_compiler_pic_works=yes
lt_cv_prog_compiler_rtti_exceptions=no
lt_cv_prog_compiler_static_works=yes
lt_cv_prog_gnu_ld=yes
lt_cv_sharedlib_from_linklib_cmd='printf %s\n'
lt_cv_shlibpath_overrides_runpath=yes
lt_cv_sys_global_symbol_pipe='sed -n -e '\''s/^.*[	 ]\([ABCDGIRSTW][ABCDGIRSTW]*\)[	 ][	 ]*\([_A-Za-z][_A-Za-z0-9]*\)$/\1 \2 \2/p'\'' | sed '\''/ __gnu_lto/d'\'''
lt_cv_sys_global_symbol_to_c_name_address='sed -n -e '\''s/^: \(.*\) .*$/  {"\1", (void *) 0},/p'\'' -e '\''s/^[ABCDGIRSTW][ABCDGIRSTW]* .* \(.*\)$/  {"\1", (void *) \&\1},/p'\'''
lt_cv_sys_global_symbol_to_c_name_address_lib_prefix='sed -n -e '\''s/^: \(.*\) .*$/  {"\1", (void *) 0},/p'\'' -e '\''s/^[ABCDGIRSTW][ABCDGIRSTW]* .* \(lib.*\)$/  {"\1", (void *) \&\1},/p'\'' -e '\''s/^[ABCDGIRSTW][ABCDGIRSTW]* .* \(.*\)$/  {"lib\1", (void *) \&\1},/p'\'''
lt_cv_sys_global_symbol_to_cdecl='sed -n -e '\''s/^T .* \(.*\)$/extern int \1();/p'\'' -e '\''s/^[ABCDGIRSTW][ABCDGIRSTW]* .* \(.*\)$/extern char \1;/p'\'''
lt_cv_sys_global_symbol_to_import=
lt_cv_sys_max_cmd_len=1572864
lt_cv_to_host_file_cmd=func_convert_file_noop
lt_cv_to_tool_file_cmd=func_convert_file_noop
lt_cv_truncate_bin='/usr/bin/dd bs=4096 count=1'

## ----------------- ##
## Output variables. ##
## ----------------- ##

ACLOCAL='${SHELL} /home/anshul/aesd/FinalProject_Buildroot_Client/assignment-5-Anshul-99/buildroot/output/build/host-attr-2.4.48/build-aux/missing aclocal-1.15'
ALLOCA=''
AMDEPBACKSLASH=''
AMDEP_FALSE=''
AMDEP_TRUE='#'
AMTAR='$${TAR-tar}'
AM_BACKSLASH='\'
AM_DEFAULT_V='$(AM_DEFAULT_VERBOSITY)'
AM_DEFAULT_VERBOSITY='0'
AM_V='$(V)'
AR='/usr/bin/ar'
AUTOCONF='${SHELL} /home/anshul/aesd/FinalProject_Buildroot_Client/assignment-5-Anshul-99/buildroot/output/build/host-attr-2.4.48/build-aux/missing autoconf'
AUTOHEADER='${SHELL} /home/anshul/aesd/FinalProject_Buildroot_Client/assignment-5-Anshul-99/buildroot/output/build/host-attr-2.4.48/build-aux/missing autoheader'
AUTOMAKE='${SHELL} /home/anshul/aesd/FinalProject_Buildroot_Client/assignment-5-Anshul-99/buildroot/output/build/host-attr-2.4.48/build-aux/missing automake-1.15'
AWK='gawk'
CC='/usr/bin/gcc'
CCDEPMODE='depmode=none'
CFLAGS='-O2 -I/home/anshul/aesd/FinalProject_Buildroot_Client/assignment-5-Anshul-99/buildroot/output/host/include -fvisibility=hidden'
CPP='/usr/bin/cpp'
CPPFLAGS='-I/home/anshul/aesd/FinalProject_Buildroot_Client/assignment-5-Anshul-99/buildroot/output/host/include -DNDEBUG'
CYGPATH_W='echo'
DEFS='-DHAVE_CONFIG_H'
DEPDIR='.deps'
DLLTOOL='false'
DSYMUTIL=''
DUMPBIN=''
ECHO_C=''
ECHO_N='-n'
ECHO_T=''
EGREP='/usr/bin/grep -E'
EXEEXT=''
FGREP='/usr/bin/grep -F'
GETTEXT_MACRO_VERSION='0.18'
GMSGFMT=':'
GMSGFMT_015=':'
GREP='/usr/bin/grep'
INSTALL_DATA='${INSTALL} -m 644'
INSTALL_PROGRAM='${INSTALL}'
INSTALL_SCRIPT='${INSTALL}'
INSTALL_STRIP_PROGRAM='$(install_sh) -c -s'
INTLLIBS=''
INTL_MACOSX_LIBS=''
LD='/usr/bin/ld -m elf_x86_64'
LDFLAGS='-L/home/anshul/aesd/FinalProject_Buildroot_Client/assignment-5-Anshul-99/buildroot/output/host/lib -Wl,-rpath,/home/anshul/aesd/FinalProject_Buildroot_Client/assignment-5-Anshul-99/buildroot/output/host/lib'
LIBICONV='-liconv'
LIBINTL=''
LIBOBJS=''
LIBS=''
LIBTOOL='$(SHELL) $(top_builddir)/libtool'
LIPO=''
LN_S='ln -s'
LTLIBICONV='-liconv'
LTLIBINTL=''
LTLIBOBJS=''
LT_REVISION='2448'
LT_SYS_LIBRARY_PATH=''
MAKEINFO='${SHELL} /home/anshul/aesd/FinalProject_Buildroot_Client/assignment-5-Anshul-99/buildroot/output/build/host-attr-2.4.48/build-aux/missing makeinfo'
MANIFEST_TOOL=':'
MKDIR_P='/usr/bin/mkdir -p'
MSGFMT=':'
MSGFMT_015=':'
MSGMERGE=':'
NM='/usr/bin/nm'
NMEDIT=''
OBJDUMP='objdump'
OBJEXT='o'
OTOOL64=''
OTOOL=''
PACKAGE='attr'
PACKAGE_BUGREPORT='acl-devel@nongnu.org'
PACKAGE_NAME='attr'
PACKAGE_STRING='attr 2.4.48'
PACKAGE_TARNAME='attr'
PACKAGE_URL=''
PACKAGE_VERSION='2.4.48'
PATH_SEPARATOR=':'
POSUB=''
RANLIB='/usr/bin/ranlib'
SED='/usr/bin/sed'
SET_MAKE=''
SHELL='/bin/bash'
STRIP='strip'
USE_NLS='no'
VERSION='2.4.48'
XGETTEXT=':'
XGETTEXT_015=':'
XGETTEXT_EXTRA_OPTIONS=''
ac_ct_AR=''
ac_ct_CC='/usr/bin/gcc'
ac_ct_DUMPBIN=''
am__EXEEXT_FALSE=''
am__EXEEXT_TRUE='#'
am__fastdepCC_FALSE=''
am__fastdepCC_TRUE='#'
am__include='include'
am__isrc=''
am__leading_dot='.'
am__nodep=''
am__quote=''
am__tar='$${TAR-tar} chof - "$$tardir"'
am__untar='$${TAR-tar} xf -'
bindir='${exec_prefix}/bin'
build='x86_64-pc-linux-gnu'
build_alias=''
build_cpu='x86_64'
build_os='linux-gnu'
build_vendor='pc'
datadir='${datarootdir}'
datarootdir='${prefix}/share'
docdir='${datarootdir}/doc/${PACKAGE_TARNAME}'
dvidir='${docdir}'
exec_prefix='${prefix}'
host='x86_64-pc-linux-gnu'
host_alias=''
host_cpu='x86_64'
host_os='linux-gnu'
host_vendor='pc'
htmldir='${docdir}'
includedir='${prefix}/include'
infodir='${datarootdir}/info'
install_sh='${SHELL} /home/anshul/aesd/FinalProject_Buildroot_Client/assignment-5-Anshul-99/buildroot/output/build/host-attr-2.4.48/build-aux/install-sh'
libdir='${exec_prefix}/lib'
libexecdir='${exec_prefix}/libexec'
localedir='${datarootdir}/locale'
localstatedir='/home/anshul/aesd/FinalProject_Buildroot_Client/assignment-5-Anshul-99/buildroot/output/host/var'
mandir='${datarootdir}/man'
mkdir_p='$(MKDIR_P)'
oldincludedir='/usr/include'
pdfdir='${docdir}'
prefix='/home/anshul/aesd/FinalProject_Buildroot_Client/assignment-5-Anshul-99/buildroot/output/host'
program_transform_name='s,x,x,'
psdir='${docdir}'
sbindir='${exec_prefix}/sbin'
sharedstatedir='${prefix}/com'
sysconfdir='/home/anshul/aesd/FinalProject_Buildroot_Client/assignment-5-Anshul-99/buildroot/output/host/etc'
target_alias=''

## ----------- ##
## confdefs.h. ##
## ----------- ##

/* confdefs.h */
#define PACKAGE_NAME "attr"
#define PACKAGE_TARNAME "attr"
#define PACKAGE_VERSION "2.4.48"
#define PACKAGE_STRING "attr 2.4.48"
#define PACKAGE_BUGREPORT "acl-devel@nongnu.org"
#define PACKAGE_URL ""
#define PACKAGE "attr"
#define VERSION "2.4.48"
#define STDC_HEADERS 1
#define HAVE_SYS_TYPES_H 1
#define HAVE_SYS_STAT_H 1
#define HAVE_STDLIB_H 1
#define HAVE_STRING_H 1
#define HAVE_MEMORY_H 1
#define HAVE_STRINGS_H 1
#define HAVE_INTTYPES_H 1
#define HAVE_STDINT_H 1
#define HAVE_UNISTD_H 1
#define __EXTENSIONS__ 1
#define _ALL_SOURCE 1
#define _GNU_SOURCE 1
#define _POSIX_PTHREAD_SEMANTICS 1
#define _TANDEM_SOURCE 1
#define HAVE_ALLOCA_H 1
#define HAVE_ALLOCA 1
#define HAVE_VISIBILITY_ATTRIBUTE /**/
#define EXPORT __attribute__ ((visibility ("default"))) extern
#define HAVE_DLFCN_H 1
#define LT_OBJDIR ".libs/"

configure: exit 0
