This file contains any messages produced by compilers while
running configure, to aid debugging if configure makes a mistake.

It was created by libctf library configure 1.2.0-pre, which was
generated by GNU Autoconf 2.69.  Invocation command line was

  $ /home/anshul/aesd/FinalProject_Buildroot_Client/assignment-5-Anshul-99/buildroot/output/build/host-binutils-2.35.2/libctf/configure --srcdir=.././libctf --cache-file=./config.cache --with-gnu-as --with-gnu-ld --prefix=/home/anshul/aesd/FinalProject_Buildroot_Client/assignment-5-Anshul-99/buildroot/output/host --sysconfdir=/home/anshul/aesd/FinalProject_Buildroot_Client/assignment-5-Anshul-99/buildroot/output/host/etc --localstatedir=/home/anshul/aesd/FinalProject_Buildroot_Client/assignment-5-Anshul-99/buildroot/output/host/var --enable-shared --disable-static --disable-gtk-doc --disable-gtk-doc-html --disable-doc --disable-docs --disable-documentation --disable-debug --with-xmlto=no --with-fop=no --disable-nls --disable-dependency-tracking --disable-multilib --disable-werror --disable-shared --enable-static --with-sysroot=/home/anshul/aesd/FinalProject_Buildroot_Client/assignment-5-Anshul-99/buildroot/output/host/arm-buildroot-linux-uclibcgnueabihf/sysroot --enable-poison-system-directories --without-debuginfod --disable-sim --disable-gdb --program-transform-name=s&^&arm-buildroot-linux-uclibcgnueabihf-& --disable-option-checking --build=x86_64-pc-linux-gnu --host=x86_64-pc-linux-gnu --target=arm-buildroot-linux-uclibcgnueabihf

## --------- ##
## Platform. ##
## --------- ##

hostname = Anshul-UbuntuVM
uname -m = x86_64
uname -r = 5.13.0-39-generic
uname -s = Linux
uname -v = #44~20.04.1-Ubuntu SMP Thu Mar 24 16:43:35 UTC 2022

/usr/bin/uname -p = x86_64
/bin/uname -X     = unknown

/bin/arch              = x86_64
/usr/bin/arch -k       = unknown
/usr/convex/getsysinfo = unknown
/usr/bin/hostinfo      = unknown
/bin/machine           = unknown
/usr/bin/oslevel       = unknown
/bin/universe          = unknown

PATH: /home/anshul/aesd/FinalProject_Buildroot_Client/assignment-5-Anshul-99/buildroot/output/host/bin
PATH: /home/anshul/aesd/FinalProject_Buildroot_Client/assignment-5-Anshul-99/buildroot/output/host/sbin
PATH: /home/anshul/bin
PATH: /usr/local/sbin
PATH: /usr/local/bin
PATH: /usr/sbin
PATH: /usr/bin
PATH: /sbin
PATH: /bin
PATH: /usr/games
PATH: /usr/local/games
PATH: /snap/bin


## ----------- ##
## Core tests. ##
## ----------- ##

configure:2211: creating cache ./config.cache
configure:2334: checking for x86_64-pc-linux-gnu-gcc
configure:2361: result: /usr/bin/gcc
configure:2630: checking for C compiler version
configure:2639: /usr/bin/gcc --version >&5
gcc (Ubuntu 9.4.0-1ubuntu1~20.04.1) 9.4.0
Copyright (C) 2019 Free Software Foundation, Inc.
This is free software; see the source for copying conditions.  There is NO
warranty; not even for MERCHANTABILITY or FITNESS FOR A PARTICULAR PURPOSE.

configure:2650: $? = 0
configure:2639: /usr/bin/gcc -v >&5
Using built-in specs.
COLLECT_GCC=/usr/bin/gcc
COLLECT_LTO_WRAPPER=/usr/lib/gcc/x86_64-linux-gnu/9/lto-wrapper
OFFLOAD_TARGET_NAMES=nvptx-none:hsa
OFFLOAD_TARGET_DEFAULT=1
Target: x86_64-linux-gnu
Configured with: ../src/configure -v --with-pkgversion='Ubuntu 9.4.0-1ubuntu1~20.04.1' --with-bugurl=file:///usr/share/doc/gcc-9/README.Bugs --enable-languages=c,ada,c++,go,brig,d,fortran,objc,obj-c++,gm2 --prefix=/usr --with-gcc-major-version-only --program-suffix=-9 --program-prefix=x86_64-linux-gnu- --enable-shared --enable-linker-build-id --libexecdir=/usr/lib --without-included-gettext --enable-threads=posix --libdir=/usr/lib --enable-nls --enable-clocale=gnu --enable-libstdcxx-debug --enable-libstdcxx-time=yes --with-default-libstdcxx-abi=new --enable-gnu-unique-object --disable-vtable-verify --enable-plugin --enable-default-pie --with-system-zlib --with-target-system-zlib=auto --enable-objc-gc=auto --enable-multiarch --disable-werror --with-arch-32=i686 --with-abi=m64 --with-multilib-list=m32,m64,mx32 --enable-multilib --with-tune=generic --enable-offload-targets=nvptx-none=/build/gcc-9-Av3uEd/gcc-9-9.4.0/debian/tmp-nvptx/usr,hsa --without-cuda-driver --enable-checking=release --build=x86_64-linux-gnu --host=x86_64-linux-gnu --target=x86_64-linux-gnu
Thread model: posix
gcc version 9.4.0 (Ubuntu 9.4.0-1ubuntu1~20.04.1) 
configure:2650: $? = 0
configure:2639: /usr/bin/gcc -V >&5
gcc: error: unrecognized command line option '-V'
gcc: fatal error: no input files
compilation terminated.
configure:2650: $? = 1
configure:2639: /usr/bin/gcc -qversion >&5
gcc: error: unrecognized command line option '-qversion'; did you mean '--version'?
gcc: fatal error: no input files
compilation terminated.
configure:2650: $? = 1
configure:2670: checking whether the C compiler works
configure:2692: /usr/bin/gcc -O2 -I/home/anshul/aesd/FinalProject_Buildroot_Client/assignment-5-Anshul-99/buildroot/output/host/include   -L/home/anshul/aesd/FinalProject_Buildroot_Client/assignment-5-Anshul-99/buildroot/output/host/lib -Wl,-rpath,/home/anshul/aesd/FinalProject_Buildroot_Client/assignment-5-Anshul-99/buildroot/output/host/lib conftest.c  >&5
configure:2696: $? = 0
configure:2744: result: yes
configure:2747: checking for C compiler default output file name
configure:2749: result: a.out
configure:2755: checking for suffix of executables
configure:2762: /usr/bin/gcc -o conftest -O2 -I/home/anshul/aesd/FinalProject_Buildroot_Client/assignment-5-Anshul-99/buildroot/output/host/include   -L/home/anshul/aesd/FinalProject_Buildroot_Client/assignment-5-Anshul-99/buildroot/output/host/lib -Wl,-rpath,/home/anshul/aesd/FinalProject_Buildroot_Client/assignment-5-Anshul-99/buildroot/output/host/lib conftest.c  >&5
configure:2766: $? = 0
configure:2788: result: 
configure:2810: checking whether we are cross compiling
configure:2818: /usr/bin/gcc -o conftest -O2 -I/home/anshul/aesd/FinalProject_Buildroot_Client/assignment-5-Anshul-99/buildroot/output/host/include   -L/home/anshul/aesd/FinalProject_Buildroot_Client/assignment-5-Anshul-99/buildroot/output/host/lib -Wl,-rpath,/home/anshul/aesd/FinalProject_Buildroot_Client/assignment-5-Anshul-99/buildroot/output/host/lib conftest.c  >&5
configure:2822: $? = 0
configure:2829: ./conftest
configure:2833: $? = 0
configure:2821: result: no
configure:2826: checking for suffix of object files
configure:2848: /usr/bin/gcc -c -O2 -I/home/anshul/aesd/FinalProject_Buildroot_Client/assignment-5-Anshul-99/buildroot/output/host/include  conftest.c >&5
configure:2852: $? = 0
configure:2873: result: o
configure:2877: checking whether we are using the GNU C compiler
configure:2896: /usr/bin/gcc -c -O2 -I/home/anshul/aesd/FinalProject_Buildroot_Client/assignment-5-Anshul-99/buildroot/output/host/include  conftest.c >&5
configure:2896: $? = 0
configure:2905: result: yes
configure:2914: checking whether /usr/bin/gcc accepts -g
configure:2934: /usr/bin/gcc -c -g  conftest.c >&5
configure:2934: $? = 0
configure:2975: result: yes
configure:2992: checking for /usr/bin/gcc option to accept ISO C89
configure:3055: /usr/bin/gcc  -c -O2 -I/home/anshul/aesd/FinalProject_Buildroot_Client/assignment-5-Anshul-99/buildroot/output/host/include  conftest.c >&5
configure:3055: $? = 0
configure:3068: result: none needed
configure:3093: checking whether /usr/bin/gcc understands -c and -o together
configure:3115: /usr/bin/gcc -c conftest.c -o conftest2.o
configure:3118: $? = 0
configure:3115: /usr/bin/gcc -c conftest.c -o conftest2.o
configure:3118: $? = 0
configure:3130: result: yes
configure:3153: checking how to run the C preprocessor
configure:3184: /usr/bin/gcc -E  conftest.c
configure:3184: $? = 0
configure:3198: /usr/bin/gcc -E  conftest.c
conftest.c:9:10: fatal error: ac_nonexistent.h: No such file or directory
    9 | #include <ac_nonexistent.h>
      |          ^~~~~~~~~~~~~~~~~~
compilation terminated.
configure:3198: $? = 1
configure: failed program was:
| /* confdefs.h */
| #define PACKAGE_NAME "libctf library"
| #define PACKAGE_TARNAME "libctf-library"
| #define PACKAGE_VERSION "1.2.0-pre"
| #define PACKAGE_STRING "libctf library 1.2.0-pre"
| #define PACKAGE_BUGREPORT ""
| #define PACKAGE_URL ""
| /* end confdefs.h.  */
| #include <ac_nonexistent.h>
configure:3223: result: /usr/bin/gcc -E
configure:3243: /usr/bin/gcc -E  conftest.c
configure:3243: $? = 0
configure:3257: /usr/bin/gcc -E  conftest.c
conftest.c:9:10: fatal error: ac_nonexistent.h: No such file or directory
    9 | #include <ac_nonexistent.h>
      |          ^~~~~~~~~~~~~~~~~~
compilation terminated.
configure:3257: $? = 1
configure: failed program was:
| /* confdefs.h */
| #define PACKAGE_NAME "libctf library"
| #define PACKAGE_TARNAME "libctf-library"
| #define PACKAGE_VERSION "1.2.0-pre"
| #define PACKAGE_STRING "libctf library 1.2.0-pre"
| #define PACKAGE_BUGREPORT ""
| #define PACKAGE_URL ""
| /* end confdefs.h.  */
| #include <ac_nonexistent.h>
configure:3286: checking for grep that handles long lines and -e
configure:3344: result: /usr/bin/grep
configure:3349: checking for egrep
configure:3411: result: /usr/bin/grep -E
configure:3416: checking for ANSI C header files
configure:3436: /usr/bin/gcc -c -O2 -I/home/anshul/aesd/FinalProject_Buildroot_Client/assignment-5-Anshul-99/buildroot/output/host/include  conftest.c >&5
configure:3436: $? = 0
configure:3509: /usr/bin/gcc -o conftest -O2 -I/home/anshul/aesd/FinalProject_Buildroot_Client/assignment-5-Anshul-99/buildroot/output/host/include   -L/home/anshul/aesd/FinalProject_Buildroot_Client/assignment-5-Anshul-99/buildroot/output/host/lib -Wl,-rpath,/home/anshul/aesd/FinalProject_Buildroot_Client/assignment-5-Anshul-99/buildroot/output/host/lib conftest.c  >&5
configure:3509: $? = 0
configure:3509: ./conftest
configure:3509: $? = 0
configure:3520: result: yes
configure:3533: checking for sys/types.h
configure:3533: /usr/bin/gcc -c -O2 -I/home/anshul/aesd/FinalProject_Buildroot_Client/assignment-5-Anshul-99/buildroot/output/host/include  conftest.c >&5
configure:3533: $? = 0
configure:3533: result: yes
configure:3533: checking for sys/stat.h
configure:3533: /usr/bin/gcc -c -O2 -I/home/anshul/aesd/FinalProject_Buildroot_Client/assignment-5-Anshul-99/buildroot/output/host/include  conftest.c >&5
configure:3533: $? = 0
configure:3533: result: yes
configure:3533: checking for stdlib.h
configure:3533: /usr/bin/gcc -c -O2 -I/home/anshul/aesd/FinalProject_Buildroot_Client/assignment-5-Anshul-99/buildroot/output/host/include  conftest.c >&5
configure:3533: $? = 0
configure:3533: result: yes
configure:3533: checking for string.h
configure:3533: /usr/bin/gcc -c -O2 -I/home/anshul/aesd/FinalProject_Buildroot_Client/assignment-5-Anshul-99/buildroot/output/host/include  conftest.c >&5
configure:3533: $? = 0
configure:3533: result: yes
configure:3533: checking for memory.h
configure:3533: /usr/bin/gcc -c -O2 -I/home/anshul/aesd/FinalProject_Buildroot_Client/assignment-5-Anshul-99/buildroot/output/host/include  conftest.c >&5
configure:3533: $? = 0
configure:3533: result: yes
configure:3533: checking for strings.h
configure:3533: /usr/bin/gcc -c -O2 -I/home/anshul/aesd/FinalProject_Buildroot_Client/assignment-5-Anshul-99/buildroot/output/host/include  conftest.c >&5
configure:3533: $? = 0
configure:3533: result: yes
configure:3533: checking for inttypes.h
configure:3533: /usr/bin/gcc -c -O2 -I/home/anshul/aesd/FinalProject_Buildroot_Client/assignment-5-Anshul-99/buildroot/output/host/include  conftest.c >&5
configure:3533: $? = 0
configure:3533: result: yes
configure:3533: checking for stdint.h
configure:3533: /usr/bin/gcc -c -O2 -I/home/anshul/aesd/FinalProject_Buildroot_Client/assignment-5-Anshul-99/buildroot/output/host/include  conftest.c >&5
configure:3533: $? = 0
configure:3533: result: yes
configure:3533: checking for unistd.h
configure:3533: /usr/bin/gcc -c -O2 -I/home/anshul/aesd/FinalProject_Buildroot_Client/assignment-5-Anshul-99/buildroot/output/host/include  conftest.c >&5
configure:3533: $? = 0
configure:3533: result: yes
configure:3546: checking minix/config.h usability
configure:3546: /usr/bin/gcc -c -O2 -I/home/anshul/aesd/FinalProject_Buildroot_Client/assignment-5-Anshul-99/buildroot/output/host/include  conftest.c >&5
conftest.c:52:10: fatal error: minix/config.h: No such file or directory
   52 | #include <minix/config.h>
      |          ^~~~~~~~~~~~~~~~
compilation terminated.
configure:3546: $? = 1
configure: failed program was:
| /* confdefs.h */
| #define PACKAGE_NAME "libctf library"
| #define PACKAGE_TARNAME "libctf-library"
| #define PACKAGE_VERSION "1.2.0-pre"
| #define PACKAGE_STRING "libctf library 1.2.0-pre"
| #define PACKAGE_BUGREPORT ""
| #define PACKAGE_URL ""
| #define STDC_HEADERS 1
| #define HAVE_SYS_TYPES_H 1
| #define HAVE_SYS_STAT_H 1
| #define HAVE_STDLIB_H 1
| #define HAVE_STRING_H 1
| #define HAVE_MEMORY_H 1
| #define HAVE_STRINGS_H 1
| #define HAVE_INTTYPES_H 1
| #define HAVE_STDINT_H 1
| #define HAVE_UNISTD_H 1
| /* end confdefs.h.  */
| #include <stdio.h>
| #ifdef HAVE_SYS_TYPES_H
| # include <sys/types.h>
| #endif
| #ifdef HAVE_SYS_STAT_H
| # include <sys/stat.h>
| #endif
| #ifdef STDC_HEADERS
| # include <stdlib.h>
| # include <stddef.h>
| #else
| # ifdef HAVE_STDLIB_H
| #  include <stdlib.h>
| # endif
| #endif
| #ifdef HAVE_STRING_H
| # if !defined STDC_HEADERS && defined HAVE_MEMORY_H
| #  include <memory.h>
| # endif
| # include <string.h>
| #endif
| #ifdef HAVE_STRINGS_H
| # include <strings.h>
| #endif
| #ifdef HAVE_INTTYPES_H
| # include <inttypes.h>
| #endif
| #ifdef HAVE_STDINT_H
| # include <stdint.h>
| #endif
| #ifdef HAVE_UNISTD_H
| # include <unistd.h>
| #endif
| #include <minix/config.h>
configure:3546: result: no
configure:3546: checking minix/config.h presence
configure:3546: /usr/bin/gcc -E  conftest.c
conftest.c:19:10: fatal error: minix/config.h: No such file or directory
   19 | #include <minix/config.h>
      |          ^~~~~~~~~~~~~~~~
compilation terminated.
configure:3546: $? = 1
configure: failed program was:
| /* confdefs.h */
| #define PACKAGE_NAME "libctf library"
| #define PACKAGE_TARNAME "libctf-library"
| #define PACKAGE_VERSION "1.2.0-pre"
| #define PACKAGE_STRING "libctf library 1.2.0-pre"
| #define PACKAGE_BUGREPORT ""
| #define PACKAGE_URL ""
| #define STDC_HEADERS 1
| #define HAVE_SYS_TYPES_H 1
| #define HAVE_SYS_STAT_H 1
| #define HAVE_STDLIB_H 1
| #define HAVE_STRING_H 1
| #define HAVE_MEMORY_H 1
| #define HAVE_STRINGS_H 1
| #define HAVE_INTTYPES_H 1
| #define HAVE_STDINT_H 1
| #define HAVE_UNISTD_H 1
| /* end confdefs.h.  */
| #include <minix/config.h>
configure:3546: result: no
configure:3546: checking for minix/config.h
configure:3546: result: no
configure:3567: checking whether it is safe to define __EXTENSIONS__
configure:3585: /usr/bin/gcc -c -O2 -I/home/anshul/aesd/FinalProject_Buildroot_Client/assignment-5-Anshul-99/buildroot/output/host/include  conftest.c >&5
configure:3585: $? = 0
configure:3592: result: yes
configure:3622: checking for a BSD-compatible install
configure:3690: result: /usr/bin/install -c
configure:3701: checking whether build environment is sane
configure:3756: result: yes
configure:3902: checking for a thread-safe mkdir -p
configure:3941: result: /usr/bin/mkdir -p
configure:3948: checking for gawk
configure:3975: result: gawk
configure:3986: checking whether /usr/bin/make sets $(MAKE)
configure:4008: result: yes
configure:4038: checking for style of include used by /usr/bin/make
configure:4066: result: GNU
configure:4100: checking whether /usr/bin/make supports nested variables
configure:4117: result: yes
configure:4202: checking dependency style of /usr/bin/gcc
configure:4313: result: none
configure:4373: checking whether /usr/bin/make sets $(MAKE)
configure:4395: result: yes
configure:4412: checking for x86_64-pc-linux-gnu-gcc
configure:4439: result: /usr/bin/gcc
configure:4708: checking for C compiler version
configure:4717: /usr/bin/gcc --version >&5
gcc (Ubuntu 9.4.0-1ubuntu1~20.04.1) 9.4.0
Copyright (C) 2019 Free Software Foundation, Inc.
This is free software; see the source for copying conditions.  There is NO
warranty; not even for MERCHANTABILITY or FITNESS FOR A PARTICULAR PURPOSE.

configure:4728: $? = 0
configure:4717: /usr/bin/gcc -v >&5
Using built-in specs.
COLLECT_GCC=/usr/bin/gcc
COLLECT_LTO_WRAPPER=/usr/lib/gcc/x86_64-linux-gnu/9/lto-wrapper
OFFLOAD_TARGET_NAMES=nvptx-none:hsa
OFFLOAD_TARGET_DEFAULT=1
Target: x86_64-linux-gnu
Configured with: ../src/configure -v --with-pkgversion='Ubuntu 9.4.0-1ubuntu1~20.04.1' --with-bugurl=file:///usr/share/doc/gcc-9/README.Bugs --enable-languages=c,ada,c++,go,brig,d,fortran,objc,obj-c++,gm2 --prefix=/usr --with-gcc-major-version-only --program-suffix=-9 --program-prefix=x86_64-linux-gnu- --enable-shared --enable-linker-build-id --libexecdir=/usr/lib --without-included-gettext --enable-threads=posix --libdir=/usr/lib --enable-nls --enable-clocale=gnu --enable-libstdcxx-debug --enable-libstdcxx-time=yes --with-default-libstdcxx-abi=new --enable-gnu-unique-object --disable-vtable-verify --enable-plugin --enable-default-pie --with-system-zlib --with-target-system-zlib=auto --enable-objc-gc=auto --enable-multiarch --disable-werror --with-arch-32=i686 --with-abi=m64 --with-multilib-list=m32,m64,mx32 --enable-multilib --with-tune=generic --enable-offload-targets=nvptx-none=/build/gcc-9-Av3uEd/gcc-9-9.4.0/debian/tmp-nvptx/usr,hsa --without-cuda-driver --enable-checking=release --build=x86_64-linux-gnu --host=x86_64-linux-gnu --target=x86_64-linux-gnu
Thread model: posix
gcc version 9.4.0 (Ubuntu 9.4.0-1ubuntu1~20.04.1) 
configure:4728: $? = 0
configure:4717: /usr/bin/gcc -V >&5
gcc: error: unrecognized command line option '-V'
gcc: fatal error: no input files
compilation terminated.
configure:4728: $? = 1
configure:4717: /usr/bin/gcc -qversion >&5
gcc: error: unrecognized command line option '-qversion'; did you mean '--version'?
gcc: fatal error: no input files
compilation terminated.
configure:4728: $? = 1
configure:4732: checking whether we are using the GNU C compiler
configure:4760: result: yes
configure:4769: checking whether /usr/bin/gcc accepts -g
configure:4830: result: yes
configure:4847: checking for /usr/bin/gcc option to accept ISO C89
configure:4923: result: none needed
configure:4948: checking whether /usr/bin/gcc understands -c and -o together
configure:4985: result: yes
configure:5005: checking for x86_64-pc-linux-gnu-ranlib
configure:5032: result: /usr/bin/ranlib
configure:5099: checking for x86_64-pc-linux-gnu-ar
configure:5126: result: /usr/bin/ar
configure:5196: checking the archiver (/usr/bin/ar) interface
configure:5212: /usr/bin/gcc -c -O2 -I/home/anshul/aesd/FinalProject_Buildroot_Client/assignment-5-Anshul-99/buildroot/output/host/include  conftest.c >&5
configure:5212: $? = 0
configure:5214: /usr/bin/ar cru libconftest.a conftest.o >&5
/usr/bin/ar: `u' modifier ignored since `D' is the default (see `U')
configure:5217: $? = 0
configure:5216: result: ar
configure:5249: checking whether NLS is requested
configure:5252: result: no
configure:5368: checking build system type
configure:5382: result: x86_64-pc-linux-gnu
configure:5402: checking host system type
configure:5415: result: x86_64-pc-linux-gnu
configure:5456: checking how to print strings
configure:5483: result: printf
configure:5504: checking for a sed that does not truncate output
configure:5568: result: /usr/bin/sed
configure:5586: checking for fgrep
configure:5648: result: /usr/bin/grep -F
configure:5683: checking for ld used by /usr/bin/gcc
configure:5750: result: /usr/bin/ld
configure:5757: checking if the linker (/usr/bin/ld) is GNU ld
configure:5772: result: yes
configure:5784: checking for BSD- or MS-compatible name lister (nm)
configure:5833: result: /usr/bin/nm
configure:5963: checking the name lister (/usr/bin/nm) interface
configure:5970: /usr/bin/gcc -c -O2 -I/home/anshul/aesd/FinalProject_Buildroot_Client/assignment-5-Anshul-99/buildroot/output/host/include  conftest.c >&5
configure:5973: /usr/bin/nm "conftest.o"
configure:5976: output
0000000000000000 B some_variable
configure:5977: result: BSD nm
configure:5980: checking whether ln -s works
configure:5984: result: yes
configure:5992: checking the maximum length of command line arguments
configure:6117: result: 1572864
configure:6134: checking whether the shell understands some XSI constructs
configure:6143: result: yes
configure:6147: checking whether the shell understands "+="
configure:6151: result: yes
configure:6186: checking for /usr/bin/ld option to reload object files
configure:6193: result: -r
configure:6222: checking for x86_64-pc-linux-gnu-objdump
configure:6249: result: objdump
configure:6321: checking how to recognize dependent libraries
configure:6522: result: pass_all
configure:6542: checking for x86_64-pc-linux-gnu-ar
configure:6569: result: /usr/bin/ar
configure:6647: checking for x86_64-pc-linux-gnu-strip
configure:6677: result: no
configure:6687: checking for strip
configure:6703: found /usr/bin/strip
configure:6714: result: strip
configure:6746: checking for x86_64-pc-linux-gnu-ranlib
configure:6773: result: /usr/bin/ranlib
configure:6915: checking command to parse /usr/bin/nm output from /usr/bin/gcc object
configure:7033: /usr/bin/gcc -c -O2 -I/home/anshul/aesd/FinalProject_Buildroot_Client/assignment-5-Anshul-99/buildroot/output/host/include  conftest.c >&5
configure:7036: $? = 0
configure:7040: /usr/bin/nm conftest.o \| sed -n -e 's/^.*[ ]\([ABCDGIRSTW][ABCDGIRSTW]*\)[ ][ ]*\([_A-Za-z][_A-Za-z0-9]*\)$/\1 \2 \2/p' \> conftest.nm
configure:7043: $? = 0
configure:7097: /usr/bin/gcc -o conftest -O2 -I/home/anshul/aesd/FinalProject_Buildroot_Client/assignment-5-Anshul-99/buildroot/output/host/include   -L/home/anshul/aesd/FinalProject_Buildroot_Client/assignment-5-Anshul-99/buildroot/output/host/lib -Wl,-rpath,/home/anshul/aesd/FinalProject_Buildroot_Client/assignment-5-Anshul-99/buildroot/output/host/lib conftest.c conftstm.o >&5
configure:7100: $? = 0
configure:7138: result: ok
configure:7233: /usr/bin/gcc -c -O2 -I/home/anshul/aesd/FinalProject_Buildroot_Client/assignment-5-Anshul-99/buildroot/output/host/include  conftest.c >&5
configure:7236: $? = 0
configure:7986: checking for dlfcn.h
configure:7986: /usr/bin/gcc -c -O2 -I/home/anshul/aesd/FinalProject_Buildroot_Client/assignment-5-Anshul-99/buildroot/output/host/include  conftest.c >&5
configure:7986: $? = 0
configure:7986: result: yes
configure:8143: checking for objdir
configure:8158: result: .libs
configure:8429: checking if /usr/bin/gcc supports -fno-rtti -fno-exceptions
configure:8447: /usr/bin/gcc -c -O2 -I/home/anshul/aesd/FinalProject_Buildroot_Client/assignment-5-Anshul-99/buildroot/output/host/include  -fno-rtti -fno-exceptions conftest.c >&5
cc1: warning: command line option '-fno-rtti' is valid for C++/D/ObjC++ but not for C
configure:8451: $? = 0
configure:8464: result: no
configure:8484: checking for /usr/bin/gcc option to produce PIC
configure:8770: result: -fPIC -DPIC
configure:8782: checking if /usr/bin/gcc PIC flag -fPIC -DPIC works
configure:8800: /usr/bin/gcc -c -O2 -I/home/anshul/aesd/FinalProject_Buildroot_Client/assignment-5-Anshul-99/buildroot/output/host/include  -fPIC -DPIC -DPIC conftest.c >&5
configure:8804: $? = 0
configure:8817: result: yes
configure:8841: checking if /usr/bin/gcc static flag -static works
configure:8869: result: yes
configure:8884: checking if /usr/bin/gcc supports -c -o file.o
configure:8905: /usr/bin/gcc -c -O2 -I/home/anshul/aesd/FinalProject_Buildroot_Client/assignment-5-Anshul-99/buildroot/output/host/include  -o out/conftest2.o conftest.c >&5
configure:8909: $? = 0
configure:8931: result: yes
configure:8939: checking if /usr/bin/gcc supports -c -o file.o
configure:8986: result: yes
configure:9019: checking whether the /usr/bin/gcc linker (/usr/bin/ld -m elf_x86_64) supports shared libraries
configure:10090: result: yes
configure:10335: checking dynamic linker characteristics
configure:10786: /usr/bin/gcc -o conftest -O2 -I/home/anshul/aesd/FinalProject_Buildroot_Client/assignment-5-Anshul-99/buildroot/output/host/include   -L/home/anshul/aesd/FinalProject_Buildroot_Client/assignment-5-Anshul-99/buildroot/output/host/lib -Wl,-rpath,/home/anshul/aesd/FinalProject_Buildroot_Client/assignment-5-Anshul-99/buildroot/output/host/lib -Wl,-rpath -Wl,/foo conftest.c  >&5
configure:10786: $? = 0
configure:11008: result: GNU/Linux ld.so
configure:11115: checking how to hardcode library paths into programs
configure:11140: result: immediate
configure:11680: checking whether stripping libraries is possible
configure:11685: result: yes
configure:11720: checking if libtool supports shared libraries
configure:11722: result: yes
configure:11725: checking whether to build shared libraries
configure:11746: result: no
configure:11749: checking whether to build static libraries
configure:11753: result: yes
configure:8942: checking for special C compiler options needed for large files
configure:8987: result: no
configure:8993: checking for _FILE_OFFSET_BITS value needed for large files
configure:9018: /usr/bin/gcc -c -O2 -I/home/anshul/aesd/FinalProject_Buildroot_Client/assignment-5-Anshul-99/buildroot/output/host/include  conftest.c >&5
configure:9018: $? = 0
configure:9050: result: no
configure:9141: checking for aclocal
configure:9168: result: ${SHELL} /home/anshul/aesd/FinalProject_Buildroot_Client/assignment-5-Anshul-99/buildroot/output/build/host-binutils-2.35.2/missing aclocal-1.15
configure:9184: checking for autoconf
configure:9211: result: ${SHELL} /home/anshul/aesd/FinalProject_Buildroot_Client/assignment-5-Anshul-99/buildroot/output/build/host-binutils-2.35.2/missing autoconf
configure:9227: checking for autoheader
configure:9254: result: ${SHELL} /home/anshul/aesd/FinalProject_Buildroot_Client/assignment-5-Anshul-99/buildroot/output/build/host-binutils-2.35.2/missing autoheader
configure:9288: checking whether /usr/bin/gcc supports -W
configure:9305: /usr/bin/gcc -c -W  conftest.c >&5
configure:9305: $? = 0
configure:9314: result: yes
configure:9288: checking whether /usr/bin/gcc supports -Wall
configure:9305: /usr/bin/gcc -c -Wall  conftest.c >&5
configure:9305: $? = 0
configure:9314: result: yes
configure:9288: checking whether /usr/bin/gcc supports -Wnarrowing
configure:9305: /usr/bin/gcc -c -Wnarrowing  conftest.c >&5
configure:9305: $? = 0
configure:9314: result: yes
configure:9288: checking whether /usr/bin/gcc supports -Wwrite-strings
configure:9305: /usr/bin/gcc -c -Wwrite-strings  conftest.c >&5
configure:9305: $? = 0
configure:9314: result: yes
configure:9288: checking whether /usr/bin/gcc supports -Wmissing-format-attribute
configure:9305: /usr/bin/gcc -c -Wmissing-format-attribute  conftest.c >&5
configure:9305: $? = 0
configure:9314: result: yes
configure:9346: checking whether /usr/bin/gcc supports -Wstrict-prototypes
configure:9363: /usr/bin/gcc -c -Wstrict-prototypes  conftest.c >&5
conftest.c:30:1: warning: function declaration isn't a prototype [-Wstrict-prototypes]
   30 | main ()
      | ^~~~
configure:9363: $? = 0
configure:9372: result: yes
configure:9346: checking whether /usr/bin/gcc supports -Wmissing-prototypes
configure:9363: /usr/bin/gcc -c -Wmissing-prototypes  conftest.c >&5
configure:9363: $? = 0
configure:9372: result: yes
configure:9346: checking whether /usr/bin/gcc supports -Wold-style-definition
configure:9363: /usr/bin/gcc -c -Wold-style-definition  conftest.c >&5
conftest.c: In function 'main':
conftest.c:30:1: warning: old-style function definition [-Wold-style-definition]
   30 | main ()
      | ^~~~
configure:9363: $? = 0
configure:9372: result: yes
configure:9396: checking whether /usr/bin/gcc supports -pedantic -Wlong-long
configure:9414: /usr/bin/gcc -c -pedantic -Wlong-long  conftest.c >&5
configure:9414: $? = 0
configure:9422: result: yes
configure:9466: checking whether to enable maintainer-specific portions of Makefiles
configure:9475: result: no
configure:9503: checking whether to install libbfd
configure:9516: result: no
configure:9561: checking whether /usr/bin/gcc supports -Wall
configure:9587: result: yes
configure:9608: checking for stdlib.h
configure:9608: result: yes
configure:9608: checking for unistd.h
configure:9608: result: yes
configure:9608: checking for sys/param.h
configure:9608: /usr/bin/gcc -c -O2 -I/home/anshul/aesd/FinalProject_Buildroot_Client/assignment-5-Anshul-99/buildroot/output/host/include  conftest.c >&5
configure:9608: $? = 0
configure:9608: result: yes
configure:9628: checking for getpagesize
configure:9628: /usr/bin/gcc -o conftest -O2 -I/home/anshul/aesd/FinalProject_Buildroot_Client/assignment-5-Anshul-99/buildroot/output/host/include   -L/home/anshul/aesd/FinalProject_Buildroot_Client/assignment-5-Anshul-99/buildroot/output/host/lib -Wl,-rpath,/home/anshul/aesd/FinalProject_Buildroot_Client/assignment-5-Anshul-99/buildroot/output/host/lib conftest.c  >&5
configure:9628: $? = 0
configure:9628: result: yes
configure:9637: checking for working mmap
configure:9784: /usr/bin/gcc -o conftest -O2 -I/home/anshul/aesd/FinalProject_Buildroot_Client/assignment-5-Anshul-99/buildroot/output/host/include   -L/home/anshul/aesd/FinalProject_Buildroot_Client/assignment-5-Anshul-99/buildroot/output/host/lib -Wl,-rpath,/home/anshul/aesd/FinalProject_Buildroot_Client/assignment-5-Anshul-99/buildroot/output/host/lib conftest.c  >&5
configure:9784: $? = 0
configure:9784: ./conftest
configure:9784: $? = 0
configure:9794: result: yes
configure:9804: checking for library containing dlopen
configure:9835: /usr/bin/gcc -o conftest -O2 -I/home/anshul/aesd/FinalProject_Buildroot_Client/assignment-5-Anshul-99/buildroot/output/host/include   -L/home/anshul/aesd/FinalProject_Buildroot_Client/assignment-5-Anshul-99/buildroot/output/host/lib -Wl,-rpath,/home/anshul/aesd/FinalProject_Buildroot_Client/assignment-5-Anshul-99/buildroot/output/host/lib conftest.c  >&5
/usr/bin/ld: /tmp/cclU24M2.o: in function `main':
conftest.c:(.text.startup+0xb): undefined reference to `dlopen'
collect2: error: ld returned 1 exit status
configure:9835: $? = 1
configure: failed program was:
| /* confdefs.h */
| #define PACKAGE_NAME "libctf library"
| #define PACKAGE_TARNAME "libctf-library"
| #define PACKAGE_VERSION "1.2.0-pre"
| #define PACKAGE_STRING "libctf library 1.2.0-pre"
| #define PACKAGE_BUGREPORT ""
| #define PACKAGE_URL ""
| #define STDC_HEADERS 1
| #define HAVE_SYS_TYPES_H 1
| #define HAVE_SYS_STAT_H 1
| #define HAVE_STDLIB_H 1
| #define HAVE_STRING_H 1
| #define HAVE_MEMORY_H 1
| #define HAVE_STRINGS_H 1
| #define HAVE_INTTYPES_H 1
| #define HAVE_STDINT_H 1
| #define HAVE_UNISTD_H 1
| #define __EXTENSIONS__ 1
| #define _ALL_SOURCE 1
| #define _GNU_SOURCE 1
| #define _POSIX_PTHREAD_SEMANTICS 1
| #define _TANDEM_SOURCE 1
| #define PACKAGE "libctf-library"
| #define VERSION "1.2.0-pre"
| #define HAVE_DLFCN_H 1
| #define LT_OBJDIR ".libs/"
| #define HAVE_STDLIB_H 1
| #define HAVE_UNISTD_H 1
| #define HAVE_SYS_PARAM_H 1
| #define HAVE_GETPAGESIZE 1
| #define HAVE_MMAP 1
| /* end confdefs.h.  */
| 
| /* Override any GCC internal prototype to avoid an error.
|    Use char because int might match the return type of a GCC
|    builtin and then its argument prototype would still apply.  */
| #ifdef __cplusplus
| extern "C"
| #endif
| char dlopen ();
| int
| main ()
| {
| return dlopen ();
|   ;
|   return 0;
| }
configure:9835: /usr/bin/gcc -o conftest -O2 -I/home/anshul/aesd/FinalProject_Buildroot_Client/assignment-5-Anshul-99/buildroot/output/host/include   -L/home/anshul/aesd/FinalProject_Buildroot_Client/assignment-5-Anshul-99/buildroot/output/host/lib -Wl,-rpath,/home/anshul/aesd/FinalProject_Buildroot_Client/assignment-5-Anshul-99/buildroot/output/host/lib conftest.c -ldl   >&5
configure:9835: $? = 0
configure:9852: result: -ldl
configure:9890: checking for ELF support in BFD
configure:9909: /usr/bin/gcc -o conftest -I./../include -I../bfd -I./../bfd -O2 -I/home/anshul/aesd/FinalProject_Buildroot_Client/assignment-5-Anshul-99/buildroot/output/host/include  -L../bfd -L../libiberty -L../zlib  -L/home/anshul/aesd/FinalProject_Buildroot_Client/assignment-5-Anshul-99/buildroot/output/host/lib -Wl,-rpath,/home/anshul/aesd/FinalProject_Buildroot_Client/assignment-5-Anshul-99/buildroot/output/host/lib conftest.c -lbfd -liberty -lz  -ldl  >&5
In file included from conftest.c:35:
../bfd/elf-bfd.h: In function 'bfd_section_is_ctf':
../bfd/elf-bfd.h:3074:10: warning: implicit declaration of function 'strncmp' [-Wimplicit-function-declaration]
 3074 |   return strncmp (name, ".ctf", 4) == 0 && (name[4] == 0 || name[4] == '.');
      |          ^~~~~~~
../bfd/elf-bfd.h:3074:33: warning: 'strncmp' argument 3 type is 'int' where 'long unsigned int' is expected in a call to built-in function declared without prototype [-Wbuiltin-declaration-mismatch]
 3074 |   return strncmp (name, ".ctf", 4) == 0 && (name[4] == 0 || name[4] == '.');
      |                                 ^
<built-in>: note: built-in 'strncmp' declared here
configure:9909: $? = 0
configure:9917: result: yes
configure:9929: checking whether byte ordering is bigendian
configure:9944: /usr/bin/gcc -c -O2 -I/home/anshul/aesd/FinalProject_Buildroot_Client/assignment-5-Anshul-99/buildroot/output/host/include  conftest.c >&5
conftest.c:35:9: error: unknown type name 'not'
   35 |         not a universal capable compiler
      |         ^~~
conftest.c:35:15: error: expected '=', ',', ';', 'asm' or '__attribute__' before 'universal'
   35 |         not a universal capable compiler
      |               ^~~~~~~~~
conftest.c:35:15: error: unknown type name 'universal'
configure:9944: $? = 1
configure: failed program was:
| /* confdefs.h */
| #define PACKAGE_NAME "libctf library"
| #define PACKAGE_TARNAME "libctf-library"
| #define PACKAGE_VERSION "1.2.0-pre"
| #define PACKAGE_STRING "libctf library 1.2.0-pre"
| #define PACKAGE_BUGREPORT ""
| #define PACKAGE_URL ""
| #define STDC_HEADERS 1
| #define HAVE_SYS_TYPES_H 1
| #define HAVE_SYS_STAT_H 1
| #define HAVE_STDLIB_H 1
| #define HAVE_STRING_H 1
| #define HAVE_MEMORY_H 1
| #define HAVE_STRINGS_H 1
| #define HAVE_INTTYPES_H 1
| #define HAVE_STDINT_H 1
| #define HAVE_UNISTD_H 1
| #define __EXTENSIONS__ 1
| #define _ALL_SOURCE 1
| #define _GNU_SOURCE 1
| #define _POSIX_PTHREAD_SEMANTICS 1
| #define _TANDEM_SOURCE 1
| #define PACKAGE "libctf-library"
| #define VERSION "1.2.0-pre"
| #define HAVE_DLFCN_H 1
| #define LT_OBJDIR ".libs/"
| #define HAVE_STDLIB_H 1
| #define HAVE_UNISTD_H 1
| #define HAVE_SYS_PARAM_H 1
| #define HAVE_GETPAGESIZE 1
| #define HAVE_MMAP 1
| #define HAVE_BFD_ELF 1
| /* end confdefs.h.  */
| #ifndef __APPLE_CC__
| 	       not a universal capable compiler
| 	     #endif
| 	     typedef int dummy;
| 
configure:9989: /usr/bin/gcc -c -O2 -I/home/anshul/aesd/FinalProject_Buildroot_Client/assignment-5-Anshul-99/buildroot/output/host/include  conftest.c >&5
configure:9989: $? = 0
configure:10007: /usr/bin/gcc -c -O2 -I/home/anshul/aesd/FinalProject_Buildroot_Client/assignment-5-Anshul-99/buildroot/output/host/include  conftest.c >&5
conftest.c: In function 'main':
conftest.c:41:4: error: unknown type name 'not'; did you mean 'ino_t'?
   41 |    not big endian
      |    ^~~
      |    ino_t
conftest.c:41:12: error: expected '=', ',', ';', 'asm' or '__attribute__' before 'endian'
   41 |    not big endian
      |            ^~~~~~
configure:10007: $? = 1
configure: failed program was:
| /* confdefs.h */
| #define PACKAGE_NAME "libctf library"
| #define PACKAGE_TARNAME "libctf-library"
| #define PACKAGE_VERSION "1.2.0-pre"
| #define PACKAGE_STRING "libctf library 1.2.0-pre"
| #define PACKAGE_BUGREPORT ""
| #define PACKAGE_URL ""
| #define STDC_HEADERS 1
| #define HAVE_SYS_TYPES_H 1
| #define HAVE_SYS_STAT_H 1
| #define HAVE_STDLIB_H 1
| #define HAVE_STRING_H 1
| #define HAVE_MEMORY_H 1
| #define HAVE_STRINGS_H 1
| #define HAVE_INTTYPES_H 1
| #define HAVE_STDINT_H 1
| #define HAVE_UNISTD_H 1
| #define __EXTENSIONS__ 1
| #define _ALL_SOURCE 1
| #define _GNU_SOURCE 1
| #define _POSIX_PTHREAD_SEMANTICS 1
| #define _TANDEM_SOURCE 1
| #define PACKAGE "libctf-library"
| #define VERSION "1.2.0-pre"
| #define HAVE_DLFCN_H 1
| #define LT_OBJDIR ".libs/"
| #define HAVE_STDLIB_H 1
| #define HAVE_UNISTD_H 1
| #define HAVE_SYS_PARAM_H 1
| #define HAVE_GETPAGESIZE 1
| #define HAVE_MMAP 1
| #define HAVE_BFD_ELF 1
| /* end confdefs.h.  */
| #include <sys/types.h>
| 		#include <sys/param.h>
| 
| int
| main ()
| {
| #if BYTE_ORDER != BIG_ENDIAN
| 		 not big endian
| 		#endif
| 
|   ;
|   return 0;
| }
configure:10135: result: no
configure:10156: checking byteswap.h usability
configure:10156: /usr/bin/gcc -c -O2 -I/home/anshul/aesd/FinalProject_Buildroot_Client/assignment-5-Anshul-99/buildroot/output/host/include  conftest.c >&5
configure:10156: $? = 0
configure:10156: result: yes
configure:10156: checking byteswap.h presence
configure:10156: /usr/bin/gcc -E  conftest.c
configure:10156: $? = 0
configure:10156: result: yes
configure:10156: checking for byteswap.h
configure:10156: result: yes
configure:10156: checking endian.h usability
configure:10156: /usr/bin/gcc -c -O2 -I/home/anshul/aesd/FinalProject_Buildroot_Client/assignment-5-Anshul-99/buildroot/output/host/include  conftest.c >&5
configure:10156: $? = 0
configure:10156: result: yes
configure:10156: checking endian.h presence
configure:10156: /usr/bin/gcc -E  conftest.c
configure:10156: $? = 0
configure:10156: result: yes
configure:10156: checking for endian.h
configure:10156: result: yes
configure:10168: checking for pread
configure:10168: /usr/bin/gcc -o conftest -O2 -I/home/anshul/aesd/FinalProject_Buildroot_Client/assignment-5-Anshul-99/buildroot/output/host/include   -L/home/anshul/aesd/FinalProject_Buildroot_Client/assignment-5-Anshul-99/buildroot/output/host/lib -Wl,-rpath,/home/anshul/aesd/FinalProject_Buildroot_Client/assignment-5-Anshul-99/buildroot/output/host/lib conftest.c -ldl  >&5
configure:10168: $? = 0
configure:10168: result: yes
configure:10178: checking whether asprintf is declared
configure:10178: /usr/bin/gcc -c -O2 -I/home/anshul/aesd/FinalProject_Buildroot_Client/assignment-5-Anshul-99/buildroot/output/host/include  conftest.c >&5
configure:10178: $? = 0
configure:10178: result: yes
configure:10189: checking whether bswap_16 is declared
configure:10189: /usr/bin/gcc -c -O2 -I/home/anshul/aesd/FinalProject_Buildroot_Client/assignment-5-Anshul-99/buildroot/output/host/include  conftest.c >&5
configure:10189: $? = 0
configure:10189: result: yes
configure:10200: checking whether bswap_32 is declared
configure:10200: /usr/bin/gcc -c -O2 -I/home/anshul/aesd/FinalProject_Buildroot_Client/assignment-5-Anshul-99/buildroot/output/host/include  conftest.c >&5
configure:10200: $? = 0
configure:10200: result: yes
configure:10211: checking whether bswap_64 is declared
configure:10211: /usr/bin/gcc -c -O2 -I/home/anshul/aesd/FinalProject_Buildroot_Client/assignment-5-Anshul-99/buildroot/output/host/include  conftest.c >&5
configure:10211: $? = 0
configure:10211: result: yes
configure:10230: checking for qsort_r
configure:10230: /usr/bin/gcc -o conftest -O2 -I/home/anshul/aesd/FinalProject_Buildroot_Client/assignment-5-Anshul-99/buildroot/output/host/include   -L/home/anshul/aesd/FinalProject_Buildroot_Client/assignment-5-Anshul-99/buildroot/output/host/lib -Wl,-rpath,/home/anshul/aesd/FinalProject_Buildroot_Client/assignment-5-Anshul-99/buildroot/output/host/lib conftest.c -ldl  >&5
configure:10230: $? = 0
configure:10230: result: yes
configure:10243: checking for qsort_r signature
configure:10269: /usr/bin/gcc -o conftest -O2 -I/home/anshul/aesd/FinalProject_Buildroot_Client/assignment-5-Anshul-99/buildroot/output/host/include   -L/home/anshul/aesd/FinalProject_Buildroot_Client/assignment-5-Anshul-99/buildroot/output/host/lib -Wl,-rpath,/home/anshul/aesd/FinalProject_Buildroot_Client/assignment-5-Anshul-99/buildroot/output/host/lib conftest.c -ldl  >&5
configure:10269: $? = 0
configure:10303: result: GNU
configure:10326: checking for O_CLOEXEC
configure:10346: /usr/bin/gcc -o conftest -O2 -I/home/anshul/aesd/FinalProject_Buildroot_Client/assignment-5-Anshul-99/buildroot/output/host/include   -L/home/anshul/aesd/FinalProject_Buildroot_Client/assignment-5-Anshul-99/buildroot/output/host/lib -Wl,-rpath,/home/anshul/aesd/FinalProject_Buildroot_Client/assignment-5-Anshul-99/buildroot/output/host/lib conftest.c -ldl  >&5
configure:10346: $? = 0
configure:10354: result: yes
configure:10480: updating cache ./config.cache
configure:10524: checking that generated files are newer than configure
configure:10530: result: done
configure:10566: creating ./config.status

## ---------------------- ##
## Running config.status. ##
## ---------------------- ##

This file was extended by libctf library config.status 1.2.0-pre, which was
generated by GNU Autoconf 2.69.  Invocation command line was

  CONFIG_FILES    = 
  CONFIG_HEADERS  = 
  CONFIG_LINKS    = 
  CONFIG_COMMANDS = 
  $ ./config.status 

on Anshul-UbuntuVM

config.status:1121: creating Makefile
config.status:1121: creating config.h
config.status:1350: executing depfiles commands
config.status:1350: executing libtool commands

## ---------------- ##
## Cache variables. ##
## ---------------- ##

ac_cv_build=x86_64-pc-linux-gnu
ac_cv_c_bigendian=no
ac_cv_c_compiler_gnu=yes
ac_cv_env_CC_set=set
ac_cv_env_CC_value=/usr/bin/gcc
ac_cv_env_CFLAGS_set=set
ac_cv_env_CFLAGS_value='-O2 -I/home/anshul/aesd/FinalProject_Buildroot_Client/assignment-5-Anshul-99/buildroot/output/host/include'
ac_cv_env_CPPFLAGS_set=
ac_cv_env_CPPFLAGS_value=
ac_cv_env_CPP_set=
ac_cv_env_CPP_value=
ac_cv_env_LDFLAGS_set=set
ac_cv_env_LDFLAGS_value=' -L/home/anshul/aesd/FinalProject_Buildroot_Client/assignment-5-Anshul-99/buildroot/output/host/lib -Wl,-rpath,/home/anshul/aesd/FinalProject_Buildroot_Client/assignment-5-Anshul-99/buildroot/output/host/lib'
ac_cv_env_LIBS_set=
ac_cv_env_LIBS_value=
ac_cv_env_build_alias_set=set
ac_cv_env_build_alias_value=x86_64-pc-linux-gnu
ac_cv_env_host_alias_set=set
ac_cv_env_host_alias_value=x86_64-pc-linux-gnu
ac_cv_env_target_alias_set=set
ac_cv_env_target_alias_value=arm-buildroot-linux-uclibcgnueabihf
ac_cv_func_getpagesize=yes
ac_cv_func_mmap_fixed_mapped=yes
ac_cv_func_pread=yes
ac_cv_func_qsort_r=yes
ac_cv_have_decl_asprintf=yes
ac_cv_have_decl_bswap_16=yes
ac_cv_have_decl_bswap_32=yes
ac_cv_have_decl_bswap_64=yes
ac_cv_header_byteswap_h=yes
ac_cv_header_dlfcn_h=yes
ac_cv_header_endian_h=yes
ac_cv_header_inttypes_h=yes
ac_cv_header_memory_h=yes
ac_cv_header_minix_config_h=no
ac_cv_header_stdc=yes
ac_cv_header_stdint_h=yes
ac_cv_header_stdlib_h=yes
ac_cv_header_string_h=yes
ac_cv_header_strings_h=yes
ac_cv_header_sys_param_h=yes
ac_cv_header_sys_stat_h=yes
ac_cv_header_sys_types_h=yes
ac_cv_header_unistd_h=yes
ac_cv_host=x86_64-pc-linux-gnu
ac_cv_libctf_bfd_elf=yes
ac_cv_libctf_macro_O_CLOEXEC=yes
ac_cv_libctf_qsort_r_signature=GNU
ac_cv_objext=o
ac_cv_path_EGREP='/usr/bin/grep -E'
ac_cv_path_FGREP='/usr/bin/grep -F'
ac_cv_path_GREP=/usr/bin/grep
ac_cv_path_SED=/usr/bin/sed
ac_cv_path_mkdir=/usr/bin/mkdir
ac_cv_prog_ACLOCAL='${SHELL} /home/anshul/aesd/FinalProject_Buildroot_Client/assignment-5-Anshul-99/buildroot/output/build/host-binutils-2.35.2/missing aclocal-1.15'
ac_cv_prog_AR=/usr/bin/ar
ac_cv_prog_AUTOCONF='${SHELL} /home/anshul/aesd/FinalProject_Buildroot_Client/assignment-5-Anshul-99/buildroot/output/build/host-binutils-2.35.2/missing autoconf'
ac_cv_prog_AUTOHEADER='${SHELL} /home/anshul/aesd/FinalProject_Buildroot_Client/assignment-5-Anshul-99/buildroot/output/build/host-binutils-2.35.2/missing autoheader'
ac_cv_prog_AWK=gawk
ac_cv_prog_CC=/usr/bin/gcc
ac_cv_prog_CPP='/usr/bin/gcc -E'
ac_cv_prog_OBJDUMP=objdump
ac_cv_prog_RANLIB=/usr/bin/ranlib
ac_cv_prog_ac_ct_STRIP=strip
ac_cv_prog_cc_c89=
ac_cv_prog_cc_g=yes
ac_cv_prog_make__usr_bin_make_set=yes
ac_cv_safe_to_define___extensions__=yes
ac_cv_search_dlopen=-ldl
ac_cv_sys_file_offset_bits=no
ac_cv_sys_largefile_CC=no
acx_cv_prog_cc_pedantic__Wlong_long=yes
acx_cv_prog_cc_warning__W=yes
acx_cv_prog_cc_warning__Wall=yes
acx_cv_prog_cc_warning__Wmissing_format_attribute=yes
acx_cv_prog_cc_warning__Wmissing_prototypes=yes
acx_cv_prog_cc_warning__Wnarrowing=yes
acx_cv_prog_cc_warning__Wold_style_definition=yes
acx_cv_prog_cc_warning__Wstrict_prototypes=yes
acx_cv_prog_cc_warning__Wwrite_strings=yes
am_cv_CC_dependencies_compiler_type=none
am_cv_ar_interface=ar
am_cv_make_support_nested_variables=yes
am_cv_prog_cc_c_o=yes
lt_cv_deplibs_check_method=pass_all
lt_cv_file_magic_cmd='$MAGIC_CMD'
lt_cv_file_magic_test_file=
lt_cv_ld_reload_flag=-r
lt_cv_nm_interface='BSD nm'
lt_cv_objdir=.libs
lt_cv_path_LD=/usr/bin/ld
lt_cv_path_NM=/usr/bin/nm
lt_cv_prog_compiler_c_o=yes
lt_cv_prog_compiler_pic_works=yes
lt_cv_prog_compiler_rtti_exceptions=no
lt_cv_prog_compiler_static_works=yes
lt_cv_prog_gnu_ld=yes
lt_cv_shlibpath_overrides_runpath=yes
lt_cv_sys_global_symbol_pipe='sed -n -e '\''s/^.*[	 ]\([ABCDGIRSTW][ABCDGIRSTW]*\)[	 ][	 ]*\([_A-Za-z][_A-Za-z0-9]*\)$/\1 \2 \2/p'\'''
lt_cv_sys_global_symbol_to_c_name_address='sed -n -e '\''s/^: \([^ ]*\) $/  {\"\1\", (void *) 0},/p'\'' -e '\''s/^[ABCDGIRSTW]* \([^ ]*\) \([^ ]*\)$/  {"\2", (void *) \&\2},/p'\'''
lt_cv_sys_global_symbol_to_c_name_address_lib_prefix='sed -n -e '\''s/^: \([^ ]*\) $/  {\"\1\", (void *) 0},/p'\'' -e '\''s/^[ABCDGIRSTW]* \([^ ]*\) \(lib[^ ]*\)$/  {"\2", (void *) \&\2},/p'\'' -e '\''s/^[ABCDGIRSTW]* \([^ ]*\) \([^ ]*\)$/  {"lib\2", (void *) \&\2},/p'\'''
lt_cv_sys_global_symbol_to_cdecl='sed -n -e '\''s/^T .* \(.*\)$/extern int \1();/p'\'' -e '\''s/^[ABCDGIRSTW]* .* \(.*\)$/extern char \1;/p'\'''
lt_cv_sys_max_cmd_len=1572864

## ----------------- ##
## Output variables. ##
## ----------------- ##

ACLOCAL='${SHELL} /home/anshul/aesd/FinalProject_Buildroot_Client/assignment-5-Anshul-99/buildroot/output/build/host-binutils-2.35.2/missing aclocal-1.15'
AMDEPBACKSLASH=''
AMDEP_FALSE=''
AMDEP_TRUE='#'
AMTAR='$${TAR-tar}'
AM_BACKSLASH='\'
AM_DEFAULT_V='$(AM_DEFAULT_VERBOSITY)'
AM_DEFAULT_VERBOSITY='1'
AM_V='$(V)'
AR='/usr/bin/ar'
AUTOCONF='${SHELL} /home/anshul/aesd/FinalProject_Buildroot_Client/assignment-5-Anshul-99/buildroot/output/build/host-binutils-2.35.2/missing autoconf'
AUTOHEADER='${SHELL} /home/anshul/aesd/FinalProject_Buildroot_Client/assignment-5-Anshul-99/buildroot/output/build/host-binutils-2.35.2/missing autoheader'
AUTOMAKE='${SHELL} /home/anshul/aesd/FinalProject_Buildroot_Client/assignment-5-Anshul-99/buildroot/output/build/host-binutils-2.35.2/missing automake-1.15'
AWK='gawk'
BFD_DEPENDENCIES=''
BFD_LIBADD=''
CATALOGS=''
CATOBJEXT=''
CC='/usr/bin/gcc'
CCDEPMODE='depmode=none'
CFLAGS='-O2 -I/home/anshul/aesd/FinalProject_Buildroot_Client/assignment-5-Anshul-99/buildroot/output/host/include'
CPP='/usr/bin/gcc -E'
CPPFLAGS=''
CYGPATH_W='echo'
DATADIRNAME=''
DEFS='-DHAVE_CONFIG_H'
DEPDIR='.deps'
DSYMUTIL=''
DUMPBIN=''
ECHO_C=''
ECHO_N='-n'
ECHO_T=''
EGREP='/usr/bin/grep -E'
EXEEXT=''
FGREP='/usr/bin/grep -F'
GENCAT=''
GMSGFMT=':'
GREP='/usr/bin/grep'
INCINTL=''
INSTALL_DATA='/usr/bin/install -c -m 644'
INSTALL_LIBBFD_FALSE=''
INSTALL_LIBBFD_TRUE='#'
INSTALL_PROGRAM='/usr/bin/install -c'
INSTALL_SCRIPT='/usr/bin/install -c'
INSTALL_STRIP_PROGRAM='$(install_sh) -c -s'
INSTOBJEXT=''
LD='/usr/bin/ld -m elf_x86_64'
LDFLAGS=' -L/home/anshul/aesd/FinalProject_Buildroot_Client/assignment-5-Anshul-99/buildroot/output/host/lib -Wl,-rpath,/home/anshul/aesd/FinalProject_Buildroot_Client/assignment-5-Anshul-99/buildroot/output/host/lib'
LIBINTL=''
LIBINTL_DEP=''
LIBOBJS=''
LIBS='-ldl '
LIBTOOL='$(SHELL) $(top_builddir)/libtool'
LIPO=''
LN_S='ln -s'
LTLIBOBJS=''
MAINT='#'
MAINTAINER_MODE_FALSE=''
MAINTAINER_MODE_TRUE='#'
MAKEINFO='true --split-size=5000000'
MKDIR_P='/usr/bin/mkdir -p'
NEED_CTF_QSORT_R_FALSE=''
NEED_CTF_QSORT_R_TRUE='#'
NM='/usr/bin/nm'
NMEDIT=''
OBJDUMP='objdump'
OBJEXT='o'
OTOOL64=''
OTOOL=''
PACKAGE='libctf-library'
PACKAGE_BUGREPORT=''
PACKAGE_NAME='libctf library'
PACKAGE_STRING='libctf library 1.2.0-pre'
PACKAGE_TARNAME='libctf-library'
PACKAGE_URL=''
PACKAGE_VERSION='1.2.0-pre'
PATH_SEPARATOR=':'
POSUB=''
RANLIB='/usr/bin/ranlib'
SED='/usr/bin/sed'
SET_MAKE=''
SHARED_LDFLAGS=''
SHARED_LIBADD=''
SHELL='/bin/bash'
STRIP='strip'
USE_NLS='no'
VERSION='1.2.0-pre'
VERSION_FLAGS='-Wl,--version-script='\''./libctf.ver'\'''
WARN_PEDANTIC='-pedantic -Wno-long-long'
WERROR=''
XGETTEXT=':'
ac_ct_AR=''
ac_ct_CC=''
ac_ct_DUMPBIN=''
ac_libctf_warn_cflags='-Wall'
am__EXEEXT_FALSE=''
am__EXEEXT_TRUE='#'
am__fastdepCC_FALSE=''
am__fastdepCC_TRUE='#'
am__include='include'
am__isrc=''
am__leading_dot='.'
am__nodep=''
am__quote=''
am__tar='$${TAR-tar} chof - "$$tardir"'
am__untar='$${TAR-tar} xf -'
bfdincludedir='$(exec_prefix)/$(host_noncanonical)/$(target_noncanonical)/include'
bfdlibdir='$(exec_prefix)/$(host_noncanonical)/$(target_noncanonical)/lib'
bindir='${exec_prefix}/bin'
build='x86_64-pc-linux-gnu'
build_alias='x86_64-pc-linux-gnu'
build_cpu='x86_64'
build_os='linux-gnu'
build_vendor='pc'
c_warn='-Wstrict-prototypes -Wmissing-prototypes -Wold-style-definition'
datadir='${datarootdir}'
datarootdir='${prefix}/share'
docdir='${datarootdir}/doc/${PACKAGE_TARNAME}'
dvidir='${docdir}'
exec_prefix='${prefix}'
host='x86_64-pc-linux-gnu'
host_alias='x86_64-pc-linux-gnu'
host_cpu='x86_64'
host_noncanonical='x86_64-pc-linux-gnu'
host_os='linux-gnu'
host_vendor='pc'
htmldir='${docdir}'
includedir='${prefix}/include'
infodir='${datarootdir}/info'
install_sh='${SHELL} /home/anshul/aesd/FinalProject_Buildroot_Client/assignment-5-Anshul-99/buildroot/output/build/host-binutils-2.35.2/install-sh'
libdir='${exec_prefix}/lib'
libexecdir='${exec_prefix}/libexec'
localedir='${datarootdir}/locale'
localstatedir='/home/anshul/aesd/FinalProject_Buildroot_Client/assignment-5-Anshul-99/buildroot/output/host/var'
mandir='${datarootdir}/man'
mkdir_p='$(MKDIR_P)'
oldincludedir='/usr/include'
pdfdir='${docdir}'
prefix='/home/anshul/aesd/FinalProject_Buildroot_Client/assignment-5-Anshul-99/buildroot/output/host'
program_transform_name='s&^&arm-buildroot-linux-uclibcgnueabihf-&'
psdir='${docdir}'
sbindir='${exec_prefix}/sbin'
sharedstatedir='${prefix}/com'
sysconfdir='/home/anshul/aesd/FinalProject_Buildroot_Client/assignment-5-Anshul-99/buildroot/output/host/etc'
target_alias='arm-buildroot-linux-uclibcgnueabihf'
target_noncanonical='arm-buildroot-linux-uclibcgnueabihf'
warn='-W -Wall -Wno-narrowing -Wwrite-strings -Wmissing-format-attribute'
zlibdir='-L$(top_builddir)/../zlib'
zlibinc='-I$(top_srcdir)/../zlib'

## ----------- ##
## confdefs.h. ##
## ----------- ##

/* confdefs.h */
#define PACKAGE_NAME "libctf library"
#define PACKAGE_TARNAME "libctf-library"
#define PACKAGE_VERSION "1.2.0-pre"
#define PACKAGE_STRING "libctf library 1.2.0-pre"
#define PACKAGE_BUGREPORT ""
#define PACKAGE_URL ""
#define STDC_HEADERS 1
#define HAVE_SYS_TYPES_H 1
#define HAVE_SYS_STAT_H 1
#define HAVE_STDLIB_H 1
#define HAVE_STRING_H 1
#define HAVE_MEMORY_H 1
#define HAVE_STRINGS_H 1
#define HAVE_INTTYPES_H 1
#define HAVE_STDINT_H 1
#define HAVE_UNISTD_H 1
#define __EXTENSIONS__ 1
#define _ALL_SOURCE 1
#define _GNU_SOURCE 1
#define _POSIX_PTHREAD_SEMANTICS 1
#define _TANDEM_SOURCE 1
#define PACKAGE "libctf-library"
#define VERSION "1.2.0-pre"
#define HAVE_DLFCN_H 1
#define LT_OBJDIR ".libs/"
#define HAVE_STDLIB_H 1
#define HAVE_UNISTD_H 1
#define HAVE_SYS_PARAM_H 1
#define HAVE_GETPAGESIZE 1
#define HAVE_MMAP 1
#define HAVE_BFD_ELF 1
#define HAVE_BYTESWAP_H 1
#define HAVE_ENDIAN_H 1
#define HAVE_PREAD 1
#define HAVE_DECL_ASPRINTF 1
#define HAVE_DECL_BSWAP_16 1
#define HAVE_DECL_BSWAP_32 1
#define HAVE_DECL_BSWAP_64 1
#define HAVE_QSORT_R 1
#define HAVE_QSORT_R_ARG_LAST 1
#define HAVE_O_CLOEXEC 1

configure: exit 0
