This file contains any messages produced by compilers while
running configure, to aid debugging if configure makes a mistake.

It was created by genimage configure 13, which was
generated by GNU Autoconf 2.69.  Invocation command line was

  $ ./configure --prefix=/home/anshul/aesd/FinalProject_Buildroot_Client/assignment-5-Anshul-99/buildroot/output/host --sysconfdir=/home/anshul/aesd/FinalProject_Buildroot_Client/assignment-5-Anshul-99/buildroot/output/host/etc --localstatedir=/home/anshul/aesd/FinalProject_Buildroot_Client/assignment-5-Anshul-99/buildroot/output/host/var --enable-shared --disable-static --disable-gtk-doc --disable-gtk-doc-html --disable-doc --disable-docs --disable-documentation --disable-debug --with-xmlto=no --with-fop=no --disable-nls --disable-dependency-tracking

## --------- ##
## Platform. ##
## --------- ##

hostname = Anshul-UbuntuVM
uname -m = x86_64
uname -r = 5.13.0-39-generic
uname -s = Linux
uname -v = #44~20.04.1-Ubuntu SMP Thu Mar 24 16:43:35 UTC 2022

/usr/bin/uname -p = x86_64
/bin/uname -X     = unknown

/bin/arch              = x86_64
/usr/bin/arch -k       = unknown
/usr/convex/getsysinfo = unknown
/usr/bin/hostinfo      = unknown
/bin/machine           = unknown
/usr/bin/oslevel       = unknown
/bin/universe          = unknown

PATH: /home/anshul/aesd/FinalProject_Buildroot_Client/assignment-5-Anshul-99/buildroot/output/host/bin
PATH: /home/anshul/aesd/FinalProject_Buildroot_Client/assignment-5-Anshul-99/buildroot/output/host/sbin
PATH: /home/anshul/bin
PATH: /usr/local/sbin
PATH: /usr/local/bin
PATH: /usr/sbin
PATH: /usr/bin
PATH: /sbin
PATH: /bin
PATH: /usr/games
PATH: /usr/local/games
PATH: /snap/bin


## ----------- ##
## Core tests. ##
## ----------- ##

configure:2334: checking for a BSD-compatible install
configure:2402: result: /usr/bin/install -c
configure:2413: checking whether build environment is sane
configure:2468: result: yes
configure:2617: checking for a thread-safe mkdir -p
configure:2656: result: /usr/bin/mkdir -p
configure:2663: checking for gawk
configure:2679: found /usr/bin/gawk
configure:2690: result: gawk
configure:2701: checking whether make sets $(MAKE)
configure:2723: result: yes
configure:2752: checking whether make supports nested variables
configure:2769: result: yes
configure:2848: checking how to create a pax tar archive
configure:2859: tar --version
tar (GNU tar) 1.30
Copyright (C) 2017 Free Software Foundation, Inc.
License GPLv3+: GNU GPL version 3 or later <https://gnu.org/licenses/gpl.html>.
This is free software: you are free to change and redistribute it.
There is NO WARRANTY, to the extent permitted by law.

Written by John Gilmore and Jay Fenlason.
configure:2862: $? = 0
configure:2902: tardir=conftest.dir && eval tar --format=posix -chf - "$tardir" >conftest.tar
configure:2905: $? = 0
configure:2909: tar -xf - <conftest.tar
configure:2912: $? = 0
configure:2914: cat conftest.dir/file
GrepMe
configure:2917: $? = 0
configure:2930: result: gnutar
configure:2984: checking whether make supports the include directive
configure:2999: make -f confmf.GNU && cat confinc.out
make[2]: Entering directory '/home/anshul/aesd/FinalProject_Buildroot_Client/assignment-5-Anshul-99/buildroot/output/build/host-genimage-13'
make[2]: Leaving directory '/home/anshul/aesd/FinalProject_Buildroot_Client/assignment-5-Anshul-99/buildroot/output/build/host-genimage-13'
this is the am__doit target
configure:3002: $? = 0
configure:3021: result: yes (GNU style)
configure:3091: checking for gcc
configure:3118: result: /usr/bin/gcc
configure:3347: checking for C compiler version
configure:3356: /usr/bin/gcc --version >&5
gcc (Ubuntu 9.4.0-1ubuntu1~20.04.1) 9.4.0
Copyright (C) 2019 Free Software Foundation, Inc.
This is free software; see the source for copying conditions.  There is NO
warranty; not even for MERCHANTABILITY or FITNESS FOR A PARTICULAR PURPOSE.

configure:3367: $? = 0
configure:3356: /usr/bin/gcc -v >&5
Using built-in specs.
COLLECT_GCC=/usr/bin/gcc
COLLECT_LTO_WRAPPER=/usr/lib/gcc/x86_64-linux-gnu/9/lto-wrapper
OFFLOAD_TARGET_NAMES=nvptx-none:hsa
OFFLOAD_TARGET_DEFAULT=1
Target: x86_64-linux-gnu
Configured with: ../src/configure -v --with-pkgversion='Ubuntu 9.4.0-1ubuntu1~20.04.1' --with-bugurl=file:///usr/share/doc/gcc-9/README.Bugs --enable-languages=c,ada,c++,go,brig,d,fortran,objc,obj-c++,gm2 --prefix=/usr --with-gcc-major-version-only --program-suffix=-9 --program-prefix=x86_64-linux-gnu- --enable-shared --enable-linker-build-id --libexecdir=/usr/lib --without-included-gettext --enable-threads=posix --libdir=/usr/lib --enable-nls --enable-clocale=gnu --enable-libstdcxx-debug --enable-libstdcxx-time=yes --with-default-libstdcxx-abi=new --enable-gnu-unique-object --disable-vtable-verify --enable-plugin --enable-default-pie --with-system-zlib --with-target-system-zlib=auto --enable-objc-gc=auto --enable-multiarch --disable-werror --with-arch-32=i686 --with-abi=m64 --with-multilib-list=m32,m64,mx32 --enable-multilib --with-tune=generic --enable-offload-targets=nvptx-none=/build/gcc-9-Av3uEd/gcc-9-9.4.0/debian/tmp-nvptx/usr,hsa --without-cuda-driver --enable-checking=release --build=x86_64-linux-gnu --host=x86_64-linux-gnu --target=x86_64-linux-gnu
Thread model: posix
gcc version 9.4.0 (Ubuntu 9.4.0-1ubuntu1~20.04.1) 
configure:3367: $? = 0
configure:3356: /usr/bin/gcc -V >&5
gcc: error: unrecognized command line option '-V'
gcc: fatal error: no input files
compilation terminated.
configure:3367: $? = 1
configure:3356: /usr/bin/gcc -qversion >&5
gcc: error: unrecognized command line option '-qversion'; did you mean '--version'?
gcc: fatal error: no input files
compilation terminated.
configure:3367: $? = 1
configure:3387: checking whether the C compiler works
configure:3409: /usr/bin/gcc -O2 -I/home/anshul/aesd/FinalProject_Buildroot_Client/assignment-5-Anshul-99/buildroot/output/host/include -I/home/anshul/aesd/FinalProject_Buildroot_Client/assignment-5-Anshul-99/buildroot/output/host/include -L/home/anshul/aesd/FinalProject_Buildroot_Client/assignment-5-Anshul-99/buildroot/output/host/lib -Wl,-rpath,/home/anshul/aesd/FinalProject_Buildroot_Client/assignment-5-Anshul-99/buildroot/output/host/lib conftest.c  >&5
configure:3413: $? = 0
configure:3461: result: yes
configure:3464: checking for C compiler default output file name
configure:3466: result: a.out
configure:3472: checking for suffix of executables
configure:3479: /usr/bin/gcc -o conftest -O2 -I/home/anshul/aesd/FinalProject_Buildroot_Client/assignment-5-Anshul-99/buildroot/output/host/include -I/home/anshul/aesd/FinalProject_Buildroot_Client/assignment-5-Anshul-99/buildroot/output/host/include -L/home/anshul/aesd/FinalProject_Buildroot_Client/assignment-5-Anshul-99/buildroot/output/host/lib -Wl,-rpath,/home/anshul/aesd/FinalProject_Buildroot_Client/assignment-5-Anshul-99/buildroot/output/host/lib conftest.c  >&5
configure:3483: $? = 0
configure:3505: result: 
configure:3527: checking whether we are cross compiling
configure:3535: /usr/bin/gcc -o conftest -O2 -I/home/anshul/aesd/FinalProject_Buildroot_Client/assignment-5-Anshul-99/buildroot/output/host/include -I/home/anshul/aesd/FinalProject_Buildroot_Client/assignment-5-Anshul-99/buildroot/output/host/include -L/home/anshul/aesd/FinalProject_Buildroot_Client/assignment-5-Anshul-99/buildroot/output/host/lib -Wl,-rpath,/home/anshul/aesd/FinalProject_Buildroot_Client/assignment-5-Anshul-99/buildroot/output/host/lib conftest.c  >&5
configure:3539: $? = 0
configure:3546: ./conftest
configure:3550: $? = 0
configure:3538: result: no
configure:3543: checking for suffix of object files
configure:3565: /usr/bin/gcc -c -O2 -I/home/anshul/aesd/FinalProject_Buildroot_Client/assignment-5-Anshul-99/buildroot/output/host/include -I/home/anshul/aesd/FinalProject_Buildroot_Client/assignment-5-Anshul-99/buildroot/output/host/include conftest.c >&5
configure:3569: $? = 0
configure:3590: result: o
configure:3594: checking whether we are using the GNU C compiler
configure:3613: /usr/bin/gcc -c -O2 -I/home/anshul/aesd/FinalProject_Buildroot_Client/assignment-5-Anshul-99/buildroot/output/host/include -I/home/anshul/aesd/FinalProject_Buildroot_Client/assignment-5-Anshul-99/buildroot/output/host/include conftest.c >&5
configure:3613: $? = 0
configure:3622: result: yes
configure:3631: checking whether /usr/bin/gcc accepts -g
configure:3651: /usr/bin/gcc -c -g -I/home/anshul/aesd/FinalProject_Buildroot_Client/assignment-5-Anshul-99/buildroot/output/host/include conftest.c >&5
configure:3651: $? = 0
configure:3692: result: yes
configure:3709: checking for /usr/bin/gcc option to accept ISO C89
configure:3772: /usr/bin/gcc  -c -O2 -I/home/anshul/aesd/FinalProject_Buildroot_Client/assignment-5-Anshul-99/buildroot/output/host/include -I/home/anshul/aesd/FinalProject_Buildroot_Client/assignment-5-Anshul-99/buildroot/output/host/include conftest.c >&5
configure:3772: $? = 0
configure:3785: result: none needed
configure:3810: checking whether /usr/bin/gcc understands -c and -o together
configure:3832: /usr/bin/gcc -c conftest.c -o conftest2.o
configure:3835: $? = 0
configure:3832: /usr/bin/gcc -c conftest.c -o conftest2.o
configure:3835: $? = 0
configure:3847: result: yes
configure:3866: checking dependency style of /usr/bin/gcc
configure:3977: result: none
configure:3996: checking for /usr/bin/gcc option to accept ISO C99
configure:4145: /usr/bin/gcc  -c -O2 -I/home/anshul/aesd/FinalProject_Buildroot_Client/assignment-5-Anshul-99/buildroot/output/host/include -I/home/anshul/aesd/FinalProject_Buildroot_Client/assignment-5-Anshul-99/buildroot/output/host/include conftest.c >&5
configure:4145: $? = 0
configure:4158: result: none needed
configure:4266: checking for /usr/bin/gcc option to accept ISO Standard C
configure:4277: result: none needed
configure:4292: checking how to run the C preprocessor
configure:4362: result: /usr/bin/cpp
configure:4382: /usr/bin/cpp -I/home/anshul/aesd/FinalProject_Buildroot_Client/assignment-5-Anshul-99/buildroot/output/host/include conftest.c
configure:4382: $? = 0
configure:4396: /usr/bin/cpp -I/home/anshul/aesd/FinalProject_Buildroot_Client/assignment-5-Anshul-99/buildroot/output/host/include conftest.c
conftest.c:11:10: fatal error: ac_nonexistent.h: No such file or directory
   11 | #include <ac_nonexistent.h>
      |          ^~~~~~~~~~~~~~~~~~
compilation terminated.
configure:4396: $? = 1
configure: failed program was:
| /* confdefs.h */
| #define PACKAGE_NAME "genimage"
| #define PACKAGE_TARNAME "genimage"
| #define PACKAGE_VERSION "13"
| #define PACKAGE_STRING "genimage 13"
| #define PACKAGE_BUGREPORT "oss-tools@pengutronix.de"
| #define PACKAGE_URL "http://www.pengutronix.de/genimage/"
| #define PACKAGE "genimage"
| #define VERSION "13"
| /* end confdefs.h.  */
| #include <ac_nonexistent.h>
configure:4425: checking for grep that handles long lines and -e
configure:4483: result: /usr/bin/grep
configure:4488: checking for egrep
configure:4550: result: /usr/bin/grep -E
configure:4555: checking for ANSI C header files
configure:4575: /usr/bin/gcc -c -O2 -I/home/anshul/aesd/FinalProject_Buildroot_Client/assignment-5-Anshul-99/buildroot/output/host/include -I/home/anshul/aesd/FinalProject_Buildroot_Client/assignment-5-Anshul-99/buildroot/output/host/include conftest.c >&5
configure:4575: $? = 0
configure:4648: /usr/bin/gcc -o conftest -O2 -I/home/anshul/aesd/FinalProject_Buildroot_Client/assignment-5-Anshul-99/buildroot/output/host/include -I/home/anshul/aesd/FinalProject_Buildroot_Client/assignment-5-Anshul-99/buildroot/output/host/include -L/home/anshul/aesd/FinalProject_Buildroot_Client/assignment-5-Anshul-99/buildroot/output/host/lib -Wl,-rpath,/home/anshul/aesd/FinalProject_Buildroot_Client/assignment-5-Anshul-99/buildroot/output/host/lib conftest.c  >&5
configure:4648: $? = 0
configure:4648: ./conftest
configure:4648: $? = 0
configure:4659: result: yes
configure:4672: checking for sys/types.h
configure:4672: /usr/bin/gcc -c -O2 -I/home/anshul/aesd/FinalProject_Buildroot_Client/assignment-5-Anshul-99/buildroot/output/host/include -I/home/anshul/aesd/FinalProject_Buildroot_Client/assignment-5-Anshul-99/buildroot/output/host/include conftest.c >&5
configure:4672: $? = 0
configure:4672: result: yes
configure:4672: checking for sys/stat.h
configure:4672: /usr/bin/gcc -c -O2 -I/home/anshul/aesd/FinalProject_Buildroot_Client/assignment-5-Anshul-99/buildroot/output/host/include -I/home/anshul/aesd/FinalProject_Buildroot_Client/assignment-5-Anshul-99/buildroot/output/host/include conftest.c >&5
configure:4672: $? = 0
configure:4672: result: yes
configure:4672: checking for stdlib.h
configure:4672: /usr/bin/gcc -c -O2 -I/home/anshul/aesd/FinalProject_Buildroot_Client/assignment-5-Anshul-99/buildroot/output/host/include -I/home/anshul/aesd/FinalProject_Buildroot_Client/assignment-5-Anshul-99/buildroot/output/host/include conftest.c >&5
configure:4672: $? = 0
configure:4672: result: yes
configure:4672: checking for string.h
configure:4672: /usr/bin/gcc -c -O2 -I/home/anshul/aesd/FinalProject_Buildroot_Client/assignment-5-Anshul-99/buildroot/output/host/include -I/home/anshul/aesd/FinalProject_Buildroot_Client/assignment-5-Anshul-99/buildroot/output/host/include conftest.c >&5
configure:4672: $? = 0
configure:4672: result: yes
configure:4672: checking for memory.h
configure:4672: /usr/bin/gcc -c -O2 -I/home/anshul/aesd/FinalProject_Buildroot_Client/assignment-5-Anshul-99/buildroot/output/host/include -I/home/anshul/aesd/FinalProject_Buildroot_Client/assignment-5-Anshul-99/buildroot/output/host/include conftest.c >&5
configure:4672: $? = 0
configure:4672: result: yes
configure:4672: checking for strings.h
configure:4672: /usr/bin/gcc -c -O2 -I/home/anshul/aesd/FinalProject_Buildroot_Client/assignment-5-Anshul-99/buildroot/output/host/include -I/home/anshul/aesd/FinalProject_Buildroot_Client/assignment-5-Anshul-99/buildroot/output/host/include conftest.c >&5
configure:4672: $? = 0
configure:4672: result: yes
configure:4672: checking for inttypes.h
configure:4672: /usr/bin/gcc -c -O2 -I/home/anshul/aesd/FinalProject_Buildroot_Client/assignment-5-Anshul-99/buildroot/output/host/include -I/home/anshul/aesd/FinalProject_Buildroot_Client/assignment-5-Anshul-99/buildroot/output/host/include conftest.c >&5
configure:4672: $? = 0
configure:4672: result: yes
configure:4672: checking for stdint.h
configure:4672: /usr/bin/gcc -c -O2 -I/home/anshul/aesd/FinalProject_Buildroot_Client/assignment-5-Anshul-99/buildroot/output/host/include -I/home/anshul/aesd/FinalProject_Buildroot_Client/assignment-5-Anshul-99/buildroot/output/host/include conftest.c >&5
configure:4672: $? = 0
configure:4672: result: yes
configure:4672: checking for unistd.h
configure:4672: /usr/bin/gcc -c -O2 -I/home/anshul/aesd/FinalProject_Buildroot_Client/assignment-5-Anshul-99/buildroot/output/host/include -I/home/anshul/aesd/FinalProject_Buildroot_Client/assignment-5-Anshul-99/buildroot/output/host/include conftest.c >&5
configure:4672: $? = 0
configure:4672: result: yes
configure:4685: checking minix/config.h usability
configure:4685: /usr/bin/gcc -c -O2 -I/home/anshul/aesd/FinalProject_Buildroot_Client/assignment-5-Anshul-99/buildroot/output/host/include -I/home/anshul/aesd/FinalProject_Buildroot_Client/assignment-5-Anshul-99/buildroot/output/host/include conftest.c >&5
conftest.c:54:10: fatal error: minix/config.h: No such file or directory
   54 | #include <minix/config.h>
      |          ^~~~~~~~~~~~~~~~
compilation terminated.
configure:4685: $? = 1
configure: failed program was:
| /* confdefs.h */
| #define PACKAGE_NAME "genimage"
| #define PACKAGE_TARNAME "genimage"
| #define PACKAGE_VERSION "13"
| #define PACKAGE_STRING "genimage 13"
| #define PACKAGE_BUGREPORT "oss-tools@pengutronix.de"
| #define PACKAGE_URL "http://www.pengutronix.de/genimage/"
| #define PACKAGE "genimage"
| #define VERSION "13"
| #define STDC_HEADERS 1
| #define HAVE_SYS_TYPES_H 1
| #define HAVE_SYS_STAT_H 1
| #define HAVE_STDLIB_H 1
| #define HAVE_STRING_H 1
| #define HAVE_MEMORY_H 1
| #define HAVE_STRINGS_H 1
| #define HAVE_INTTYPES_H 1
| #define HAVE_STDINT_H 1
| #define HAVE_UNISTD_H 1
| /* end confdefs.h.  */
| #include <stdio.h>
| #ifdef HAVE_SYS_TYPES_H
| # include <sys/types.h>
| #endif
| #ifdef HAVE_SYS_STAT_H
| # include <sys/stat.h>
| #endif
| #ifdef STDC_HEADERS
| # include <stdlib.h>
| # include <stddef.h>
| #else
| # ifdef HAVE_STDLIB_H
| #  include <stdlib.h>
| # endif
| #endif
| #ifdef HAVE_STRING_H
| # if !defined STDC_HEADERS && defined HAVE_MEMORY_H
| #  include <memory.h>
| # endif
| # include <string.h>
| #endif
| #ifdef HAVE_STRINGS_H
| # include <strings.h>
| #endif
| #ifdef HAVE_INTTYPES_H
| # include <inttypes.h>
| #endif
| #ifdef HAVE_STDINT_H
| # include <stdint.h>
| #endif
| #ifdef HAVE_UNISTD_H
| # include <unistd.h>
| #endif
| #include <minix/config.h>
configure:4685: result: no
configure:4685: checking minix/config.h presence
configure:4685: /usr/bin/cpp -I/home/anshul/aesd/FinalProject_Buildroot_Client/assignment-5-Anshul-99/buildroot/output/host/include conftest.c
conftest.c:21:10: fatal error: minix/config.h: No such file or directory
   21 | #include <minix/config.h>
      |          ^~~~~~~~~~~~~~~~
compilation terminated.
configure:4685: $? = 1
configure: failed program was:
| /* confdefs.h */
| #define PACKAGE_NAME "genimage"
| #define PACKAGE_TARNAME "genimage"
| #define PACKAGE_VERSION "13"
| #define PACKAGE_STRING "genimage 13"
| #define PACKAGE_BUGREPORT "oss-tools@pengutronix.de"
| #define PACKAGE_URL "http://www.pengutronix.de/genimage/"
| #define PACKAGE "genimage"
| #define VERSION "13"
| #define STDC_HEADERS 1
| #define HAVE_SYS_TYPES_H 1
| #define HAVE_SYS_STAT_H 1
| #define HAVE_STDLIB_H 1
| #define HAVE_STRING_H 1
| #define HAVE_MEMORY_H 1
| #define HAVE_STRINGS_H 1
| #define HAVE_INTTYPES_H 1
| #define HAVE_STDINT_H 1
| #define HAVE_UNISTD_H 1
| /* end confdefs.h.  */
| #include <minix/config.h>
configure:4685: result: no
configure:4685: checking for minix/config.h
configure:4685: result: no
configure:4706: checking whether it is safe to define __EXTENSIONS__
configure:4724: /usr/bin/gcc -c -O2 -I/home/anshul/aesd/FinalProject_Buildroot_Client/assignment-5-Anshul-99/buildroot/output/host/include -I/home/anshul/aesd/FinalProject_Buildroot_Client/assignment-5-Anshul-99/buildroot/output/host/include conftest.c >&5
configure:4724: $? = 0
configure:4731: result: yes
configure:4752: checking for special C compiler options needed for large files
configure:4797: result: no
configure:4803: checking for _FILE_OFFSET_BITS value needed for large files
configure:4828: /usr/bin/gcc -c -O2 -I/home/anshul/aesd/FinalProject_Buildroot_Client/assignment-5-Anshul-99/buildroot/output/host/include -I/home/anshul/aesd/FinalProject_Buildroot_Client/assignment-5-Anshul-99/buildroot/output/host/include conftest.c >&5
configure:4828: $? = 0
configure:4860: result: no
configure:4961: checking whether make supports nested variables
configure:4978: result: yes
configure:4996: checking for memset
configure:4996: /usr/bin/gcc -o conftest -O2 -I/home/anshul/aesd/FinalProject_Buildroot_Client/assignment-5-Anshul-99/buildroot/output/host/include -I/home/anshul/aesd/FinalProject_Buildroot_Client/assignment-5-Anshul-99/buildroot/output/host/include -L/home/anshul/aesd/FinalProject_Buildroot_Client/assignment-5-Anshul-99/buildroot/output/host/lib -Wl,-rpath,/home/anshul/aesd/FinalProject_Buildroot_Client/assignment-5-Anshul-99/buildroot/output/host/lib conftest.c  >&5
conftest.c:49:6: warning: conflicting types for built-in function 'memset'; expected 'void *(void *, int,  long unsigned int)' [-Wbuiltin-declaration-mismatch]
   49 | char memset ();
      |      ^~~~~~
conftest.c:37:1: note: 'memset' is declared in header '<string.h>'
   36 | # include <limits.h>
   37 | #else
configure:4996: $? = 0
configure:4996: result: yes
configure:4996: checking for setenv
configure:4996: /usr/bin/gcc -o conftest -O2 -I/home/anshul/aesd/FinalProject_Buildroot_Client/assignment-5-Anshul-99/buildroot/output/host/include -I/home/anshul/aesd/FinalProject_Buildroot_Client/assignment-5-Anshul-99/buildroot/output/host/include -L/home/anshul/aesd/FinalProject_Buildroot_Client/assignment-5-Anshul-99/buildroot/output/host/lib -Wl,-rpath,/home/anshul/aesd/FinalProject_Buildroot_Client/assignment-5-Anshul-99/buildroot/output/host/lib conftest.c  >&5
configure:4996: $? = 0
configure:4996: result: yes
configure:4996: checking for strdup
configure:4996: /usr/bin/gcc -o conftest -O2 -I/home/anshul/aesd/FinalProject_Buildroot_Client/assignment-5-Anshul-99/buildroot/output/host/include -I/home/anshul/aesd/FinalProject_Buildroot_Client/assignment-5-Anshul-99/buildroot/output/host/include -L/home/anshul/aesd/FinalProject_Buildroot_Client/assignment-5-Anshul-99/buildroot/output/host/lib -Wl,-rpath,/home/anshul/aesd/FinalProject_Buildroot_Client/assignment-5-Anshul-99/buildroot/output/host/lib conftest.c  >&5
conftest.c:51:6: warning: conflicting types for built-in function 'strdup'; expected 'char *(const char *)' [-Wbuiltin-declaration-mismatch]
   51 | char strdup ();
      |      ^~~~~~
configure:4996: $? = 0
configure:4996: result: yes
configure:4996: checking for strcasecmp
configure:4996: /usr/bin/gcc -o conftest -O2 -I/home/anshul/aesd/FinalProject_Buildroot_Client/assignment-5-Anshul-99/buildroot/output/host/include -I/home/anshul/aesd/FinalProject_Buildroot_Client/assignment-5-Anshul-99/buildroot/output/host/include -L/home/anshul/aesd/FinalProject_Buildroot_Client/assignment-5-Anshul-99/buildroot/output/host/lib -Wl,-rpath,/home/anshul/aesd/FinalProject_Buildroot_Client/assignment-5-Anshul-99/buildroot/output/host/lib conftest.c  >&5
conftest.c:52:6: warning: conflicting types for built-in function 'strcasecmp'; expected 'int(const char *, const char *)' [-Wbuiltin-declaration-mismatch]
   52 | char strcasecmp ();
      |      ^~~~~~~~~~
configure:4996: $? = 0
configure:4996: result: yes
configure:4996: checking for strerror
configure:4996: /usr/bin/gcc -o conftest -O2 -I/home/anshul/aesd/FinalProject_Buildroot_Client/assignment-5-Anshul-99/buildroot/output/host/include -I/home/anshul/aesd/FinalProject_Buildroot_Client/assignment-5-Anshul-99/buildroot/output/host/include -L/home/anshul/aesd/FinalProject_Buildroot_Client/assignment-5-Anshul-99/buildroot/output/host/lib -Wl,-rpath,/home/anshul/aesd/FinalProject_Buildroot_Client/assignment-5-Anshul-99/buildroot/output/host/lib conftest.c  >&5
configure:4996: $? = 0
configure:4996: result: yes
configure:4996: checking for strstr
configure:4996: /usr/bin/gcc -o conftest -O2 -I/home/anshul/aesd/FinalProject_Buildroot_Client/assignment-5-Anshul-99/buildroot/output/host/include -I/home/anshul/aesd/FinalProject_Buildroot_Client/assignment-5-Anshul-99/buildroot/output/host/include -L/home/anshul/aesd/FinalProject_Buildroot_Client/assignment-5-Anshul-99/buildroot/output/host/lib -Wl,-rpath,/home/anshul/aesd/FinalProject_Buildroot_Client/assignment-5-Anshul-99/buildroot/output/host/lib conftest.c  >&5
conftest.c:54:6: warning: conflicting types for built-in function 'strstr'; expected 'char *(const char *, const char *)' [-Wbuiltin-declaration-mismatch]
   54 | char strstr ();
      |      ^~~~~~
conftest.c:42:1: note: 'strstr' is declared in header '<string.h>'
   41 | # include <limits.h>
   42 | #else
configure:4996: $? = 0
configure:4996: result: yes
configure:4996: checking for strtoull
configure:4996: /usr/bin/gcc -o conftest -O2 -I/home/anshul/aesd/FinalProject_Buildroot_Client/assignment-5-Anshul-99/buildroot/output/host/include -I/home/anshul/aesd/FinalProject_Buildroot_Client/assignment-5-Anshul-99/buildroot/output/host/include -L/home/anshul/aesd/FinalProject_Buildroot_Client/assignment-5-Anshul-99/buildroot/output/host/lib -Wl,-rpath,/home/anshul/aesd/FinalProject_Buildroot_Client/assignment-5-Anshul-99/buildroot/output/host/lib conftest.c  >&5
configure:4996: $? = 0
configure:4996: result: yes
configure:5006: checking for inline
configure:5022: /usr/bin/gcc -c -O2 -I/home/anshul/aesd/FinalProject_Buildroot_Client/assignment-5-Anshul-99/buildroot/output/host/include -I/home/anshul/aesd/FinalProject_Buildroot_Client/assignment-5-Anshul-99/buildroot/output/host/include conftest.c >&5
configure:5022: $? = 0
configure:5030: result: inline
configure:5048: checking for error_at_line
configure:5064: /usr/bin/gcc -o conftest -O2 -I/home/anshul/aesd/FinalProject_Buildroot_Client/assignment-5-Anshul-99/buildroot/output/host/include -I/home/anshul/aesd/FinalProject_Buildroot_Client/assignment-5-Anshul-99/buildroot/output/host/include -L/home/anshul/aesd/FinalProject_Buildroot_Client/assignment-5-Anshul-99/buildroot/output/host/lib -Wl,-rpath,/home/anshul/aesd/FinalProject_Buildroot_Client/assignment-5-Anshul-99/buildroot/output/host/lib conftest.c  >&5
configure:5064: $? = 0
configure:5072: result: yes
configure:5085: checking for stdlib.h
configure:5085: result: yes
configure:5095: checking for GNU libc compatible malloc
configure:5119: /usr/bin/gcc -o conftest -O2 -I/home/anshul/aesd/FinalProject_Buildroot_Client/assignment-5-Anshul-99/buildroot/output/host/include -I/home/anshul/aesd/FinalProject_Buildroot_Client/assignment-5-Anshul-99/buildroot/output/host/include -L/home/anshul/aesd/FinalProject_Buildroot_Client/assignment-5-Anshul-99/buildroot/output/host/lib -Wl,-rpath,/home/anshul/aesd/FinalProject_Buildroot_Client/assignment-5-Anshul-99/buildroot/output/host/lib conftest.c  >&5
configure:5119: $? = 0
configure:5119: ./conftest
configure:5119: $? = 0
configure:5129: result: yes
configure:5150: checking for size_t
configure:5150: /usr/bin/gcc -c -O2 -I/home/anshul/aesd/FinalProject_Buildroot_Client/assignment-5-Anshul-99/buildroot/output/host/include -I/home/anshul/aesd/FinalProject_Buildroot_Client/assignment-5-Anshul-99/buildroot/output/host/include conftest.c >&5
configure:5150: $? = 0
configure:5150: /usr/bin/gcc -c -O2 -I/home/anshul/aesd/FinalProject_Buildroot_Client/assignment-5-Anshul-99/buildroot/output/host/include -I/home/anshul/aesd/FinalProject_Buildroot_Client/assignment-5-Anshul-99/buildroot/output/host/include conftest.c >&5
conftest.c: In function 'main':
conftest.c:71:21: error: expected expression before ')' token
   71 | if (sizeof ((size_t)))
      |                     ^
configure:5150: $? = 1
configure: failed program was:
| /* confdefs.h */
| #define PACKAGE_NAME "genimage"
| #define PACKAGE_TARNAME "genimage"
| #define PACKAGE_VERSION "13"
| #define PACKAGE_STRING "genimage 13"
| #define PACKAGE_BUGREPORT "oss-tools@pengutronix.de"
| #define PACKAGE_URL "http://www.pengutronix.de/genimage/"
| #define PACKAGE "genimage"
| #define VERSION "13"
| #define STDC_HEADERS 1
| #define HAVE_SYS_TYPES_H 1
| #define HAVE_SYS_STAT_H 1
| #define HAVE_STDLIB_H 1
| #define HAVE_STRING_H 1
| #define HAVE_MEMORY_H 1
| #define HAVE_STRINGS_H 1
| #define HAVE_INTTYPES_H 1
| #define HAVE_STDINT_H 1
| #define HAVE_UNISTD_H 1
| #define __EXTENSIONS__ 1
| #define _ALL_SOURCE 1
| #define _GNU_SOURCE 1
| #define _POSIX_PTHREAD_SEMANTICS 1
| #define _TANDEM_SOURCE 1
| #define HAVE_MEMSET 1
| #define HAVE_SETENV 1
| #define HAVE_STRDUP 1
| #define HAVE_STRCASECMP 1
| #define HAVE_STRERROR 1
| #define HAVE_STRSTR 1
| #define HAVE_STRTOULL 1
| #define HAVE_STDLIB_H 1
| #define HAVE_MALLOC 1
| /* end confdefs.h.  */
| #include <stdio.h>
| #ifdef HAVE_SYS_TYPES_H
| # include <sys/types.h>
| #endif
| #ifdef HAVE_SYS_STAT_H
| # include <sys/stat.h>
| #endif
| #ifdef STDC_HEADERS
| # include <stdlib.h>
| # include <stddef.h>
| #else
| # ifdef HAVE_STDLIB_H
| #  include <stdlib.h>
| # endif
| #endif
| #ifdef HAVE_STRING_H
| # if !defined STDC_HEADERS && defined HAVE_MEMORY_H
| #  include <memory.h>
| # endif
| # include <string.h>
| #endif
| #ifdef HAVE_STRINGS_H
| # include <strings.h>
| #endif
| #ifdef HAVE_INTTYPES_H
| # include <inttypes.h>
| #endif
| #ifdef HAVE_STDINT_H
| # include <stdint.h>
| #endif
| #ifdef HAVE_UNISTD_H
| # include <unistd.h>
| #endif
| int
| main ()
| {
| if (sizeof ((size_t)))
| 	    return 0;
|   ;
|   return 0;
| }
configure:5150: result: yes
configure:5161: checking for uint32_t
configure:5161: /usr/bin/gcc -c -O2 -I/home/anshul/aesd/FinalProject_Buildroot_Client/assignment-5-Anshul-99/buildroot/output/host/include -I/home/anshul/aesd/FinalProject_Buildroot_Client/assignment-5-Anshul-99/buildroot/output/host/include conftest.c >&5
configure:5161: $? = 0
configure:5161: result: yes
configure:5177: checking whether to enable debugging
configure:5186: result: no
configure:5190: checking whether to hide internal symbols
configure:5205: result: yes
configure:5224: /usr/bin/gcc -c -O2 -I/home/anshul/aesd/FinalProject_Buildroot_Client/assignment-5-Anshul-99/buildroot/output/host/include -pipe -I/home/anshul/aesd/FinalProject_Buildroot_Client/assignment-5-Anshul-99/buildroot/output/host/include conftest.c >&5
configure:5224: $? = 0
configure:5249: /usr/bin/gcc -c -O2 -I/home/anshul/aesd/FinalProject_Buildroot_Client/assignment-5-Anshul-99/buildroot/output/host/include -Wall -I/home/anshul/aesd/FinalProject_Buildroot_Client/assignment-5-Anshul-99/buildroot/output/host/include conftest.c >&5
configure:5249: $? = 0
configure:5274: /usr/bin/gcc -c -O2 -I/home/anshul/aesd/FinalProject_Buildroot_Client/assignment-5-Anshul-99/buildroot/output/host/include -Wextra -I/home/anshul/aesd/FinalProject_Buildroot_Client/assignment-5-Anshul-99/buildroot/output/host/include conftest.c >&5
configure:5274: $? = 0
configure:5299: /usr/bin/gcc -c -O2 -I/home/anshul/aesd/FinalProject_Buildroot_Client/assignment-5-Anshul-99/buildroot/output/host/include -Wmissing-declarations -I/home/anshul/aesd/FinalProject_Buildroot_Client/assignment-5-Anshul-99/buildroot/output/host/include conftest.c >&5
configure:5299: $? = 0
configure:5324: /usr/bin/gcc -c -O2 -I/home/anshul/aesd/FinalProject_Buildroot_Client/assignment-5-Anshul-99/buildroot/output/host/include -Wmissing-prototypes -I/home/anshul/aesd/FinalProject_Buildroot_Client/assignment-5-Anshul-99/buildroot/output/host/include conftest.c >&5
configure:5324: $? = 0
configure:5349: /usr/bin/gcc -c -O2 -I/home/anshul/aesd/FinalProject_Buildroot_Client/assignment-5-Anshul-99/buildroot/output/host/include -Wnested-externs -I/home/anshul/aesd/FinalProject_Buildroot_Client/assignment-5-Anshul-99/buildroot/output/host/include conftest.c >&5
configure:5349: $? = 0
configure:5374: /usr/bin/gcc -c -O2 -I/home/anshul/aesd/FinalProject_Buildroot_Client/assignment-5-Anshul-99/buildroot/output/host/include -Wpointer-arith -I/home/anshul/aesd/FinalProject_Buildroot_Client/assignment-5-Anshul-99/buildroot/output/host/include conftest.c >&5
configure:5374: $? = 0
configure:5399: /usr/bin/gcc -c -O2 -I/home/anshul/aesd/FinalProject_Buildroot_Client/assignment-5-Anshul-99/buildroot/output/host/include -Wsign-compare -I/home/anshul/aesd/FinalProject_Buildroot_Client/assignment-5-Anshul-99/buildroot/output/host/include conftest.c >&5
configure:5399: $? = 0
configure:5424: /usr/bin/gcc -c -O2 -I/home/anshul/aesd/FinalProject_Buildroot_Client/assignment-5-Anshul-99/buildroot/output/host/include -Wchar-subscripts -I/home/anshul/aesd/FinalProject_Buildroot_Client/assignment-5-Anshul-99/buildroot/output/host/include conftest.c >&5
configure:5424: $? = 0
configure:5449: /usr/bin/gcc -c -O2 -I/home/anshul/aesd/FinalProject_Buildroot_Client/assignment-5-Anshul-99/buildroot/output/host/include -Wstrict-prototypes -I/home/anshul/aesd/FinalProject_Buildroot_Client/assignment-5-Anshul-99/buildroot/output/host/include conftest.c >&5
configure:5449: $? = 0
configure:5474: /usr/bin/gcc -c -O2 -I/home/anshul/aesd/FinalProject_Buildroot_Client/assignment-5-Anshul-99/buildroot/output/host/include -Wshadow -I/home/anshul/aesd/FinalProject_Buildroot_Client/assignment-5-Anshul-99/buildroot/output/host/include conftest.c >&5
configure:5474: $? = 0
configure:5499: /usr/bin/gcc -c -O2 -I/home/anshul/aesd/FinalProject_Buildroot_Client/assignment-5-Anshul-99/buildroot/output/host/include -Wformat-security -I/home/anshul/aesd/FinalProject_Buildroot_Client/assignment-5-Anshul-99/buildroot/output/host/include conftest.c >&5
configure:5499: $? = 0
configure:5524: /usr/bin/gcc -c -O2 -I/home/anshul/aesd/FinalProject_Buildroot_Client/assignment-5-Anshul-99/buildroot/output/host/include -Wtype-limits -I/home/anshul/aesd/FinalProject_Buildroot_Client/assignment-5-Anshul-99/buildroot/output/host/include conftest.c >&5
configure:5524: $? = 0
configure:5549: /usr/bin/gcc -c -O2 -I/home/anshul/aesd/FinalProject_Buildroot_Client/assignment-5-Anshul-99/buildroot/output/host/include -Wunused-parameter -I/home/anshul/aesd/FinalProject_Buildroot_Client/assignment-5-Anshul-99/buildroot/output/host/include conftest.c >&5
configure:5549: $? = 0
configure:5574: /usr/bin/gcc -c -O2 -I/home/anshul/aesd/FinalProject_Buildroot_Client/assignment-5-Anshul-99/buildroot/output/host/include -ffunction-sections -I/home/anshul/aesd/FinalProject_Buildroot_Client/assignment-5-Anshul-99/buildroot/output/host/include conftest.c >&5
configure:5574: $? = 0
configure:5599: /usr/bin/gcc -c -O2 -I/home/anshul/aesd/FinalProject_Buildroot_Client/assignment-5-Anshul-99/buildroot/output/host/include -fdata-sections -I/home/anshul/aesd/FinalProject_Buildroot_Client/assignment-5-Anshul-99/buildroot/output/host/include conftest.c >&5
configure:5599: $? = 0
configure:5617: checking if /usr/bin/gcc supports -Wl,--as-needed flag
configure:5628: /usr/bin/gcc -o conftest -O2 -I/home/anshul/aesd/FinalProject_Buildroot_Client/assignment-5-Anshul-99/buildroot/output/host/include -I/home/anshul/aesd/FinalProject_Buildroot_Client/assignment-5-Anshul-99/buildroot/output/host/include -L/home/anshul/aesd/FinalProject_Buildroot_Client/assignment-5-Anshul-99/buildroot/output/host/lib -Wl,-rpath,/home/anshul/aesd/FinalProject_Buildroot_Client/assignment-5-Anshul-99/buildroot/output/host/lib -Wl,--as-needed conftest.c  >&5
configure:5628: $? = 0
configure:5638: result: yes
configure:5646: checking if /usr/bin/gcc supports -Wl,--gc-sections flag
configure:5657: /usr/bin/gcc -o conftest -O2 -I/home/anshul/aesd/FinalProject_Buildroot_Client/assignment-5-Anshul-99/buildroot/output/host/include -I/home/anshul/aesd/FinalProject_Buildroot_Client/assignment-5-Anshul-99/buildroot/output/host/include -L/home/anshul/aesd/FinalProject_Buildroot_Client/assignment-5-Anshul-99/buildroot/output/host/lib -Wl,-rpath,/home/anshul/aesd/FinalProject_Buildroot_Client/assignment-5-Anshul-99/buildroot/output/host/lib -Wl,--gc-sections conftest.c  >&5
configure:5657: $? = 0
configure:5667: result: yes
configure:5784: checking pkg-config is at least version 0.9.0
configure:5787: result: yes
configure:5797: checking for CONFUSE
configure:5804: $PKG_CONFIG --exists --print-errors "libconfuse"
configure:5807: $? = 0
configure:5821: $PKG_CONFIG --exists --print-errors "libconfuse"
configure:5824: $? = 0
configure:5882: result: yes
configure:5899: checking whether the compiler supports -fvisibility=hidden
configure:5911: /usr/bin/gcc -c -O2 -I/home/anshul/aesd/FinalProject_Buildroot_Client/assignment-5-Anshul-99/buildroot/output/host/include -fvisibility=hidden -I/home/anshul/aesd/FinalProject_Buildroot_Client/assignment-5-Anshul-99/buildroot/output/host/include conftest.c >&5
configure:5911: $? = 0
configure:5936: result: yes
configure:6060: checking that generated files are newer than configure
configure:6066: result: done
configure:6093: creating ./config.status

## ---------------------- ##
## Running config.status. ##
## ---------------------- ##

This file was extended by genimage config.status 13, which was
generated by GNU Autoconf 2.69.  Invocation command line was

  CONFIG_FILES    = 
  CONFIG_HEADERS  = 
  CONFIG_LINKS    = 
  CONFIG_COMMANDS = 
  $ ./config.status 

on Anshul-UbuntuVM

config.status:878: creating Makefile
config.status:878: creating config.h
config.status:1107: executing depfiles commands
configure:7407: WARNING: unrecognized options: --enable-shared, --disable-static, --disable-gtk-doc, --disable-gtk-doc-html, --disable-doc, --disable-docs, --disable-documentation, --with-xmlto, --with-fop, --disable-nls
configure:7424: result:
        genimage 13
        =====

        prefix:                 /home/anshul/aesd/FinalProject_Buildroot_Client/assignment-5-Anshul-99/buildroot/output/host

        compiler:               /usr/bin/gcc
        cflags:                 -O2 -I/home/anshul/aesd/FinalProject_Buildroot_Client/assignment-5-Anshul-99/buildroot/output/host/include  -pipe -Wall -Wextra -Wmissing-declarations -Wmissing-prototypes -Wnested-externs -Wpointer-arith -Wsign-compare -Wchar-subscripts -Wstrict-prototypes -Wshadow -Wformat-security -Wtype-limits -Wno-unused-parameter -ffunction-sections -fdata-sections -fvisibility=hidden
        ldflags:                -L/home/anshul/aesd/FinalProject_Buildroot_Client/assignment-5-Anshul-99/buildroot/output/host/lib -Wl,-rpath,/home/anshul/aesd/FinalProject_Buildroot_Client/assignment-5-Anshul-99/buildroot/output/host/lib  -Wl,--as-needed -Wl,--gc-sections

        debug:                  no
        hide symbols:           yes
        libconfuse:             -L/home/anshul/aesd/FinalProject_Buildroot_Client/assignment-5-Anshul-99/buildroot/output/host/lib -lconfuse 


## ---------------- ##
## Cache variables. ##
## ---------------- ##

ac_cv_c_compiler_gnu=yes
ac_cv_c_inline=inline
ac_cv_c_uint32_t=yes
ac_cv_env_CC_set=set
ac_cv_env_CC_value=/usr/bin/gcc
ac_cv_env_CFLAGS_set=set
ac_cv_env_CFLAGS_value='-O2 -I/home/anshul/aesd/FinalProject_Buildroot_Client/assignment-5-Anshul-99/buildroot/output/host/include'
ac_cv_env_CONFUSE_CFLAGS_set=
ac_cv_env_CONFUSE_CFLAGS_value=
ac_cv_env_CONFUSE_LIBS_set=
ac_cv_env_CONFUSE_LIBS_value=
ac_cv_env_CPPFLAGS_set=set
ac_cv_env_CPPFLAGS_value=-I/home/anshul/aesd/FinalProject_Buildroot_Client/assignment-5-Anshul-99/buildroot/output/host/include
ac_cv_env_CPP_set=set
ac_cv_env_CPP_value=/usr/bin/cpp
ac_cv_env_LDFLAGS_set=set
ac_cv_env_LDFLAGS_value='-L/home/anshul/aesd/FinalProject_Buildroot_Client/assignment-5-Anshul-99/buildroot/output/host/lib -Wl,-rpath,/home/anshul/aesd/FinalProject_Buildroot_Client/assignment-5-Anshul-99/buildroot/output/host/lib'
ac_cv_env_LIBS_set=
ac_cv_env_LIBS_value=
ac_cv_env_PKG_CONFIG_LIBDIR_set=set
ac_cv_env_PKG_CONFIG_LIBDIR_value=/home/anshul/aesd/FinalProject_Buildroot_Client/assignment-5-Anshul-99/buildroot/output/host/lib/pkgconfig:/home/anshul/aesd/FinalProject_Buildroot_Client/assignment-5-Anshul-99/buildroot/output/host/share/pkgconfig
ac_cv_env_PKG_CONFIG_PATH_set=
ac_cv_env_PKG_CONFIG_PATH_value=
ac_cv_env_PKG_CONFIG_set=set
ac_cv_env_PKG_CONFIG_value=/home/anshul/aesd/FinalProject_Buildroot_Client/assignment-5-Anshul-99/buildroot/output/host/bin/pkg-config
ac_cv_env_build_alias_set=
ac_cv_env_build_alias_value=
ac_cv_env_host_alias_set=
ac_cv_env_host_alias_value=
ac_cv_env_target_alias_set=
ac_cv_env_target_alias_value=
ac_cv_func_malloc_0_nonnull=yes
ac_cv_func_memset=yes
ac_cv_func_setenv=yes
ac_cv_func_strcasecmp=yes
ac_cv_func_strdup=yes
ac_cv_func_strerror=yes
ac_cv_func_strstr=yes
ac_cv_func_strtoull=yes
ac_cv_header_inttypes_h=yes
ac_cv_header_memory_h=yes
ac_cv_header_minix_config_h=no
ac_cv_header_stdc=yes
ac_cv_header_stdint_h=yes
ac_cv_header_stdlib_h=yes
ac_cv_header_string_h=yes
ac_cv_header_strings_h=yes
ac_cv_header_sys_stat_h=yes
ac_cv_header_sys_types_h=yes
ac_cv_header_unistd_h=yes
ac_cv_lib_error_at_line=yes
ac_cv_objext=o
ac_cv_path_EGREP='/usr/bin/grep -E'
ac_cv_path_GREP=/usr/bin/grep
ac_cv_path_install='/usr/bin/install -c'
ac_cv_path_mkdir=/usr/bin/mkdir
ac_cv_prog_AWK=gawk
ac_cv_prog_CPP=/usr/bin/cpp
ac_cv_prog_ac_ct_CC=/usr/bin/gcc
ac_cv_prog_cc_c89=
ac_cv_prog_cc_c99=
ac_cv_prog_cc_g=yes
ac_cv_prog_cc_stdc=
ac_cv_prog_make_make_set=yes
ac_cv_safe_to_define___extensions__=yes
ac_cv_sys_file_offset_bits=no
ac_cv_sys_largefile_CC=no
ac_cv_type_size_t=yes
am_cv_CC_dependencies_compiler_type=none
am_cv_make_support_nested_variables=yes
am_cv_prog_cc_c_o=yes
am_cv_prog_tar_pax=gnutar
cc_cv_cflags__Wall=yes
cc_cv_cflags__Wchar_subscripts=yes
cc_cv_cflags__Wextra=yes
cc_cv_cflags__Wformat_security=yes
cc_cv_cflags__Wmissing_declarations=yes
cc_cv_cflags__Wmissing_prototypes=yes
cc_cv_cflags__Wnested_externs=yes
cc_cv_cflags__Wpointer_arith=yes
cc_cv_cflags__Wshadow=yes
cc_cv_cflags__Wsign_compare=yes
cc_cv_cflags__Wstrict_prototypes=yes
cc_cv_cflags__Wtype_limits=yes
cc_cv_cflags__Wunused_parameter=yes
cc_cv_cflags__fdata_sections=yes
cc_cv_cflags__ffunction_sections=yes
cc_cv_cflags__fvisibility_hidden=yes
cc_cv_cflags__pipe=yes
cc_cv_ldflags__Wl___as_needed=yes
cc_cv_ldflags__Wl___gc_sections=yes
pkg_cv_CONFUSE_CFLAGS='-I/home/anshul/aesd/FinalProject_Buildroot_Client/assignment-5-Anshul-99/buildroot/output/host/include '
pkg_cv_CONFUSE_LIBS='-L/home/anshul/aesd/FinalProject_Buildroot_Client/assignment-5-Anshul-99/buildroot/output/host/lib -lconfuse '

## ----------------- ##
## Output variables. ##
## ----------------- ##

ACLOCAL='${SHELL} /home/anshul/aesd/FinalProject_Buildroot_Client/assignment-5-Anshul-99/buildroot/output/build/host-genimage-13/build-aux/missing aclocal-1.16'
AMDEPBACKSLASH=''
AMDEP_FALSE=''
AMDEP_TRUE='#'
AMTAR='$${TAR-tar}'
AM_BACKSLASH='\'
AM_CFLAGS=' -pipe -Wall -Wextra -Wmissing-declarations -Wmissing-prototypes -Wnested-externs -Wpointer-arith -Wsign-compare -Wchar-subscripts -Wstrict-prototypes -Wshadow -Wformat-security -Wtype-limits -Wno-unused-parameter -ffunction-sections -fdata-sections -fvisibility=hidden'
AM_DEFAULT_V='$(AM_DEFAULT_VERBOSITY)'
AM_DEFAULT_VERBOSITY='0'
AM_V='$(V)'
AUTOCONF='${SHELL} /home/anshul/aesd/FinalProject_Buildroot_Client/assignment-5-Anshul-99/buildroot/output/build/host-genimage-13/build-aux/missing autoconf'
AUTOHEADER='${SHELL} /home/anshul/aesd/FinalProject_Buildroot_Client/assignment-5-Anshul-99/buildroot/output/build/host-genimage-13/build-aux/missing autoheader'
AUTOMAKE='${SHELL} /home/anshul/aesd/FinalProject_Buildroot_Client/assignment-5-Anshul-99/buildroot/output/build/host-genimage-13/build-aux/missing automake-1.16'
AWK='gawk'
BUILD_SILENTLY_FALSE='#'
BUILD_SILENTLY_TRUE=''
CC='/usr/bin/gcc'
CCDEPMODE='depmode=none'
CFLAGS='-O2 -I/home/anshul/aesd/FinalProject_Buildroot_Client/assignment-5-Anshul-99/buildroot/output/host/include'
CONFUSE_CFLAGS='-I/home/anshul/aesd/FinalProject_Buildroot_Client/assignment-5-Anshul-99/buildroot/output/host/include '
CONFUSE_LIBS='-L/home/anshul/aesd/FinalProject_Buildroot_Client/assignment-5-Anshul-99/buildroot/output/host/lib -lconfuse '
CPP='/usr/bin/cpp'
CPPFLAGS='-I/home/anshul/aesd/FinalProject_Buildroot_Client/assignment-5-Anshul-99/buildroot/output/host/include'
CYGPATH_W='echo'
DEFS='-DHAVE_CONFIG_H'
DEPDIR='.deps'
ECHO_C=''
ECHO_N='-n'
ECHO_T=''
EGREP='/usr/bin/grep -E'
EXEEXT=''
GREP='/usr/bin/grep'
INSTALL_DATA='${INSTALL} -m 644'
INSTALL_PROGRAM='${INSTALL}'
INSTALL_SCRIPT='${INSTALL}'
INSTALL_STRIP_PROGRAM='$(install_sh) -c -s'
LDFLAGS='-L/home/anshul/aesd/FinalProject_Buildroot_Client/assignment-5-Anshul-99/buildroot/output/host/lib -Wl,-rpath,/home/anshul/aesd/FinalProject_Buildroot_Client/assignment-5-Anshul-99/buildroot/output/host/lib'
LIBOBJS=''
LIBS=''
LTLIBOBJS=''
MAKEINFO='${SHELL} /home/anshul/aesd/FinalProject_Buildroot_Client/assignment-5-Anshul-99/buildroot/output/build/host-genimage-13/build-aux/missing makeinfo'
MKDIR_P='/usr/bin/mkdir -p'
OBJEXT='o'
PACKAGE='genimage'
PACKAGE_BUGREPORT='oss-tools@pengutronix.de'
PACKAGE_NAME='genimage'
PACKAGE_STRING='genimage 13'
PACKAGE_TARNAME='genimage'
PACKAGE_URL='http://www.pengutronix.de/genimage/'
PACKAGE_VERSION='13'
PATH_SEPARATOR=':'
PKG_CONFIG='/home/anshul/aesd/FinalProject_Buildroot_Client/assignment-5-Anshul-99/buildroot/output/host/bin/pkg-config'
PKG_CONFIG_LIBDIR='/home/anshul/aesd/FinalProject_Buildroot_Client/assignment-5-Anshul-99/buildroot/output/host/lib/pkgconfig:/home/anshul/aesd/FinalProject_Buildroot_Client/assignment-5-Anshul-99/buildroot/output/host/share/pkgconfig'
PKG_CONFIG_PATH=''
SET_MAKE=''
SHELL='/bin/bash'
STRIP=''
VERSION='13'
ac_ct_CC='/usr/bin/gcc'
am__EXEEXT_FALSE=''
am__EXEEXT_TRUE='#'
am__fastdepCC_FALSE=''
am__fastdepCC_TRUE='#'
am__include='include'
am__isrc=''
am__leading_dot='.'
am__nodep=''
am__quote=''
am__tar='tar --format=posix -chf - "$$tardir"'
am__untar='tar -xf -'
bindir='${exec_prefix}/bin'
build_alias=''
datadir='${datarootdir}'
datarootdir='${prefix}/share'
docdir='${datarootdir}/doc/${PACKAGE_TARNAME}'
dvidir='${docdir}'
exec_prefix='${prefix}'
host_alias=''
htmldir='${docdir}'
includedir='${prefix}/include'
infodir='${datarootdir}/info'
install_sh='${SHELL} /home/anshul/aesd/FinalProject_Buildroot_Client/assignment-5-Anshul-99/buildroot/output/build/host-genimage-13/build-aux/install-sh'
libdir='${exec_prefix}/lib'
libexecdir='${exec_prefix}/libexec'
localedir='${datarootdir}/locale'
localstatedir='/home/anshul/aesd/FinalProject_Buildroot_Client/assignment-5-Anshul-99/buildroot/output/host/var'
mandir='${datarootdir}/man'
mkdir_p='$(MKDIR_P)'
oldincludedir='/usr/include'
pdfdir='${docdir}'
prefix='/home/anshul/aesd/FinalProject_Buildroot_Client/assignment-5-Anshul-99/buildroot/output/host'
program_transform_name='s,x,x,'
psdir='${docdir}'
runstatedir='${localstatedir}/run'
sbindir='${exec_prefix}/sbin'
sharedstatedir='${prefix}/com'
sysconfdir='/home/anshul/aesd/FinalProject_Buildroot_Client/assignment-5-Anshul-99/buildroot/output/host/etc'
target_alias=''

## ----------- ##
## confdefs.h. ##
## ----------- ##

/* confdefs.h */
#define PACKAGE_NAME "genimage"
#define PACKAGE_TARNAME "genimage"
#define PACKAGE_VERSION "13"
#define PACKAGE_STRING "genimage 13"
#define PACKAGE_BUGREPORT "oss-tools@pengutronix.de"
#define PACKAGE_URL "http://www.pengutronix.de/genimage/"
#define PACKAGE "genimage"
#define VERSION "13"
#define STDC_HEADERS 1
#define HAVE_SYS_TYPES_H 1
#define HAVE_SYS_STAT_H 1
#define HAVE_STDLIB_H 1
#define HAVE_STRING_H 1
#define HAVE_MEMORY_H 1
#define HAVE_STRINGS_H 1
#define HAVE_INTTYPES_H 1
#define HAVE_STDINT_H 1
#define HAVE_UNISTD_H 1
#define __EXTENSIONS__ 1
#define _ALL_SOURCE 1
#define _GNU_SOURCE 1
#define _POSIX_PTHREAD_SEMANTICS 1
#define _TANDEM_SOURCE 1
#define HAVE_MEMSET 1
#define HAVE_SETENV 1
#define HAVE_STRDUP 1
#define HAVE_STRCASECMP 1
#define HAVE_STRERROR 1
#define HAVE_STRSTR 1
#define HAVE_STRTOULL 1
#define HAVE_STDLIB_H 1
#define HAVE_MALLOC 1
#define DSO_HIDDEN 1

configure: exit 0
