This file contains any messages produced by compilers while
running configure, to aid debugging if configure makes a mistake.

It was created by bfd configure 2.35.2, which was
generated by GNU Autoconf 2.69.  Invocation command line was

  $ /home/anshul/aesd/FinalProject_Buildroot_Client/assignment-5-Anshul-99/buildroot/output/build/host-binutils-2.35.2/bfd/configure --srcdir=.././bfd --cache-file=./config.cache --with-gnu-as --with-gnu-ld --prefix=/home/anshul/aesd/FinalProject_Buildroot_Client/assignment-5-Anshul-99/buildroot/output/host --sysconfdir=/home/anshul/aesd/FinalProject_Buildroot_Client/assignment-5-Anshul-99/buildroot/output/host/etc --localstatedir=/home/anshul/aesd/FinalProject_Buildroot_Client/assignment-5-Anshul-99/buildroot/output/host/var --enable-shared --disable-static --disable-gtk-doc --disable-gtk-doc-html --disable-doc --disable-docs --disable-documentation --disable-debug --with-xmlto=no --with-fop=no --disable-nls --disable-dependency-tracking --disable-multilib --disable-werror --disable-shared --enable-static --with-sysroot=/home/anshul/aesd/FinalProject_Buildroot_Client/assignment-5-Anshul-99/buildroot/output/host/arm-buildroot-linux-uclibcgnueabihf/sysroot --enable-poison-system-directories --without-debuginfod --disable-sim --disable-gdb --program-transform-name=s&^&arm-buildroot-linux-uclibcgnueabihf-& --disable-option-checking --build=x86_64-pc-linux-gnu --host=x86_64-pc-linux-gnu --target=arm-buildroot-linux-uclibcgnueabihf

## --------- ##
## Platform. ##
## --------- ##

hostname = Anshul-UbuntuVM
uname -m = x86_64
uname -r = 5.13.0-39-generic
uname -s = Linux
uname -v = #44~20.04.1-Ubuntu SMP Thu Mar 24 16:43:35 UTC 2022

/usr/bin/uname -p = x86_64
/bin/uname -X     = unknown

/bin/arch              = x86_64
/usr/bin/arch -k       = unknown
/usr/convex/getsysinfo = unknown
/usr/bin/hostinfo      = unknown
/bin/machine           = unknown
/usr/bin/oslevel       = unknown
/bin/universe          = unknown

PATH: /home/anshul/aesd/FinalProject_Buildroot_Client/assignment-5-Anshul-99/buildroot/output/host/bin
PATH: /home/anshul/aesd/FinalProject_Buildroot_Client/assignment-5-Anshul-99/buildroot/output/host/sbin
PATH: /home/anshul/bin
PATH: /usr/local/sbin
PATH: /usr/local/bin
PATH: /usr/sbin
PATH: /usr/bin
PATH: /sbin
PATH: /bin
PATH: /usr/games
PATH: /usr/local/games
PATH: /snap/bin


## ----------- ##
## Core tests. ##
## ----------- ##

configure:2511: creating cache ./config.cache
configure:2625: checking build system type
configure:2639: result: x86_64-pc-linux-gnu
configure:2659: checking host system type
configure:2672: result: x86_64-pc-linux-gnu
configure:2692: checking target system type
configure:2705: result: arm-buildroot-linux-uclibcgnueabihf
configure:2742: checking for x86_64-pc-linux-gnu-gcc
configure:2769: result: /usr/bin/gcc
configure:3038: checking for C compiler version
configure:3047: /usr/bin/gcc --version >&5
gcc (Ubuntu 9.4.0-1ubuntu1~20.04.1) 9.4.0
Copyright (C) 2019 Free Software Foundation, Inc.
This is free software; see the source for copying conditions.  There is NO
warranty; not even for MERCHANTABILITY or FITNESS FOR A PARTICULAR PURPOSE.

configure:3058: $? = 0
configure:3047: /usr/bin/gcc -v >&5
Using built-in specs.
COLLECT_GCC=/usr/bin/gcc
COLLECT_LTO_WRAPPER=/usr/lib/gcc/x86_64-linux-gnu/9/lto-wrapper
OFFLOAD_TARGET_NAMES=nvptx-none:hsa
OFFLOAD_TARGET_DEFAULT=1
Target: x86_64-linux-gnu
Configured with: ../src/configure -v --with-pkgversion='Ubuntu 9.4.0-1ubuntu1~20.04.1' --with-bugurl=file:///usr/share/doc/gcc-9/README.Bugs --enable-languages=c,ada,c++,go,brig,d,fortran,objc,obj-c++,gm2 --prefix=/usr --with-gcc-major-version-only --program-suffix=-9 --program-prefix=x86_64-linux-gnu- --enable-shared --enable-linker-build-id --libexecdir=/usr/lib --without-included-gettext --enable-threads=posix --libdir=/usr/lib --enable-nls --enable-clocale=gnu --enable-libstdcxx-debug --enable-libstdcxx-time=yes --with-default-libstdcxx-abi=new --enable-gnu-unique-object --disable-vtable-verify --enable-plugin --enable-default-pie --with-system-zlib --with-target-system-zlib=auto --enable-objc-gc=auto --enable-multiarch --disable-werror --with-arch-32=i686 --with-abi=m64 --with-multilib-list=m32,m64,mx32 --enable-multilib --with-tune=generic --enable-offload-targets=nvptx-none=/build/gcc-9-Av3uEd/gcc-9-9.4.0/debian/tmp-nvptx/usr,hsa --without-cuda-driver --enable-checking=release --build=x86_64-linux-gnu --host=x86_64-linux-gnu --target=x86_64-linux-gnu
Thread model: posix
gcc version 9.4.0 (Ubuntu 9.4.0-1ubuntu1~20.04.1) 
configure:3058: $? = 0
configure:3047: /usr/bin/gcc -V >&5
gcc: error: unrecognized command line option '-V'
gcc: fatal error: no input files
compilation terminated.
configure:3058: $? = 1
configure:3047: /usr/bin/gcc -qversion >&5
gcc: error: unrecognized command line option '-qversion'; did you mean '--version'?
gcc: fatal error: no input files
compilation terminated.
configure:3058: $? = 1
configure:3078: checking whether the C compiler works
configure:3100: /usr/bin/gcc -O2 -I/home/anshul/aesd/FinalProject_Buildroot_Client/assignment-5-Anshul-99/buildroot/output/host/include   -L/home/anshul/aesd/FinalProject_Buildroot_Client/assignment-5-Anshul-99/buildroot/output/host/lib -Wl,-rpath,/home/anshul/aesd/FinalProject_Buildroot_Client/assignment-5-Anshul-99/buildroot/output/host/lib conftest.c  >&5
configure:3104: $? = 0
configure:3152: result: yes
configure:3155: checking for C compiler default output file name
configure:3157: result: a.out
configure:3163: checking for suffix of executables
configure:3170: /usr/bin/gcc -o conftest -O2 -I/home/anshul/aesd/FinalProject_Buildroot_Client/assignment-5-Anshul-99/buildroot/output/host/include   -L/home/anshul/aesd/FinalProject_Buildroot_Client/assignment-5-Anshul-99/buildroot/output/host/lib -Wl,-rpath,/home/anshul/aesd/FinalProject_Buildroot_Client/assignment-5-Anshul-99/buildroot/output/host/lib conftest.c  >&5
configure:3174: $? = 0
configure:3196: result: 
configure:3218: checking whether we are cross compiling
configure:3226: /usr/bin/gcc -o conftest -O2 -I/home/anshul/aesd/FinalProject_Buildroot_Client/assignment-5-Anshul-99/buildroot/output/host/include   -L/home/anshul/aesd/FinalProject_Buildroot_Client/assignment-5-Anshul-99/buildroot/output/host/lib -Wl,-rpath,/home/anshul/aesd/FinalProject_Buildroot_Client/assignment-5-Anshul-99/buildroot/output/host/lib conftest.c  >&5
configure:3230: $? = 0
configure:3237: ./conftest
configure:3241: $? = 0
configure:3229: result: no
configure:3234: checking for suffix of object files
configure:3256: /usr/bin/gcc -c -O2 -I/home/anshul/aesd/FinalProject_Buildroot_Client/assignment-5-Anshul-99/buildroot/output/host/include  conftest.c >&5
configure:3260: $? = 0
configure:3281: result: o
configure:3285: checking whether we are using the GNU C compiler
configure:3304: /usr/bin/gcc -c -O2 -I/home/anshul/aesd/FinalProject_Buildroot_Client/assignment-5-Anshul-99/buildroot/output/host/include  conftest.c >&5
configure:3304: $? = 0
configure:3313: result: yes
configure:3322: checking whether /usr/bin/gcc accepts -g
configure:3342: /usr/bin/gcc -c -g  conftest.c >&5
configure:3342: $? = 0
configure:3383: result: yes
configure:3400: checking for /usr/bin/gcc option to accept ISO C89
configure:3463: /usr/bin/gcc  -c -O2 -I/home/anshul/aesd/FinalProject_Buildroot_Client/assignment-5-Anshul-99/buildroot/output/host/include  conftest.c >&5
configure:3463: $? = 0
configure:3476: result: none needed
configure:3501: checking whether /usr/bin/gcc understands -c and -o together
configure:3523: /usr/bin/gcc -c conftest.c -o conftest2.o
configure:3526: $? = 0
configure:3523: /usr/bin/gcc -c conftest.c -o conftest2.o
configure:3526: $? = 0
configure:3538: result: yes
configure:3556: checking for library containing strerror
configure:3587: /usr/bin/gcc -o conftest -O2 -I/home/anshul/aesd/FinalProject_Buildroot_Client/assignment-5-Anshul-99/buildroot/output/host/include   -L/home/anshul/aesd/FinalProject_Buildroot_Client/assignment-5-Anshul-99/buildroot/output/host/lib -Wl,-rpath,/home/anshul/aesd/FinalProject_Buildroot_Client/assignment-5-Anshul-99/buildroot/output/host/lib conftest.c  >&5
configure:3587: $? = 0
configure:3604: result: none required
configure:3629: checking for a BSD-compatible install
configure:3697: result: /usr/bin/install -c
configure:3708: checking whether build environment is sane
configure:3763: result: yes
configure:3909: checking for a thread-safe mkdir -p
configure:3948: result: /usr/bin/mkdir -p
configure:3955: checking for gawk
configure:3982: result: gawk
configure:3993: checking whether /usr/bin/make sets $(MAKE)
configure:4015: result: yes
configure:4045: checking for style of include used by /usr/bin/make
configure:4073: result: GNU
configure:4107: checking whether /usr/bin/make supports nested variables
configure:4124: result: yes
configure:4209: checking dependency style of /usr/bin/gcc
configure:4320: result: none
configure:4382: checking for x86_64-pc-linux-gnu-ar
configure:4409: result: /usr/bin/ar
configure:4474: checking for x86_64-pc-linux-gnu-ranlib
configure:4501: result: /usr/bin/ranlib
configure:4604: checking for x86_64-pc-linux-gnu-gcc
configure:4631: result: /usr/bin/gcc
configure:4900: checking for C compiler version
configure:4909: /usr/bin/gcc --version >&5
gcc (Ubuntu 9.4.0-1ubuntu1~20.04.1) 9.4.0
Copyright (C) 2019 Free Software Foundation, Inc.
This is free software; see the source for copying conditions.  There is NO
warranty; not even for MERCHANTABILITY or FITNESS FOR A PARTICULAR PURPOSE.

configure:4920: $? = 0
configure:4909: /usr/bin/gcc -v >&5
Using built-in specs.
COLLECT_GCC=/usr/bin/gcc
COLLECT_LTO_WRAPPER=/usr/lib/gcc/x86_64-linux-gnu/9/lto-wrapper
OFFLOAD_TARGET_NAMES=nvptx-none:hsa
OFFLOAD_TARGET_DEFAULT=1
Target: x86_64-linux-gnu
Configured with: ../src/configure -v --with-pkgversion='Ubuntu 9.4.0-1ubuntu1~20.04.1' --with-bugurl=file:///usr/share/doc/gcc-9/README.Bugs --enable-languages=c,ada,c++,go,brig,d,fortran,objc,obj-c++,gm2 --prefix=/usr --with-gcc-major-version-only --program-suffix=-9 --program-prefix=x86_64-linux-gnu- --enable-shared --enable-linker-build-id --libexecdir=/usr/lib --without-included-gettext --enable-threads=posix --libdir=/usr/lib --enable-nls --enable-clocale=gnu --enable-libstdcxx-debug --enable-libstdcxx-time=yes --with-default-libstdcxx-abi=new --enable-gnu-unique-object --disable-vtable-verify --enable-plugin --enable-default-pie --with-system-zlib --with-target-system-zlib=auto --enable-objc-gc=auto --enable-multiarch --disable-werror --with-arch-32=i686 --with-abi=m64 --with-multilib-list=m32,m64,mx32 --enable-multilib --with-tune=generic --enable-offload-targets=nvptx-none=/build/gcc-9-Av3uEd/gcc-9-9.4.0/debian/tmp-nvptx/usr,hsa --without-cuda-driver --enable-checking=release --build=x86_64-linux-gnu --host=x86_64-linux-gnu --target=x86_64-linux-gnu
Thread model: posix
gcc version 9.4.0 (Ubuntu 9.4.0-1ubuntu1~20.04.1) 
configure:4920: $? = 0
configure:4909: /usr/bin/gcc -V >&5
gcc: error: unrecognized command line option '-V'
gcc: fatal error: no input files
compilation terminated.
configure:4920: $? = 1
configure:4909: /usr/bin/gcc -qversion >&5
gcc: error: unrecognized command line option '-qversion'; did you mean '--version'?
gcc: fatal error: no input files
compilation terminated.
configure:4920: $? = 1
configure:4924: checking whether we are using the GNU C compiler
configure:4952: result: yes
configure:4961: checking whether /usr/bin/gcc accepts -g
configure:5022: result: yes
configure:5039: checking for /usr/bin/gcc option to accept ISO C89
configure:5115: result: none needed
configure:5140: checking whether /usr/bin/gcc understands -c and -o together
configure:5177: result: yes
configure:5199: checking how to run the C preprocessor
configure:5230: /usr/bin/gcc -E  conftest.c
configure:5230: $? = 0
configure:5244: /usr/bin/gcc -E  conftest.c
conftest.c:11:10: fatal error: ac_nonexistent.h: No such file or directory
   11 | #include <ac_nonexistent.h>
      |          ^~~~~~~~~~~~~~~~~~
compilation terminated.
configure:5244: $? = 1
configure: failed program was:
| /* confdefs.h */
| #define PACKAGE_NAME "bfd"
| #define PACKAGE_TARNAME "bfd"
| #define PACKAGE_VERSION "2.35.2"
| #define PACKAGE_STRING "bfd 2.35.2"
| #define PACKAGE_BUGREPORT ""
| #define PACKAGE_URL ""
| #define PACKAGE "bfd"
| #define VERSION "2.35.2"
| /* end confdefs.h.  */
| #include <ac_nonexistent.h>
configure:5269: result: /usr/bin/gcc -E
configure:5289: /usr/bin/gcc -E  conftest.c
configure:5289: $? = 0
configure:5303: /usr/bin/gcc -E  conftest.c
conftest.c:11:10: fatal error: ac_nonexistent.h: No such file or directory
   11 | #include <ac_nonexistent.h>
      |          ^~~~~~~~~~~~~~~~~~
compilation terminated.
configure:5303: $? = 1
configure: failed program was:
| /* confdefs.h */
| #define PACKAGE_NAME "bfd"
| #define PACKAGE_TARNAME "bfd"
| #define PACKAGE_VERSION "2.35.2"
| #define PACKAGE_STRING "bfd 2.35.2"
| #define PACKAGE_BUGREPORT ""
| #define PACKAGE_URL ""
| #define PACKAGE "bfd"
| #define VERSION "2.35.2"
| /* end confdefs.h.  */
| #include <ac_nonexistent.h>
configure:5332: checking for grep that handles long lines and -e
configure:5390: result: /usr/bin/grep
configure:5395: checking for egrep
configure:5457: result: /usr/bin/grep -E
configure:5462: checking for ANSI C header files
configure:5482: /usr/bin/gcc -c -O2 -I/home/anshul/aesd/FinalProject_Buildroot_Client/assignment-5-Anshul-99/buildroot/output/host/include  conftest.c >&5
configure:5482: $? = 0
configure:5555: /usr/bin/gcc -o conftest -O2 -I/home/anshul/aesd/FinalProject_Buildroot_Client/assignment-5-Anshul-99/buildroot/output/host/include   -L/home/anshul/aesd/FinalProject_Buildroot_Client/assignment-5-Anshul-99/buildroot/output/host/lib -Wl,-rpath,/home/anshul/aesd/FinalProject_Buildroot_Client/assignment-5-Anshul-99/buildroot/output/host/lib conftest.c  >&5
configure:5555: $? = 0
configure:5555: ./conftest
configure:5555: $? = 0
configure:5566: result: yes
configure:5579: checking for sys/types.h
configure:5579: /usr/bin/gcc -c -O2 -I/home/anshul/aesd/FinalProject_Buildroot_Client/assignment-5-Anshul-99/buildroot/output/host/include  conftest.c >&5
configure:5579: $? = 0
configure:5579: result: yes
configure:5579: checking for sys/stat.h
configure:5579: /usr/bin/gcc -c -O2 -I/home/anshul/aesd/FinalProject_Buildroot_Client/assignment-5-Anshul-99/buildroot/output/host/include  conftest.c >&5
configure:5579: $? = 0
configure:5579: result: yes
configure:5579: checking for stdlib.h
configure:5579: /usr/bin/gcc -c -O2 -I/home/anshul/aesd/FinalProject_Buildroot_Client/assignment-5-Anshul-99/buildroot/output/host/include  conftest.c >&5
configure:5579: $? = 0
configure:5579: result: yes
configure:5579: checking for string.h
configure:5579: /usr/bin/gcc -c -O2 -I/home/anshul/aesd/FinalProject_Buildroot_Client/assignment-5-Anshul-99/buildroot/output/host/include  conftest.c >&5
configure:5579: $? = 0
configure:5579: result: yes
configure:5579: checking for memory.h
configure:5579: /usr/bin/gcc -c -O2 -I/home/anshul/aesd/FinalProject_Buildroot_Client/assignment-5-Anshul-99/buildroot/output/host/include  conftest.c >&5
configure:5579: $? = 0
configure:5579: result: yes
configure:5579: checking for strings.h
configure:5579: /usr/bin/gcc -c -O2 -I/home/anshul/aesd/FinalProject_Buildroot_Client/assignment-5-Anshul-99/buildroot/output/host/include  conftest.c >&5
configure:5579: $? = 0
configure:5579: result: yes
configure:5579: checking for inttypes.h
configure:5579: /usr/bin/gcc -c -O2 -I/home/anshul/aesd/FinalProject_Buildroot_Client/assignment-5-Anshul-99/buildroot/output/host/include  conftest.c >&5
configure:5579: $? = 0
configure:5579: result: yes
configure:5579: checking for stdint.h
configure:5579: /usr/bin/gcc -c -O2 -I/home/anshul/aesd/FinalProject_Buildroot_Client/assignment-5-Anshul-99/buildroot/output/host/include  conftest.c >&5
configure:5579: $? = 0
configure:5579: result: yes
configure:5579: checking for unistd.h
configure:5579: /usr/bin/gcc -c -O2 -I/home/anshul/aesd/FinalProject_Buildroot_Client/assignment-5-Anshul-99/buildroot/output/host/include  conftest.c >&5
configure:5579: $? = 0
configure:5579: result: yes
configure:5592: checking minix/config.h usability
configure:5592: /usr/bin/gcc -c -O2 -I/home/anshul/aesd/FinalProject_Buildroot_Client/assignment-5-Anshul-99/buildroot/output/host/include  conftest.c >&5
conftest.c:54:10: fatal error: minix/config.h: No such file or directory
   54 | #include <minix/config.h>
      |          ^~~~~~~~~~~~~~~~
compilation terminated.
configure:5592: $? = 1
configure: failed program was:
| /* confdefs.h */
| #define PACKAGE_NAME "bfd"
| #define PACKAGE_TARNAME "bfd"
| #define PACKAGE_VERSION "2.35.2"
| #define PACKAGE_STRING "bfd 2.35.2"
| #define PACKAGE_BUGREPORT ""
| #define PACKAGE_URL ""
| #define PACKAGE "bfd"
| #define VERSION "2.35.2"
| #define STDC_HEADERS 1
| #define HAVE_SYS_TYPES_H 1
| #define HAVE_SYS_STAT_H 1
| #define HAVE_STDLIB_H 1
| #define HAVE_STRING_H 1
| #define HAVE_MEMORY_H 1
| #define HAVE_STRINGS_H 1
| #define HAVE_INTTYPES_H 1
| #define HAVE_STDINT_H 1
| #define HAVE_UNISTD_H 1
| /* end confdefs.h.  */
| #include <stdio.h>
| #ifdef HAVE_SYS_TYPES_H
| # include <sys/types.h>
| #endif
| #ifdef HAVE_SYS_STAT_H
| # include <sys/stat.h>
| #endif
| #ifdef STDC_HEADERS
| # include <stdlib.h>
| # include <stddef.h>
| #else
| # ifdef HAVE_STDLIB_H
| #  include <stdlib.h>
| # endif
| #endif
| #ifdef HAVE_STRING_H
| # if !defined STDC_HEADERS && defined HAVE_MEMORY_H
| #  include <memory.h>
| # endif
| # include <string.h>
| #endif
| #ifdef HAVE_STRINGS_H
| # include <strings.h>
| #endif
| #ifdef HAVE_INTTYPES_H
| # include <inttypes.h>
| #endif
| #ifdef HAVE_STDINT_H
| # include <stdint.h>
| #endif
| #ifdef HAVE_UNISTD_H
| # include <unistd.h>
| #endif
| #include <minix/config.h>
configure:5592: result: no
configure:5592: checking minix/config.h presence
configure:5592: /usr/bin/gcc -E  conftest.c
conftest.c:21:10: fatal error: minix/config.h: No such file or directory
   21 | #include <minix/config.h>
      |          ^~~~~~~~~~~~~~~~
compilation terminated.
configure:5592: $? = 1
configure: failed program was:
| /* confdefs.h */
| #define PACKAGE_NAME "bfd"
| #define PACKAGE_TARNAME "bfd"
| #define PACKAGE_VERSION "2.35.2"
| #define PACKAGE_STRING "bfd 2.35.2"
| #define PACKAGE_BUGREPORT ""
| #define PACKAGE_URL ""
| #define PACKAGE "bfd"
| #define VERSION "2.35.2"
| #define STDC_HEADERS 1
| #define HAVE_SYS_TYPES_H 1
| #define HAVE_SYS_STAT_H 1
| #define HAVE_STDLIB_H 1
| #define HAVE_STRING_H 1
| #define HAVE_MEMORY_H 1
| #define HAVE_STRINGS_H 1
| #define HAVE_INTTYPES_H 1
| #define HAVE_STDINT_H 1
| #define HAVE_UNISTD_H 1
| /* end confdefs.h.  */
| #include <minix/config.h>
configure:5592: result: no
configure:5592: checking for minix/config.h
configure:5592: result: no
configure:5613: checking whether it is safe to define __EXTENSIONS__
configure:5631: /usr/bin/gcc -c -O2 -I/home/anshul/aesd/FinalProject_Buildroot_Client/assignment-5-Anshul-99/buildroot/output/host/include  conftest.c >&5
configure:5631: $? = 0
configure:5638: result: yes
configure:5701: checking how to print strings
configure:5728: result: printf
configure:5749: checking for a sed that does not truncate output
configure:5813: result: /usr/bin/sed
configure:5831: checking for fgrep
configure:5893: result: /usr/bin/grep -F
configure:5928: checking for ld used by /usr/bin/gcc
configure:5995: result: /usr/bin/ld
configure:6002: checking if the linker (/usr/bin/ld) is GNU ld
configure:6017: result: yes
configure:6029: checking for BSD- or MS-compatible name lister (nm)
configure:6078: result: /usr/bin/nm
configure:6208: checking the name lister (/usr/bin/nm) interface
configure:6215: /usr/bin/gcc -c -O2 -I/home/anshul/aesd/FinalProject_Buildroot_Client/assignment-5-Anshul-99/buildroot/output/host/include  conftest.c >&5
configure:6218: /usr/bin/nm "conftest.o"
configure:6221: output
0000000000000000 B some_variable
configure:6222: result: BSD nm
configure:6225: checking whether ln -s works
configure:6229: result: yes
configure:6237: checking the maximum length of command line arguments
configure:6362: result: 1572864
configure:6379: checking whether the shell understands some XSI constructs
configure:6388: result: yes
configure:6392: checking whether the shell understands "+="
configure:6396: result: yes
configure:6431: checking for /usr/bin/ld option to reload object files
configure:6438: result: -r
configure:6467: checking for x86_64-pc-linux-gnu-objdump
configure:6494: result: objdump
configure:6566: checking how to recognize dependent libraries
configure:6767: result: pass_all
configure:6787: checking for x86_64-pc-linux-gnu-ar
configure:6814: result: /usr/bin/ar
configure:6892: checking for x86_64-pc-linux-gnu-strip
configure:6922: result: no
configure:6932: checking for strip
configure:6948: found /usr/bin/strip
configure:6959: result: strip
configure:6991: checking for x86_64-pc-linux-gnu-ranlib
configure:7018: result: /usr/bin/ranlib
configure:7160: checking command to parse /usr/bin/nm output from /usr/bin/gcc object
configure:7278: /usr/bin/gcc -c -O2 -I/home/anshul/aesd/FinalProject_Buildroot_Client/assignment-5-Anshul-99/buildroot/output/host/include  conftest.c >&5
configure:7281: $? = 0
configure:7285: /usr/bin/nm conftest.o \| sed -n -e 's/^.*[ ]\([ABCDGIRSTW][ABCDGIRSTW]*\)[ ][ ]*\([_A-Za-z][_A-Za-z0-9]*\)$/\1 \2 \2/p' \> conftest.nm
configure:7288: $? = 0
configure:7342: /usr/bin/gcc -o conftest -O2 -I/home/anshul/aesd/FinalProject_Buildroot_Client/assignment-5-Anshul-99/buildroot/output/host/include   -L/home/anshul/aesd/FinalProject_Buildroot_Client/assignment-5-Anshul-99/buildroot/output/host/lib -Wl,-rpath,/home/anshul/aesd/FinalProject_Buildroot_Client/assignment-5-Anshul-99/buildroot/output/host/lib conftest.c conftstm.o >&5
configure:7345: $? = 0
configure:7383: result: ok
configure:7478: /usr/bin/gcc -c -O2 -I/home/anshul/aesd/FinalProject_Buildroot_Client/assignment-5-Anshul-99/buildroot/output/host/include  conftest.c >&5
configure:7481: $? = 0
configure:8231: checking for dlfcn.h
configure:8231: /usr/bin/gcc -c -O2 -I/home/anshul/aesd/FinalProject_Buildroot_Client/assignment-5-Anshul-99/buildroot/output/host/include  conftest.c >&5
configure:8231: $? = 0
configure:8231: result: yes
configure:8387: checking for objdir
configure:8402: result: .libs
configure:8673: checking if /usr/bin/gcc supports -fno-rtti -fno-exceptions
configure:8691: /usr/bin/gcc -c -O2 -I/home/anshul/aesd/FinalProject_Buildroot_Client/assignment-5-Anshul-99/buildroot/output/host/include  -fno-rtti -fno-exceptions conftest.c >&5
cc1: warning: command line option '-fno-rtti' is valid for C++/D/ObjC++ but not for C
configure:8695: $? = 0
configure:8708: result: no
configure:8728: checking for /usr/bin/gcc option to produce PIC
configure:9014: result: -fPIC -DPIC
configure:9026: checking if /usr/bin/gcc PIC flag -fPIC -DPIC works
configure:9044: /usr/bin/gcc -c -O2 -I/home/anshul/aesd/FinalProject_Buildroot_Client/assignment-5-Anshul-99/buildroot/output/host/include  -fPIC -DPIC -DPIC conftest.c >&5
configure:9048: $? = 0
configure:9061: result: yes
configure:9085: checking if /usr/bin/gcc static flag -static works
configure:9113: result: yes
configure:9128: checking if /usr/bin/gcc supports -c -o file.o
configure:9149: /usr/bin/gcc -c -O2 -I/home/anshul/aesd/FinalProject_Buildroot_Client/assignment-5-Anshul-99/buildroot/output/host/include  -o out/conftest2.o conftest.c >&5
configure:9153: $? = 0
configure:9175: result: yes
configure:9183: checking if /usr/bin/gcc supports -c -o file.o
configure:9230: result: yes
configure:9263: checking whether the /usr/bin/gcc linker (/usr/bin/ld -m elf_x86_64) supports shared libraries
configure:10334: result: yes
configure:10579: checking dynamic linker characteristics
configure:11030: /usr/bin/gcc -o conftest -O2 -I/home/anshul/aesd/FinalProject_Buildroot_Client/assignment-5-Anshul-99/buildroot/output/host/include   -L/home/anshul/aesd/FinalProject_Buildroot_Client/assignment-5-Anshul-99/buildroot/output/host/lib -Wl,-rpath,/home/anshul/aesd/FinalProject_Buildroot_Client/assignment-5-Anshul-99/buildroot/output/host/lib -Wl,-rpath -Wl,/foo conftest.c  >&5
configure:11030: $? = 0
configure:11252: result: GNU/Linux ld.so
configure:11359: checking how to hardcode library paths into programs
configure:11384: result: immediate
configure:11478: checking for shl_load
configure:11478: /usr/bin/gcc -o conftest -O2 -I/home/anshul/aesd/FinalProject_Buildroot_Client/assignment-5-Anshul-99/buildroot/output/host/include   -L/home/anshul/aesd/FinalProject_Buildroot_Client/assignment-5-Anshul-99/buildroot/output/host/lib -Wl,-rpath,/home/anshul/aesd/FinalProject_Buildroot_Client/assignment-5-Anshul-99/buildroot/output/host/lib conftest.c  >&5
/usr/bin/ld: /tmp/ccPC0f2l.o: in function `main':
conftest.c:(.text.startup+0xb): undefined reference to `shl_load'
collect2: error: ld returned 1 exit status
configure:11478: $? = 1
configure: failed program was:
| /* confdefs.h */
| #define PACKAGE_NAME "bfd"
| #define PACKAGE_TARNAME "bfd"
| #define PACKAGE_VERSION "2.35.2"
| #define PACKAGE_STRING "bfd 2.35.2"
| #define PACKAGE_BUGREPORT ""
| #define PACKAGE_URL ""
| #define PACKAGE "bfd"
| #define VERSION "2.35.2"
| #define STDC_HEADERS 1
| #define HAVE_SYS_TYPES_H 1
| #define HAVE_SYS_STAT_H 1
| #define HAVE_STDLIB_H 1
| #define HAVE_STRING_H 1
| #define HAVE_MEMORY_H 1
| #define HAVE_STRINGS_H 1
| #define HAVE_INTTYPES_H 1
| #define HAVE_STDINT_H 1
| #define HAVE_UNISTD_H 1
| #define __EXTENSIONS__ 1
| #define _ALL_SOURCE 1
| #define _GNU_SOURCE 1
| #define _POSIX_PTHREAD_SEMANTICS 1
| #define _TANDEM_SOURCE 1
| #define HAVE_DLFCN_H 1
| #define LT_OBJDIR ".libs/"
| /* end confdefs.h.  */
| /* Define shl_load to an innocuous variant, in case <limits.h> declares shl_load.
|    For example, HP-UX 11i <limits.h> declares gettimeofday.  */
| #define shl_load innocuous_shl_load
| 
| /* System header to define __stub macros and hopefully few prototypes,
|     which can conflict with char shl_load (); below.
|     Prefer <limits.h> to <assert.h> if __STDC__ is defined, since
|     <limits.h> exists even on freestanding compilers.  */
| 
| #ifdef __STDC__
| # include <limits.h>
| #else
| # include <assert.h>
| #endif
| 
| #undef shl_load
| 
| /* Override any GCC internal prototype to avoid an error.
|    Use char because int might match the return type of a GCC
|    builtin and then its argument prototype would still apply.  */
| #ifdef __cplusplus
| extern "C"
| #endif
| char shl_load ();
| /* The GNU C library defines this for functions which it implements
|     to always fail with ENOSYS.  Some functions are actually named
|     something starting with __ and the normal name is an alias.  */
| #if defined __stub_shl_load || defined __stub___shl_load
| choke me
| #endif
| 
| int
| main ()
| {
| return shl_load ();
|   ;
|   return 0;
| }
configure:11478: result: no
configure:11482: checking for shl_load in -ldld
configure:11507: /usr/bin/gcc -o conftest -O2 -I/home/anshul/aesd/FinalProject_Buildroot_Client/assignment-5-Anshul-99/buildroot/output/host/include   -L/home/anshul/aesd/FinalProject_Buildroot_Client/assignment-5-Anshul-99/buildroot/output/host/lib -Wl,-rpath,/home/anshul/aesd/FinalProject_Buildroot_Client/assignment-5-Anshul-99/buildroot/output/host/lib conftest.c -ldld   >&5
/usr/bin/ld: cannot find -ldld
collect2: error: ld returned 1 exit status
configure:11507: $? = 1
configure: failed program was:
| /* confdefs.h */
| #define PACKAGE_NAME "bfd"
| #define PACKAGE_TARNAME "bfd"
| #define PACKAGE_VERSION "2.35.2"
| #define PACKAGE_STRING "bfd 2.35.2"
| #define PACKAGE_BUGREPORT ""
| #define PACKAGE_URL ""
| #define PACKAGE "bfd"
| #define VERSION "2.35.2"
| #define STDC_HEADERS 1
| #define HAVE_SYS_TYPES_H 1
| #define HAVE_SYS_STAT_H 1
| #define HAVE_STDLIB_H 1
| #define HAVE_STRING_H 1
| #define HAVE_MEMORY_H 1
| #define HAVE_STRINGS_H 1
| #define HAVE_INTTYPES_H 1
| #define HAVE_STDINT_H 1
| #define HAVE_UNISTD_H 1
| #define __EXTENSIONS__ 1
| #define _ALL_SOURCE 1
| #define _GNU_SOURCE 1
| #define _POSIX_PTHREAD_SEMANTICS 1
| #define _TANDEM_SOURCE 1
| #define HAVE_DLFCN_H 1
| #define LT_OBJDIR ".libs/"
| /* end confdefs.h.  */
| 
| /* Override any GCC internal prototype to avoid an error.
|    Use char because int might match the return type of a GCC
|    builtin and then its argument prototype would still apply.  */
| #ifdef __cplusplus
| extern "C"
| #endif
| char shl_load ();
| int
| main ()
| {
| return shl_load ();
|   ;
|   return 0;
| }
configure:11516: result: no
configure:11521: checking for dlopen
configure:11521: /usr/bin/gcc -o conftest -O2 -I/home/anshul/aesd/FinalProject_Buildroot_Client/assignment-5-Anshul-99/buildroot/output/host/include   -L/home/anshul/aesd/FinalProject_Buildroot_Client/assignment-5-Anshul-99/buildroot/output/host/lib -Wl,-rpath,/home/anshul/aesd/FinalProject_Buildroot_Client/assignment-5-Anshul-99/buildroot/output/host/lib conftest.c  >&5
/usr/bin/ld: /tmp/cc0PvwgO.o: in function `main':
conftest.c:(.text.startup+0xb): undefined reference to `dlopen'
collect2: error: ld returned 1 exit status
configure:11521: $? = 1
configure: failed program was:
| /* confdefs.h */
| #define PACKAGE_NAME "bfd"
| #define PACKAGE_TARNAME "bfd"
| #define PACKAGE_VERSION "2.35.2"
| #define PACKAGE_STRING "bfd 2.35.2"
| #define PACKAGE_BUGREPORT ""
| #define PACKAGE_URL ""
| #define PACKAGE "bfd"
| #define VERSION "2.35.2"
| #define STDC_HEADERS 1
| #define HAVE_SYS_TYPES_H 1
| #define HAVE_SYS_STAT_H 1
| #define HAVE_STDLIB_H 1
| #define HAVE_STRING_H 1
| #define HAVE_MEMORY_H 1
| #define HAVE_STRINGS_H 1
| #define HAVE_INTTYPES_H 1
| #define HAVE_STDINT_H 1
| #define HAVE_UNISTD_H 1
| #define __EXTENSIONS__ 1
| #define _ALL_SOURCE 1
| #define _GNU_SOURCE 1
| #define _POSIX_PTHREAD_SEMANTICS 1
| #define _TANDEM_SOURCE 1
| #define HAVE_DLFCN_H 1
| #define LT_OBJDIR ".libs/"
| /* end confdefs.h.  */
| /* Define dlopen to an innocuous variant, in case <limits.h> declares dlopen.
|    For example, HP-UX 11i <limits.h> declares gettimeofday.  */
| #define dlopen innocuous_dlopen
| 
| /* System header to define __stub macros and hopefully few prototypes,
|     which can conflict with char dlopen (); below.
|     Prefer <limits.h> to <assert.h> if __STDC__ is defined, since
|     <limits.h> exists even on freestanding compilers.  */
| 
| #ifdef __STDC__
| # include <limits.h>
| #else
| # include <assert.h>
| #endif
| 
| #undef dlopen
| 
| /* Override any GCC internal prototype to avoid an error.
|    Use char because int might match the return type of a GCC
|    builtin and then its argument prototype would still apply.  */
| #ifdef __cplusplus
| extern "C"
| #endif
| char dlopen ();
| /* The GNU C library defines this for functions which it implements
|     to always fail with ENOSYS.  Some functions are actually named
|     something starting with __ and the normal name is an alias.  */
| #if defined __stub_dlopen || defined __stub___dlopen
| choke me
| #endif
| 
| int
| main ()
| {
| return dlopen ();
|   ;
|   return 0;
| }
configure:11521: result: no
configure:11525: checking for dlopen in -ldl
configure:11550: /usr/bin/gcc -o conftest -O2 -I/home/anshul/aesd/FinalProject_Buildroot_Client/assignment-5-Anshul-99/buildroot/output/host/include   -L/home/anshul/aesd/FinalProject_Buildroot_Client/assignment-5-Anshul-99/buildroot/output/host/lib -Wl,-rpath,/home/anshul/aesd/FinalProject_Buildroot_Client/assignment-5-Anshul-99/buildroot/output/host/lib conftest.c -ldl   >&5
configure:11550: $? = 0
configure:11559: result: yes
configure:11678: checking whether a program can dlopen itself
configure:11758: /usr/bin/gcc -o conftest -O2 -I/home/anshul/aesd/FinalProject_Buildroot_Client/assignment-5-Anshul-99/buildroot/output/host/include  -DHAVE_DLFCN_H  -L/home/anshul/aesd/FinalProject_Buildroot_Client/assignment-5-Anshul-99/buildroot/output/host/lib -Wl,-rpath,/home/anshul/aesd/FinalProject_Buildroot_Client/assignment-5-Anshul-99/buildroot/output/host/lib -Wl,--export-dynamic conftest.c -ldl  >&5
configure:11761: $? = 0
configure:11779: result: yes
configure:11784: checking whether a statically linked program can dlopen itself
configure:11864: /usr/bin/gcc -o conftest -O2 -I/home/anshul/aesd/FinalProject_Buildroot_Client/assignment-5-Anshul-99/buildroot/output/host/include  -DHAVE_DLFCN_H  -L/home/anshul/aesd/FinalProject_Buildroot_Client/assignment-5-Anshul-99/buildroot/output/host/lib -Wl,-rpath,/home/anshul/aesd/FinalProject_Buildroot_Client/assignment-5-Anshul-99/buildroot/output/host/lib -Wl,--export-dynamic -static conftest.c -ldl  >&5
/usr/bin/ld: /tmp/cctZeTKu.o: in function `main':
conftest.c:(.text.startup+0xd): warning: Using 'dlopen' in statically linked applications requires at runtime the shared libraries from the glibc version used for linking
configure:11867: $? = 0
conftest: undefined symbol: _fnord
configure:11885: result: no
configure:11924: checking whether stripping libraries is possible
configure:11929: result: yes
configure:11964: checking if libtool supports shared libraries
configure:11966: result: yes
configure:11969: checking whether to build shared libraries
configure:11990: result: no
configure:11993: checking whether to build static libraries
configure:11997: result: yes
configure:9194: checking for dlfcn.h
configure:9194: result: yes
configure:9207: checking for windows.h
configure:9207: /usr/bin/gcc -c -O2 -I/home/anshul/aesd/FinalProject_Buildroot_Client/assignment-5-Anshul-99/buildroot/output/host/include  conftest.c >&5
conftest.c:63:10: fatal error: windows.h: No such file or directory
   63 | #include <windows.h>
      |          ^~~~~~~~~~~
compilation terminated.
configure:9207: $? = 1
configure: failed program was:
| /* confdefs.h */
| #define PACKAGE_NAME "bfd"
| #define PACKAGE_TARNAME "bfd"
| #define PACKAGE_VERSION "2.35.2"
| #define PACKAGE_STRING "bfd 2.35.2"
| #define PACKAGE_BUGREPORT ""
| #define PACKAGE_URL ""
| #define PACKAGE "bfd"
| #define VERSION "2.35.2"
| #define STDC_HEADERS 1
| #define HAVE_SYS_TYPES_H 1
| #define HAVE_SYS_STAT_H 1
| #define HAVE_STDLIB_H 1
| #define HAVE_STRING_H 1
| #define HAVE_MEMORY_H 1
| #define HAVE_STRINGS_H 1
| #define HAVE_INTTYPES_H 1
| #define HAVE_STDINT_H 1
| #define HAVE_UNISTD_H 1
| #define __EXTENSIONS__ 1
| #define _ALL_SOURCE 1
| #define _GNU_SOURCE 1
| #define _POSIX_PTHREAD_SEMANTICS 1
| #define _TANDEM_SOURCE 1
| #define HAVE_DLFCN_H 1
| #define LT_OBJDIR ".libs/"
| #define HAVE_DLFCN_H 1
| /* end confdefs.h.  */
| #include <stdio.h>
| #ifdef HAVE_SYS_TYPES_H
| # include <sys/types.h>
| #endif
| #ifdef HAVE_SYS_STAT_H
| # include <sys/stat.h>
| #endif
| #ifdef STDC_HEADERS
| # include <stdlib.h>
| # include <stddef.h>
| #else
| # ifdef HAVE_STDLIB_H
| #  include <stdlib.h>
| # endif
| #endif
| #ifdef HAVE_STRING_H
| # if !defined STDC_HEADERS && defined HAVE_MEMORY_H
| #  include <memory.h>
| # endif
| # include <string.h>
| #endif
| #ifdef HAVE_STRINGS_H
| # include <strings.h>
| #endif
| #ifdef HAVE_INTTYPES_H
| # include <inttypes.h>
| #endif
| #ifdef HAVE_STDINT_H
| # include <stdint.h>
| #endif
| #ifdef HAVE_UNISTD_H
| # include <unistd.h>
| #endif
| 
| #include <windows.h>
configure:9207: result: no
configure:9234: checking for library containing dlsym
configure:9265: /usr/bin/gcc -o conftest -O2 -I/home/anshul/aesd/FinalProject_Buildroot_Client/assignment-5-Anshul-99/buildroot/output/host/include   -L/home/anshul/aesd/FinalProject_Buildroot_Client/assignment-5-Anshul-99/buildroot/output/host/lib -Wl,-rpath,/home/anshul/aesd/FinalProject_Buildroot_Client/assignment-5-Anshul-99/buildroot/output/host/lib conftest.c  >&5
/usr/bin/ld: /tmp/ccCImJB5.o: in function `main':
conftest.c:(.text.startup+0xb): undefined reference to `dlsym'
collect2: error: ld returned 1 exit status
configure:9265: $? = 1
configure: failed program was:
| /* confdefs.h */
| #define PACKAGE_NAME "bfd"
| #define PACKAGE_TARNAME "bfd"
| #define PACKAGE_VERSION "2.35.2"
| #define PACKAGE_STRING "bfd 2.35.2"
| #define PACKAGE_BUGREPORT ""
| #define PACKAGE_URL ""
| #define PACKAGE "bfd"
| #define VERSION "2.35.2"
| #define STDC_HEADERS 1
| #define HAVE_SYS_TYPES_H 1
| #define HAVE_SYS_STAT_H 1
| #define HAVE_STDLIB_H 1
| #define HAVE_STRING_H 1
| #define HAVE_MEMORY_H 1
| #define HAVE_STRINGS_H 1
| #define HAVE_INTTYPES_H 1
| #define HAVE_STDINT_H 1
| #define HAVE_UNISTD_H 1
| #define __EXTENSIONS__ 1
| #define _ALL_SOURCE 1
| #define _GNU_SOURCE 1
| #define _POSIX_PTHREAD_SEMANTICS 1
| #define _TANDEM_SOURCE 1
| #define HAVE_DLFCN_H 1
| #define LT_OBJDIR ".libs/"
| #define HAVE_DLFCN_H 1
| /* end confdefs.h.  */
| 
| /* Override any GCC internal prototype to avoid an error.
|    Use char because int might match the return type of a GCC
|    builtin and then its argument prototype would still apply.  */
| #ifdef __cplusplus
| extern "C"
| #endif
| char dlsym ();
| int
| main ()
| {
| return dlsym ();
|   ;
|   return 0;
| }
configure:9265: /usr/bin/gcc -o conftest -O2 -I/home/anshul/aesd/FinalProject_Buildroot_Client/assignment-5-Anshul-99/buildroot/output/host/include   -L/home/anshul/aesd/FinalProject_Buildroot_Client/assignment-5-Anshul-99/buildroot/output/host/lib -Wl,-rpath,/home/anshul/aesd/FinalProject_Buildroot_Client/assignment-5-Anshul-99/buildroot/output/host/lib conftest.c -ldl   >&5
configure:9265: $? = 0
configure:9282: result: -ldl
configure:9313: checking for special C compiler options needed for large files
configure:9358: result: no
configure:9364: checking for _FILE_OFFSET_BITS value needed for large files
configure:9389: /usr/bin/gcc -c -O2 -I/home/anshul/aesd/FinalProject_Buildroot_Client/assignment-5-Anshul-99/buildroot/output/host/include  conftest.c >&5
configure:9389: $? = 0
configure:9421: result: no
configure:9858: checking whether to enable maintainer-specific portions of Makefiles
configure:9867: result: no
configure:9903: checking whether to install libbfd
configure:9916: result: no
configure:9966: checking whether NLS is requested
configure:9969: result: no
configure:10037: checking whether NLS is requested
configure:10046: result: no
configure:10084: checking for msgfmt
configure:10118: result: no
configure:10124: checking for gmsgfmt
configure:10155: result: :
configure:10195: checking for xgettext
configure:10229: result: no
configure:10266: checking for msgmerge
configure:10299: result: no
configure:10346: checking for long double
configure:10379: result: yes
configure:10387: checking for long long
configure:10387: /usr/bin/gcc -c -O2 -I/home/anshul/aesd/FinalProject_Buildroot_Client/assignment-5-Anshul-99/buildroot/output/host/include  conftest.c >&5
configure:10387: $? = 0
configure:10387: /usr/bin/gcc -c -O2 -I/home/anshul/aesd/FinalProject_Buildroot_Client/assignment-5-Anshul-99/buildroot/output/host/include  conftest.c >&5
conftest.c: In function 'main':
conftest.c:68:24: error: expected expression before ')' token
   68 | if (sizeof ((long long)))
      |                        ^
configure:10387: $? = 1
configure: failed program was:
| /* confdefs.h */
| #define PACKAGE_NAME "bfd"
| #define PACKAGE_TARNAME "bfd"
| #define PACKAGE_VERSION "2.35.2"
| #define PACKAGE_STRING "bfd 2.35.2"
| #define PACKAGE_BUGREPORT ""
| #define PACKAGE_URL ""
| #define PACKAGE "bfd"
| #define VERSION "2.35.2"
| #define STDC_HEADERS 1
| #define HAVE_SYS_TYPES_H 1
| #define HAVE_SYS_STAT_H 1
| #define HAVE_STDLIB_H 1
| #define HAVE_STRING_H 1
| #define HAVE_MEMORY_H 1
| #define HAVE_STRINGS_H 1
| #define HAVE_INTTYPES_H 1
| #define HAVE_STDINT_H 1
| #define HAVE_UNISTD_H 1
| #define __EXTENSIONS__ 1
| #define _ALL_SOURCE 1
| #define _GNU_SOURCE 1
| #define _POSIX_PTHREAD_SEMANTICS 1
| #define _TANDEM_SOURCE 1
| #define HAVE_DLFCN_H 1
| #define LT_OBJDIR ".libs/"
| #define HAVE_DLFCN_H 1
| #define USE_SECUREPLT 1
| #define DEFAULT_LD_Z_SEPARATE_CODE 0
| #define HAVE_LONG_DOUBLE 1
| /* end confdefs.h.  */
| #include <stdio.h>
| #ifdef HAVE_SYS_TYPES_H
| # include <sys/types.h>
| #endif
| #ifdef HAVE_SYS_STAT_H
| # include <sys/stat.h>
| #endif
| #ifdef STDC_HEADERS
| # include <stdlib.h>
| # include <stddef.h>
| #else
| # ifdef HAVE_STDLIB_H
| #  include <stdlib.h>
| # endif
| #endif
| #ifdef HAVE_STRING_H
| # if !defined STDC_HEADERS && defined HAVE_MEMORY_H
| #  include <memory.h>
| # endif
| # include <string.h>
| #endif
| #ifdef HAVE_STRINGS_H
| # include <strings.h>
| #endif
| #ifdef HAVE_INTTYPES_H
| # include <inttypes.h>
| #endif
| #ifdef HAVE_STDINT_H
| # include <stdint.h>
| #endif
| #ifdef HAVE_UNISTD_H
| # include <unistd.h>
| #endif
| int
| main ()
| {
| if (sizeof ((long long)))
| 	    return 0;
|   ;
|   return 0;
| }
configure:10387: result: yes
configure:10398: checking size of long long
configure:10403: /usr/bin/gcc -o conftest -O2 -I/home/anshul/aesd/FinalProject_Buildroot_Client/assignment-5-Anshul-99/buildroot/output/host/include   -L/home/anshul/aesd/FinalProject_Buildroot_Client/assignment-5-Anshul-99/buildroot/output/host/lib -Wl,-rpath,/home/anshul/aesd/FinalProject_Buildroot_Client/assignment-5-Anshul-99/buildroot/output/host/lib conftest.c -ldl  >&5
configure:10403: $? = 0
configure:10403: ./conftest
configure:10403: $? = 0
configure:10417: result: 8
configure:10433: checking size of void *
configure:10438: /usr/bin/gcc -o conftest -O2 -I/home/anshul/aesd/FinalProject_Buildroot_Client/assignment-5-Anshul-99/buildroot/output/host/include   -L/home/anshul/aesd/FinalProject_Buildroot_Client/assignment-5-Anshul-99/buildroot/output/host/lib -Wl,-rpath,/home/anshul/aesd/FinalProject_Buildroot_Client/assignment-5-Anshul-99/buildroot/output/host/lib conftest.c -ldl  >&5
configure:10438: $? = 0
configure:10438: ./conftest
configure:10438: $? = 0
configure:10452: result: 8
configure:10466: checking size of long
configure:10471: /usr/bin/gcc -o conftest -O2 -I/home/anshul/aesd/FinalProject_Buildroot_Client/assignment-5-Anshul-99/buildroot/output/host/include   -L/home/anshul/aesd/FinalProject_Buildroot_Client/assignment-5-Anshul-99/buildroot/output/host/lib -Wl,-rpath,/home/anshul/aesd/FinalProject_Buildroot_Client/assignment-5-Anshul-99/buildroot/output/host/lib conftest.c -ldl  >&5
configure:10471: $? = 0
configure:10471: ./conftest
configure:10471: $? = 0
configure:10485: result: 8
configure:10499: checking size of int
configure:10504: /usr/bin/gcc -o conftest -O2 -I/home/anshul/aesd/FinalProject_Buildroot_Client/assignment-5-Anshul-99/buildroot/output/host/include   -L/home/anshul/aesd/FinalProject_Buildroot_Client/assignment-5-Anshul-99/buildroot/output/host/lib -Wl,-rpath,/home/anshul/aesd/FinalProject_Buildroot_Client/assignment-5-Anshul-99/buildroot/output/host/lib conftest.c -ldl  >&5
configure:10504: $? = 0
configure:10504: ./conftest
configure:10504: $? = 0
configure:10518: result: 4
configure:10600: checking alloca.h usability
configure:10600: /usr/bin/gcc -c -O2 -I/home/anshul/aesd/FinalProject_Buildroot_Client/assignment-5-Anshul-99/buildroot/output/host/include  conftest.c >&5
configure:10600: $? = 0
configure:10600: result: yes
configure:10600: checking alloca.h presence
configure:10600: /usr/bin/gcc -E  conftest.c
configure:10600: $? = 0
configure:10600: result: yes
configure:10600: checking for alloca.h
configure:10600: result: yes
configure:10600: checking stddef.h usability
configure:10600: /usr/bin/gcc -c -O2 -I/home/anshul/aesd/FinalProject_Buildroot_Client/assignment-5-Anshul-99/buildroot/output/host/include  conftest.c >&5
configure:10600: $? = 0
configure:10600: result: yes
configure:10600: checking stddef.h presence
configure:10600: /usr/bin/gcc -E  conftest.c
configure:10600: $? = 0
configure:10600: result: yes
configure:10600: checking for stddef.h
configure:10600: result: yes
configure:10600: checking for string.h
configure:10600: result: yes
configure:10600: checking for strings.h
configure:10600: result: yes
configure:10600: checking for stdlib.h
configure:10600: result: yes
configure:10600: checking time.h usability
configure:10600: /usr/bin/gcc -c -O2 -I/home/anshul/aesd/FinalProject_Buildroot_Client/assignment-5-Anshul-99/buildroot/output/host/include  conftest.c >&5
configure:10600: $? = 0
configure:10600: result: yes
configure:10600: checking time.h presence
configure:10600: /usr/bin/gcc -E  conftest.c
configure:10600: $? = 0
configure:10600: result: yes
configure:10600: checking for time.h
configure:10600: result: yes
configure:10600: checking for unistd.h
configure:10600: result: yes
configure:10600: checking wchar.h usability
configure:10600: /usr/bin/gcc -c -O2 -I/home/anshul/aesd/FinalProject_Buildroot_Client/assignment-5-Anshul-99/buildroot/output/host/include  conftest.c >&5
configure:10600: $? = 0
configure:10600: result: yes
configure:10600: checking wchar.h presence
configure:10600: /usr/bin/gcc -E  conftest.c
configure:10600: $? = 0
configure:10600: result: yes
configure:10600: checking for wchar.h
configure:10600: result: yes
configure:10600: checking wctype.h usability
configure:10600: /usr/bin/gcc -c -O2 -I/home/anshul/aesd/FinalProject_Buildroot_Client/assignment-5-Anshul-99/buildroot/output/host/include  conftest.c >&5
configure:10600: $? = 0
configure:10600: result: yes
configure:10600: checking wctype.h presence
configure:10600: /usr/bin/gcc -E  conftest.c
configure:10600: $? = 0
configure:10600: result: yes
configure:10600: checking for wctype.h
configure:10600: result: yes
configure:10613: checking fcntl.h usability
configure:10613: /usr/bin/gcc -c -O2 -I/home/anshul/aesd/FinalProject_Buildroot_Client/assignment-5-Anshul-99/buildroot/output/host/include  conftest.c >&5
configure:10613: $? = 0
configure:10613: result: yes
configure:10613: checking fcntl.h presence
configure:10613: /usr/bin/gcc -E  conftest.c
configure:10613: $? = 0
configure:10613: result: yes
configure:10613: checking for fcntl.h
configure:10613: result: yes
configure:10613: checking sys/file.h usability
configure:10613: /usr/bin/gcc -c -O2 -I/home/anshul/aesd/FinalProject_Buildroot_Client/assignment-5-Anshul-99/buildroot/output/host/include  conftest.c >&5
configure:10613: $? = 0
configure:10613: result: yes
configure:10613: checking sys/file.h presence
configure:10613: /usr/bin/gcc -E  conftest.c
configure:10613: $? = 0
configure:10613: result: yes
configure:10613: checking for sys/file.h
configure:10613: result: yes
configure:10613: checking sys/time.h usability
configure:10613: /usr/bin/gcc -c -O2 -I/home/anshul/aesd/FinalProject_Buildroot_Client/assignment-5-Anshul-99/buildroot/output/host/include  conftest.c >&5
configure:10613: $? = 0
configure:10613: result: yes
configure:10613: checking sys/time.h presence
configure:10613: /usr/bin/gcc -E  conftest.c
configure:10613: $? = 0
configure:10613: result: yes
configure:10613: checking for sys/time.h
configure:10613: result: yes
configure:10613: checking for sys/stat.h
configure:10613: result: yes
configure:10613: checking sys/resource.h usability
configure:10613: /usr/bin/gcc -c -O2 -I/home/anshul/aesd/FinalProject_Buildroot_Client/assignment-5-Anshul-99/buildroot/output/host/include  conftest.c >&5
configure:10613: $? = 0
configure:10613: result: yes
configure:10613: checking sys/resource.h presence
configure:10613: /usr/bin/gcc -E  conftest.c
configure:10613: $? = 0
configure:10613: result: yes
configure:10613: checking for sys/resource.h
configure:10613: result: yes
configure:10636: checking for uintmax_t
configure:10636: /usr/bin/gcc -c -O2 -I/home/anshul/aesd/FinalProject_Buildroot_Client/assignment-5-Anshul-99/buildroot/output/host/include  conftest.c >&5
configure:10636: $? = 0
configure:10636: /usr/bin/gcc -c -O2 -I/home/anshul/aesd/FinalProject_Buildroot_Client/assignment-5-Anshul-99/buildroot/output/host/include  conftest.c >&5
conftest.c: In function 'main':
conftest.c:57:24: error: expected expression before ')' token
   57 | if (sizeof ((uintmax_t)))
      |                        ^
configure:10636: $? = 1
configure: failed program was:
| /* confdefs.h */
| #define PACKAGE_NAME "bfd"
| #define PACKAGE_TARNAME "bfd"
| #define PACKAGE_VERSION "2.35.2"
| #define PACKAGE_STRING "bfd 2.35.2"
| #define PACKAGE_BUGREPORT ""
| #define PACKAGE_URL ""
| #define PACKAGE "bfd"
| #define VERSION "2.35.2"
| #define STDC_HEADERS 1
| #define HAVE_SYS_TYPES_H 1
| #define HAVE_SYS_STAT_H 1
| #define HAVE_STDLIB_H 1
| #define HAVE_STRING_H 1
| #define HAVE_MEMORY_H 1
| #define HAVE_STRINGS_H 1
| #define HAVE_INTTYPES_H 1
| #define HAVE_STDINT_H 1
| #define HAVE_UNISTD_H 1
| #define __EXTENSIONS__ 1
| #define _ALL_SOURCE 1
| #define _GNU_SOURCE 1
| #define _POSIX_PTHREAD_SEMANTICS 1
| #define _TANDEM_SOURCE 1
| #define HAVE_DLFCN_H 1
| #define LT_OBJDIR ".libs/"
| #define HAVE_DLFCN_H 1
| #define USE_SECUREPLT 1
| #define DEFAULT_LD_Z_SEPARATE_CODE 0
| #define HAVE_LONG_DOUBLE 1
| #define HAVE_LONG_LONG 1
| #define SIZEOF_LONG_LONG 8
| #define SIZEOF_VOID_P 8
| #define SIZEOF_LONG 8
| #define SIZEOF_INT 4
| #define HAVE_ALLOCA_H 1
| #define HAVE_STDDEF_H 1
| #define HAVE_STRING_H 1
| #define HAVE_STRINGS_H 1
| #define HAVE_STDLIB_H 1
| #define HAVE_TIME_H 1
| #define HAVE_UNISTD_H 1
| #define HAVE_WCHAR_H 1
| #define HAVE_WCTYPE_H 1
| #define HAVE_FCNTL_H 1
| #define HAVE_SYS_FILE_H 1
| #define HAVE_SYS_TIME_H 1
| #define HAVE_SYS_STAT_H 1
| #define HAVE_SYS_RESOURCE_H 1
| /* end confdefs.h.  */
| #include <sys/types.h>
| #include <stdint.h>
| 
| int
| main ()
| {
| if (sizeof ((uintmax_t)))
| 	    return 0;
|   ;
|   return 0;
| }
configure:10636: result: yes
configure:10645: checking for uintptr_t
configure:10645: /usr/bin/gcc -c -O2 -I/home/anshul/aesd/FinalProject_Buildroot_Client/assignment-5-Anshul-99/buildroot/output/host/include  conftest.c >&5
configure:10645: $? = 0
configure:10645: /usr/bin/gcc -c -O2 -I/home/anshul/aesd/FinalProject_Buildroot_Client/assignment-5-Anshul-99/buildroot/output/host/include  conftest.c >&5
conftest.c: In function 'main':
conftest.c:57:24: error: expected expression before ')' token
   57 | if (sizeof ((uintptr_t)))
      |                        ^
configure:10645: $? = 1
configure: failed program was:
| /* confdefs.h */
| #define PACKAGE_NAME "bfd"
| #define PACKAGE_TARNAME "bfd"
| #define PACKAGE_VERSION "2.35.2"
| #define PACKAGE_STRING "bfd 2.35.2"
| #define PACKAGE_BUGREPORT ""
| #define PACKAGE_URL ""
| #define PACKAGE "bfd"
| #define VERSION "2.35.2"
| #define STDC_HEADERS 1
| #define HAVE_SYS_TYPES_H 1
| #define HAVE_SYS_STAT_H 1
| #define HAVE_STDLIB_H 1
| #define HAVE_STRING_H 1
| #define HAVE_MEMORY_H 1
| #define HAVE_STRINGS_H 1
| #define HAVE_INTTYPES_H 1
| #define HAVE_STDINT_H 1
| #define HAVE_UNISTD_H 1
| #define __EXTENSIONS__ 1
| #define _ALL_SOURCE 1
| #define _GNU_SOURCE 1
| #define _POSIX_PTHREAD_SEMANTICS 1
| #define _TANDEM_SOURCE 1
| #define HAVE_DLFCN_H 1
| #define LT_OBJDIR ".libs/"
| #define HAVE_DLFCN_H 1
| #define USE_SECUREPLT 1
| #define DEFAULT_LD_Z_SEPARATE_CODE 0
| #define HAVE_LONG_DOUBLE 1
| #define HAVE_LONG_LONG 1
| #define SIZEOF_LONG_LONG 8
| #define SIZEOF_VOID_P 8
| #define SIZEOF_LONG 8
| #define SIZEOF_INT 4
| #define HAVE_ALLOCA_H 1
| #define HAVE_STDDEF_H 1
| #define HAVE_STRING_H 1
| #define HAVE_STRINGS_H 1
| #define HAVE_STDLIB_H 1
| #define HAVE_TIME_H 1
| #define HAVE_UNISTD_H 1
| #define HAVE_WCHAR_H 1
| #define HAVE_WCTYPE_H 1
| #define HAVE_FCNTL_H 1
| #define HAVE_SYS_FILE_H 1
| #define HAVE_SYS_TIME_H 1
| #define HAVE_SYS_STAT_H 1
| #define HAVE_SYS_RESOURCE_H 1
| /* end confdefs.h.  */
| #include <sys/types.h>
| #include <stdint.h>
| 
| int
| main ()
| {
| if (sizeof ((uintptr_t)))
| 	    return 0;
|   ;
|   return 0;
| }
configure:10645: result: yes
configure:10654: checking for int_least32_t
configure:10654: /usr/bin/gcc -c -O2 -I/home/anshul/aesd/FinalProject_Buildroot_Client/assignment-5-Anshul-99/buildroot/output/host/include  conftest.c >&5
configure:10654: $? = 0
configure:10654: /usr/bin/gcc -c -O2 -I/home/anshul/aesd/FinalProject_Buildroot_Client/assignment-5-Anshul-99/buildroot/output/host/include  conftest.c >&5
conftest.c: In function 'main':
conftest.c:57:28: error: expected expression before ')' token
   57 | if (sizeof ((int_least32_t)))
      |                            ^
configure:10654: $? = 1
configure: failed program was:
| /* confdefs.h */
| #define PACKAGE_NAME "bfd"
| #define PACKAGE_TARNAME "bfd"
| #define PACKAGE_VERSION "2.35.2"
| #define PACKAGE_STRING "bfd 2.35.2"
| #define PACKAGE_BUGREPORT ""
| #define PACKAGE_URL ""
| #define PACKAGE "bfd"
| #define VERSION "2.35.2"
| #define STDC_HEADERS 1
| #define HAVE_SYS_TYPES_H 1
| #define HAVE_SYS_STAT_H 1
| #define HAVE_STDLIB_H 1
| #define HAVE_STRING_H 1
| #define HAVE_MEMORY_H 1
| #define HAVE_STRINGS_H 1
| #define HAVE_INTTYPES_H 1
| #define HAVE_STDINT_H 1
| #define HAVE_UNISTD_H 1
| #define __EXTENSIONS__ 1
| #define _ALL_SOURCE 1
| #define _GNU_SOURCE 1
| #define _POSIX_PTHREAD_SEMANTICS 1
| #define _TANDEM_SOURCE 1
| #define HAVE_DLFCN_H 1
| #define LT_OBJDIR ".libs/"
| #define HAVE_DLFCN_H 1
| #define USE_SECUREPLT 1
| #define DEFAULT_LD_Z_SEPARATE_CODE 0
| #define HAVE_LONG_DOUBLE 1
| #define HAVE_LONG_LONG 1
| #define SIZEOF_LONG_LONG 8
| #define SIZEOF_VOID_P 8
| #define SIZEOF_LONG 8
| #define SIZEOF_INT 4
| #define HAVE_ALLOCA_H 1
| #define HAVE_STDDEF_H 1
| #define HAVE_STRING_H 1
| #define HAVE_STRINGS_H 1
| #define HAVE_STDLIB_H 1
| #define HAVE_TIME_H 1
| #define HAVE_UNISTD_H 1
| #define HAVE_WCHAR_H 1
| #define HAVE_WCTYPE_H 1
| #define HAVE_FCNTL_H 1
| #define HAVE_SYS_FILE_H 1
| #define HAVE_SYS_TIME_H 1
| #define HAVE_SYS_STAT_H 1
| #define HAVE_SYS_RESOURCE_H 1
| /* end confdefs.h.  */
| #include <sys/types.h>
| #include <stdint.h>
| 
| int
| main ()
| {
| if (sizeof ((int_least32_t)))
| 	    return 0;
|   ;
|   return 0;
| }
configure:10654: result: yes
configure:10663: checking for int_fast32_t
configure:10663: /usr/bin/gcc -c -O2 -I/home/anshul/aesd/FinalProject_Buildroot_Client/assignment-5-Anshul-99/buildroot/output/host/include  conftest.c >&5
configure:10663: $? = 0
configure:10663: /usr/bin/gcc -c -O2 -I/home/anshul/aesd/FinalProject_Buildroot_Client/assignment-5-Anshul-99/buildroot/output/host/include  conftest.c >&5
conftest.c: In function 'main':
conftest.c:57:27: error: expected expression before ')' token
   57 | if (sizeof ((int_fast32_t)))
      |                           ^
configure:10663: $? = 1
configure: failed program was:
| /* confdefs.h */
| #define PACKAGE_NAME "bfd"
| #define PACKAGE_TARNAME "bfd"
| #define PACKAGE_VERSION "2.35.2"
| #define PACKAGE_STRING "bfd 2.35.2"
| #define PACKAGE_BUGREPORT ""
| #define PACKAGE_URL ""
| #define PACKAGE "bfd"
| #define VERSION "2.35.2"
| #define STDC_HEADERS 1
| #define HAVE_SYS_TYPES_H 1
| #define HAVE_SYS_STAT_H 1
| #define HAVE_STDLIB_H 1
| #define HAVE_STRING_H 1
| #define HAVE_MEMORY_H 1
| #define HAVE_STRINGS_H 1
| #define HAVE_INTTYPES_H 1
| #define HAVE_STDINT_H 1
| #define HAVE_UNISTD_H 1
| #define __EXTENSIONS__ 1
| #define _ALL_SOURCE 1
| #define _GNU_SOURCE 1
| #define _POSIX_PTHREAD_SEMANTICS 1
| #define _TANDEM_SOURCE 1
| #define HAVE_DLFCN_H 1
| #define LT_OBJDIR ".libs/"
| #define HAVE_DLFCN_H 1
| #define USE_SECUREPLT 1
| #define DEFAULT_LD_Z_SEPARATE_CODE 0
| #define HAVE_LONG_DOUBLE 1
| #define HAVE_LONG_LONG 1
| #define SIZEOF_LONG_LONG 8
| #define SIZEOF_VOID_P 8
| #define SIZEOF_LONG 8
| #define SIZEOF_INT 4
| #define HAVE_ALLOCA_H 1
| #define HAVE_STDDEF_H 1
| #define HAVE_STRING_H 1
| #define HAVE_STRINGS_H 1
| #define HAVE_STDLIB_H 1
| #define HAVE_TIME_H 1
| #define HAVE_UNISTD_H 1
| #define HAVE_WCHAR_H 1
| #define HAVE_WCTYPE_H 1
| #define HAVE_FCNTL_H 1
| #define HAVE_SYS_FILE_H 1
| #define HAVE_SYS_TIME_H 1
| #define HAVE_SYS_STAT_H 1
| #define HAVE_SYS_RESOURCE_H 1
| /* end confdefs.h.  */
| #include <sys/types.h>
| #include <stdint.h>
| 
| int
| main ()
| {
| if (sizeof ((int_fast32_t)))
| 	    return 0;
|   ;
|   return 0;
| }
configure:10663: result: yes
configure:10672: checking for uint64_t
configure:10672: /usr/bin/gcc -c -O2 -I/home/anshul/aesd/FinalProject_Buildroot_Client/assignment-5-Anshul-99/buildroot/output/host/include  conftest.c >&5
configure:10672: $? = 0
configure:10672: /usr/bin/gcc -c -O2 -I/home/anshul/aesd/FinalProject_Buildroot_Client/assignment-5-Anshul-99/buildroot/output/host/include  conftest.c >&5
conftest.c: In function 'main':
conftest.c:57:23: error: expected expression before ')' token
   57 | if (sizeof ((uint64_t)))
      |                       ^
configure:10672: $? = 1
configure: failed program was:
| /* confdefs.h */
| #define PACKAGE_NAME "bfd"
| #define PACKAGE_TARNAME "bfd"
| #define PACKAGE_VERSION "2.35.2"
| #define PACKAGE_STRING "bfd 2.35.2"
| #define PACKAGE_BUGREPORT ""
| #define PACKAGE_URL ""
| #define PACKAGE "bfd"
| #define VERSION "2.35.2"
| #define STDC_HEADERS 1
| #define HAVE_SYS_TYPES_H 1
| #define HAVE_SYS_STAT_H 1
| #define HAVE_STDLIB_H 1
| #define HAVE_STRING_H 1
| #define HAVE_MEMORY_H 1
| #define HAVE_STRINGS_H 1
| #define HAVE_INTTYPES_H 1
| #define HAVE_STDINT_H 1
| #define HAVE_UNISTD_H 1
| #define __EXTENSIONS__ 1
| #define _ALL_SOURCE 1
| #define _GNU_SOURCE 1
| #define _POSIX_PTHREAD_SEMANTICS 1
| #define _TANDEM_SOURCE 1
| #define HAVE_DLFCN_H 1
| #define LT_OBJDIR ".libs/"
| #define HAVE_DLFCN_H 1
| #define USE_SECUREPLT 1
| #define DEFAULT_LD_Z_SEPARATE_CODE 0
| #define HAVE_LONG_DOUBLE 1
| #define HAVE_LONG_LONG 1
| #define SIZEOF_LONG_LONG 8
| #define SIZEOF_VOID_P 8
| #define SIZEOF_LONG 8
| #define SIZEOF_INT 4
| #define HAVE_ALLOCA_H 1
| #define HAVE_STDDEF_H 1
| #define HAVE_STRING_H 1
| #define HAVE_STRINGS_H 1
| #define HAVE_STDLIB_H 1
| #define HAVE_TIME_H 1
| #define HAVE_UNISTD_H 1
| #define HAVE_WCHAR_H 1
| #define HAVE_WCTYPE_H 1
| #define HAVE_FCNTL_H 1
| #define HAVE_SYS_FILE_H 1
| #define HAVE_SYS_TIME_H 1
| #define HAVE_SYS_STAT_H 1
| #define HAVE_SYS_RESOURCE_H 1
| /* end confdefs.h.  */
| #include <sys/types.h>
| #include <stdint.h>
| 
| int
| main ()
| {
| if (sizeof ((uint64_t)))
| 	    return 0;
|   ;
|   return 0;
| }
configure:10672: result: yes
configure:10753: checking what to include in bfd_stdint.h
configure:10781: result: stdint.h (already complete)
configure:11024: checking whether time.h and sys/time.h may both be included
configure:11044: /usr/bin/gcc -c -O2 -I/home/anshul/aesd/FinalProject_Buildroot_Client/assignment-5-Anshul-99/buildroot/output/host/include  conftest.c >&5
configure:11044: $? = 0
configure:11051: result: yes
configure:11062: checking for dirent.h that defines DIR
configure:11081: /usr/bin/gcc -c -O2 -I/home/anshul/aesd/FinalProject_Buildroot_Client/assignment-5-Anshul-99/buildroot/output/host/include  conftest.c >&5
configure:11081: $? = 0
configure:11089: result: yes
configure:11102: checking for library containing opendir
configure:11133: /usr/bin/gcc -o conftest -O2 -I/home/anshul/aesd/FinalProject_Buildroot_Client/assignment-5-Anshul-99/buildroot/output/host/include   -L/home/anshul/aesd/FinalProject_Buildroot_Client/assignment-5-Anshul-99/buildroot/output/host/lib -Wl,-rpath,/home/anshul/aesd/FinalProject_Buildroot_Client/assignment-5-Anshul-99/buildroot/output/host/lib conftest.c -ldl  >&5
configure:11133: $? = 0
configure:11150: result: none required
configure:11218: checking whether string.h and strings.h may both be included
configure:11235: /usr/bin/gcc -c -O2 -I/home/anshul/aesd/FinalProject_Buildroot_Client/assignment-5-Anshul-99/buildroot/output/host/include  conftest.c >&5
configure:11235: $? = 0
configure:11242: result: yes
configure:11253: checking for fcntl
configure:11253: /usr/bin/gcc -o conftest -O2 -I/home/anshul/aesd/FinalProject_Buildroot_Client/assignment-5-Anshul-99/buildroot/output/host/include   -L/home/anshul/aesd/FinalProject_Buildroot_Client/assignment-5-Anshul-99/buildroot/output/host/lib -Wl,-rpath,/home/anshul/aesd/FinalProject_Buildroot_Client/assignment-5-Anshul-99/buildroot/output/host/lib conftest.c -ldl  >&5
configure:11253: $? = 0
configure:11253: result: yes
configure:11253: checking for getpagesize
configure:11253: /usr/bin/gcc -o conftest -O2 -I/home/anshul/aesd/FinalProject_Buildroot_Client/assignment-5-Anshul-99/buildroot/output/host/include   -L/home/anshul/aesd/FinalProject_Buildroot_Client/assignment-5-Anshul-99/buildroot/output/host/lib -Wl,-rpath,/home/anshul/aesd/FinalProject_Buildroot_Client/assignment-5-Anshul-99/buildroot/output/host/lib conftest.c -ldl  >&5
configure:11253: $? = 0
configure:11253: result: yes
configure:11253: checking for setitimer
configure:11253: /usr/bin/gcc -o conftest -O2 -I/home/anshul/aesd/FinalProject_Buildroot_Client/assignment-5-Anshul-99/buildroot/output/host/include   -L/home/anshul/aesd/FinalProject_Buildroot_Client/assignment-5-Anshul-99/buildroot/output/host/lib -Wl,-rpath,/home/anshul/aesd/FinalProject_Buildroot_Client/assignment-5-Anshul-99/buildroot/output/host/lib conftest.c -ldl  >&5
configure:11253: $? = 0
configure:11253: result: yes
configure:11253: checking for sysconf
configure:11253: /usr/bin/gcc -o conftest -O2 -I/home/anshul/aesd/FinalProject_Buildroot_Client/assignment-5-Anshul-99/buildroot/output/host/include   -L/home/anshul/aesd/FinalProject_Buildroot_Client/assignment-5-Anshul-99/buildroot/output/host/lib -Wl,-rpath,/home/anshul/aesd/FinalProject_Buildroot_Client/assignment-5-Anshul-99/buildroot/output/host/lib conftest.c -ldl  >&5
configure:11253: $? = 0
configure:11253: result: yes
configure:11253: checking for fdopen
configure:11253: /usr/bin/gcc -o conftest -O2 -I/home/anshul/aesd/FinalProject_Buildroot_Client/assignment-5-Anshul-99/buildroot/output/host/include   -L/home/anshul/aesd/FinalProject_Buildroot_Client/assignment-5-Anshul-99/buildroot/output/host/lib -Wl,-rpath,/home/anshul/aesd/FinalProject_Buildroot_Client/assignment-5-Anshul-99/buildroot/output/host/lib conftest.c -ldl  >&5
configure:11253: $? = 0
configure:11253: result: yes
configure:11253: checking for getuid
configure:11253: /usr/bin/gcc -o conftest -O2 -I/home/anshul/aesd/FinalProject_Buildroot_Client/assignment-5-Anshul-99/buildroot/output/host/include   -L/home/anshul/aesd/FinalProject_Buildroot_Client/assignment-5-Anshul-99/buildroot/output/host/lib -Wl,-rpath,/home/anshul/aesd/FinalProject_Buildroot_Client/assignment-5-Anshul-99/buildroot/output/host/lib conftest.c -ldl  >&5
configure:11253: $? = 0
configure:11253: result: yes
configure:11253: checking for getgid
configure:11253: /usr/bin/gcc -o conftest -O2 -I/home/anshul/aesd/FinalProject_Buildroot_Client/assignment-5-Anshul-99/buildroot/output/host/include   -L/home/anshul/aesd/FinalProject_Buildroot_Client/assignment-5-Anshul-99/buildroot/output/host/lib -Wl,-rpath,/home/anshul/aesd/FinalProject_Buildroot_Client/assignment-5-Anshul-99/buildroot/output/host/lib conftest.c -ldl  >&5
configure:11253: $? = 0
configure:11253: result: yes
configure:11253: checking for fileno
configure:11253: /usr/bin/gcc -o conftest -O2 -I/home/anshul/aesd/FinalProject_Buildroot_Client/assignment-5-Anshul-99/buildroot/output/host/include   -L/home/anshul/aesd/FinalProject_Buildroot_Client/assignment-5-Anshul-99/buildroot/output/host/lib -Wl,-rpath,/home/anshul/aesd/FinalProject_Buildroot_Client/assignment-5-Anshul-99/buildroot/output/host/lib conftest.c -ldl  >&5
configure:11253: $? = 0
configure:11253: result: yes
configure:11253: checking for fls
configure:11253: /usr/bin/gcc -o conftest -O2 -I/home/anshul/aesd/FinalProject_Buildroot_Client/assignment-5-Anshul-99/buildroot/output/host/include   -L/home/anshul/aesd/FinalProject_Buildroot_Client/assignment-5-Anshul-99/buildroot/output/host/lib -Wl,-rpath,/home/anshul/aesd/FinalProject_Buildroot_Client/assignment-5-Anshul-99/buildroot/output/host/lib conftest.c -ldl  >&5
/usr/bin/ld: /tmp/cclVzDMN.o: in function `main':
conftest.c:(.text.startup+0xb): undefined reference to `fls'
collect2: error: ld returned 1 exit status
configure:11253: $? = 1
configure: failed program was:
| /* confdefs.h */
| #define PACKAGE_NAME "bfd"
| #define PACKAGE_TARNAME "bfd"
| #define PACKAGE_VERSION "2.35.2"
| #define PACKAGE_STRING "bfd 2.35.2"
| #define PACKAGE_BUGREPORT ""
| #define PACKAGE_URL ""
| #define PACKAGE "bfd"
| #define VERSION "2.35.2"
| #define STDC_HEADERS 1
| #define HAVE_SYS_TYPES_H 1
| #define HAVE_SYS_STAT_H 1
| #define HAVE_STDLIB_H 1
| #define HAVE_STRING_H 1
| #define HAVE_MEMORY_H 1
| #define HAVE_STRINGS_H 1
| #define HAVE_INTTYPES_H 1
| #define HAVE_STDINT_H 1
| #define HAVE_UNISTD_H 1
| #define __EXTENSIONS__ 1
| #define _ALL_SOURCE 1
| #define _GNU_SOURCE 1
| #define _POSIX_PTHREAD_SEMANTICS 1
| #define _TANDEM_SOURCE 1
| #define HAVE_DLFCN_H 1
| #define LT_OBJDIR ".libs/"
| #define HAVE_DLFCN_H 1
| #define USE_SECUREPLT 1
| #define DEFAULT_LD_Z_SEPARATE_CODE 0
| #define HAVE_LONG_DOUBLE 1
| #define HAVE_LONG_LONG 1
| #define SIZEOF_LONG_LONG 8
| #define SIZEOF_VOID_P 8
| #define SIZEOF_LONG 8
| #define SIZEOF_INT 4
| #define HAVE_ALLOCA_H 1
| #define HAVE_STDDEF_H 1
| #define HAVE_STRING_H 1
| #define HAVE_STRINGS_H 1
| #define HAVE_STDLIB_H 1
| #define HAVE_TIME_H 1
| #define HAVE_UNISTD_H 1
| #define HAVE_WCHAR_H 1
| #define HAVE_WCTYPE_H 1
| #define HAVE_FCNTL_H 1
| #define HAVE_SYS_FILE_H 1
| #define HAVE_SYS_TIME_H 1
| #define HAVE_SYS_STAT_H 1
| #define HAVE_SYS_RESOURCE_H 1
| #define TIME_WITH_SYS_TIME 1
| #define HAVE_DIRENT_H 1
| #define STRING_WITH_STRINGS 1
| #define HAVE_FCNTL 1
| #define HAVE_GETPAGESIZE 1
| #define HAVE_SETITIMER 1
| #define HAVE_SYSCONF 1
| #define HAVE_FDOPEN 1
| #define HAVE_GETUID 1
| #define HAVE_GETGID 1
| #define HAVE_FILENO 1
| /* end confdefs.h.  */
| /* Define fls to an innocuous variant, in case <limits.h> declares fls.
|    For example, HP-UX 11i <limits.h> declares gettimeofday.  */
| #define fls innocuous_fls
| 
| /* System header to define __stub macros and hopefully few prototypes,
|     which can conflict with char fls (); below.
|     Prefer <limits.h> to <assert.h> if __STDC__ is defined, since
|     <limits.h> exists even on freestanding compilers.  */
| 
| #ifdef __STDC__
| # include <limits.h>
| #else
| # include <assert.h>
| #endif
| 
| #undef fls
| 
| /* Override any GCC internal prototype to avoid an error.
|    Use char because int might match the return type of a GCC
|    builtin and then its argument prototype would still apply.  */
| #ifdef __cplusplus
| extern "C"
| #endif
| char fls ();
| /* The GNU C library defines this for functions which it implements
|     to always fail with ENOSYS.  Some functions are actually named
|     something starting with __ and the normal name is an alias.  */
| #if defined __stub_fls || defined __stub___fls
| choke me
| #endif
| 
| int
| main ()
| {
| return fls ();
|   ;
|   return 0;
| }
configure:11253: result: no
configure:11265: checking for strtoull
configure:11265: /usr/bin/gcc -o conftest -O2 -I/home/anshul/aesd/FinalProject_Buildroot_Client/assignment-5-Anshul-99/buildroot/output/host/include   -L/home/anshul/aesd/FinalProject_Buildroot_Client/assignment-5-Anshul-99/buildroot/output/host/lib -Wl,-rpath,/home/anshul/aesd/FinalProject_Buildroot_Client/assignment-5-Anshul-99/buildroot/output/host/lib conftest.c -ldl  >&5
configure:11265: $? = 0
configure:11265: result: yes
configure:11265: checking for getrlimit
configure:11265: /usr/bin/gcc -o conftest -O2 -I/home/anshul/aesd/FinalProject_Buildroot_Client/assignment-5-Anshul-99/buildroot/output/host/include   -L/home/anshul/aesd/FinalProject_Buildroot_Client/assignment-5-Anshul-99/buildroot/output/host/lib -Wl,-rpath,/home/anshul/aesd/FinalProject_Buildroot_Client/assignment-5-Anshul-99/buildroot/output/host/lib conftest.c -ldl  >&5
configure:11265: $? = 0
configure:11265: result: yes
configure:11275: checking whether basename is declared
configure:11275: /usr/bin/gcc -c -O2 -I/home/anshul/aesd/FinalProject_Buildroot_Client/assignment-5-Anshul-99/buildroot/output/host/include  conftest.c >&5
configure:11275: $? = 0
configure:11275: result: yes
configure:11286: checking whether ftello is declared
configure:11286: /usr/bin/gcc -c -O2 -I/home/anshul/aesd/FinalProject_Buildroot_Client/assignment-5-Anshul-99/buildroot/output/host/include  conftest.c >&5
configure:11286: $? = 0
configure:11286: result: yes
configure:11297: checking whether ftello64 is declared
configure:11297: /usr/bin/gcc -c -O2 -I/home/anshul/aesd/FinalProject_Buildroot_Client/assignment-5-Anshul-99/buildroot/output/host/include  conftest.c >&5
configure:11297: $? = 0
configure:11297: result: yes
configure:11308: checking whether fseeko is declared
configure:11308: /usr/bin/gcc -c -O2 -I/home/anshul/aesd/FinalProject_Buildroot_Client/assignment-5-Anshul-99/buildroot/output/host/include  conftest.c >&5
configure:11308: $? = 0
configure:11308: result: yes
configure:11319: checking whether fseeko64 is declared
configure:11319: /usr/bin/gcc -c -O2 -I/home/anshul/aesd/FinalProject_Buildroot_Client/assignment-5-Anshul-99/buildroot/output/host/include  conftest.c >&5
configure:11319: $? = 0
configure:11319: result: yes
configure:11339: checking whether ffs is declared
configure:11339: /usr/bin/gcc -c -O2 -I/home/anshul/aesd/FinalProject_Buildroot_Client/assignment-5-Anshul-99/buildroot/output/host/include  conftest.c >&5
configure:11339: $? = 0
configure:11339: result: yes
configure:11350: checking whether free is declared
configure:11350: /usr/bin/gcc -c -O2 -I/home/anshul/aesd/FinalProject_Buildroot_Client/assignment-5-Anshul-99/buildroot/output/host/include  conftest.c >&5
configure:11350: $? = 0
configure:11350: result: yes
configure:11361: checking whether getenv is declared
configure:11361: /usr/bin/gcc -c -O2 -I/home/anshul/aesd/FinalProject_Buildroot_Client/assignment-5-Anshul-99/buildroot/output/host/include  conftest.c >&5
configure:11361: $? = 0
configure:11361: result: yes
configure:11372: checking whether malloc is declared
configure:11372: /usr/bin/gcc -c -O2 -I/home/anshul/aesd/FinalProject_Buildroot_Client/assignment-5-Anshul-99/buildroot/output/host/include  conftest.c >&5
configure:11372: $? = 0
configure:11372: result: yes
configure:11383: checking whether realloc is declared
configure:11383: /usr/bin/gcc -c -O2 -I/home/anshul/aesd/FinalProject_Buildroot_Client/assignment-5-Anshul-99/buildroot/output/host/include  conftest.c >&5
configure:11383: $? = 0
configure:11383: result: yes
configure:11394: checking whether stpcpy is declared
configure:11394: /usr/bin/gcc -c -O2 -I/home/anshul/aesd/FinalProject_Buildroot_Client/assignment-5-Anshul-99/buildroot/output/host/include  conftest.c >&5
configure:11394: $? = 0
configure:11394: result: yes
configure:11405: checking whether strstr is declared
configure:11405: /usr/bin/gcc -c -O2 -I/home/anshul/aesd/FinalProject_Buildroot_Client/assignment-5-Anshul-99/buildroot/output/host/include  conftest.c >&5
configure:11405: $? = 0
configure:11405: result: yes
configure:11416: checking whether asprintf is declared
configure:11416: /usr/bin/gcc -c -O2 -I/home/anshul/aesd/FinalProject_Buildroot_Client/assignment-5-Anshul-99/buildroot/output/host/include  conftest.c >&5
configure:11416: $? = 0
configure:11416: result: yes
configure:11427: checking whether vasprintf is declared
configure:11427: /usr/bin/gcc -c -O2 -I/home/anshul/aesd/FinalProject_Buildroot_Client/assignment-5-Anshul-99/buildroot/output/host/include  conftest.c >&5
configure:11427: $? = 0
configure:11427: result: yes
configure:11438: checking whether snprintf is declared
configure:11438: /usr/bin/gcc -c -O2 -I/home/anshul/aesd/FinalProject_Buildroot_Client/assignment-5-Anshul-99/buildroot/output/host/include  conftest.c >&5
configure:11438: $? = 0
configure:11438: result: yes
configure:11449: checking whether vsnprintf is declared
configure:11449: /usr/bin/gcc -c -O2 -I/home/anshul/aesd/FinalProject_Buildroot_Client/assignment-5-Anshul-99/buildroot/output/host/include  conftest.c >&5
configure:11449: $? = 0
configure:11449: result: yes
configure:11460: checking whether strnlen is declared
configure:11460: /usr/bin/gcc -c -O2 -I/home/anshul/aesd/FinalProject_Buildroot_Client/assignment-5-Anshul-99/buildroot/output/host/include  conftest.c >&5
configure:11460: $? = 0
configure:11460: result: yes
configure:11494: checking compiler support for hidden visibility
configure:11512: /usr/bin/gcc -c -O2 -I/home/anshul/aesd/FinalProject_Buildroot_Client/assignment-5-Anshul-99/buildroot/output/host/include -Werror  conftest.c >&5
configure:11512: $? = 0
configure:11519: result: yes
configure:11529: checking linker --as-needed support
configure:11540: result: yes
configure:11631: checking for cos in -lm
configure:11656: /usr/bin/gcc -o conftest -O2 -I/home/anshul/aesd/FinalProject_Buildroot_Client/assignment-5-Anshul-99/buildroot/output/host/include   -L/home/anshul/aesd/FinalProject_Buildroot_Client/assignment-5-Anshul-99/buildroot/output/host/lib -Wl,-rpath,/home/anshul/aesd/FinalProject_Buildroot_Client/assignment-5-Anshul-99/buildroot/output/host/lib conftest.c -lm  -ldl  >&5
conftest.c:89:6: warning: conflicting types for built-in function 'cos'; expected 'double(double)' [-Wbuiltin-declaration-mismatch]
   89 | char cos ();
      |      ^~~
conftest.c:1:1: note: 'cos' is declared in header '<math.h>'
    1 | /* confdefs.h */
configure:11656: $? = 0
configure:11665: result: yes
configure:12178: checking for gcc version with buggy 64-bit support
configure:12191: result: no
configure:13247: checking for ftello
configure:13247: /usr/bin/gcc -o conftest -O2 -I/home/anshul/aesd/FinalProject_Buildroot_Client/assignment-5-Anshul-99/buildroot/output/host/include   -L/home/anshul/aesd/FinalProject_Buildroot_Client/assignment-5-Anshul-99/buildroot/output/host/lib -Wl,-rpath,/home/anshul/aesd/FinalProject_Buildroot_Client/assignment-5-Anshul-99/buildroot/output/host/lib conftest.c -ldl  >&5
configure:13247: $? = 0
configure:13247: result: yes
configure:13247: checking for ftello64
configure:13247: /usr/bin/gcc -o conftest -O2 -I/home/anshul/aesd/FinalProject_Buildroot_Client/assignment-5-Anshul-99/buildroot/output/host/include   -L/home/anshul/aesd/FinalProject_Buildroot_Client/assignment-5-Anshul-99/buildroot/output/host/lib -Wl,-rpath,/home/anshul/aesd/FinalProject_Buildroot_Client/assignment-5-Anshul-99/buildroot/output/host/lib conftest.c -ldl  >&5
configure:13247: $? = 0
configure:13247: result: yes
configure:13247: checking for fseeko
configure:13247: /usr/bin/gcc -o conftest -O2 -I/home/anshul/aesd/FinalProject_Buildroot_Client/assignment-5-Anshul-99/buildroot/output/host/include   -L/home/anshul/aesd/FinalProject_Buildroot_Client/assignment-5-Anshul-99/buildroot/output/host/lib -Wl,-rpath,/home/anshul/aesd/FinalProject_Buildroot_Client/assignment-5-Anshul-99/buildroot/output/host/lib conftest.c -ldl  >&5
configure:13247: $? = 0
configure:13247: result: yes
configure:13247: checking for fseeko64
configure:13247: /usr/bin/gcc -o conftest -O2 -I/home/anshul/aesd/FinalProject_Buildroot_Client/assignment-5-Anshul-99/buildroot/output/host/include   -L/home/anshul/aesd/FinalProject_Buildroot_Client/assignment-5-Anshul-99/buildroot/output/host/lib -Wl,-rpath,/home/anshul/aesd/FinalProject_Buildroot_Client/assignment-5-Anshul-99/buildroot/output/host/lib conftest.c -ldl  >&5
configure:13247: $? = 0
configure:13247: result: yes
configure:13247: checking for fopen64
configure:13247: /usr/bin/gcc -o conftest -O2 -I/home/anshul/aesd/FinalProject_Buildroot_Client/assignment-5-Anshul-99/buildroot/output/host/include   -L/home/anshul/aesd/FinalProject_Buildroot_Client/assignment-5-Anshul-99/buildroot/output/host/lib -Wl,-rpath,/home/anshul/aesd/FinalProject_Buildroot_Client/assignment-5-Anshul-99/buildroot/output/host/lib conftest.c -ldl  >&5
configure:13247: $? = 0
configure:13247: result: yes
configure:13261: checking size of off_t
configure:13266: /usr/bin/gcc -o conftest -O2 -I/home/anshul/aesd/FinalProject_Buildroot_Client/assignment-5-Anshul-99/buildroot/output/host/include   -L/home/anshul/aesd/FinalProject_Buildroot_Client/assignment-5-Anshul-99/buildroot/output/host/lib -Wl,-rpath,/home/anshul/aesd/FinalProject_Buildroot_Client/assignment-5-Anshul-99/buildroot/output/host/lib conftest.c -ldl  >&5
configure:13266: $? = 0
configure:13266: ./conftest
configure:13266: $? = 0
configure:13280: result: 8
configure:13291: checking file_ptr type
configure:13300: result: BFD_HOST_64_BIT
configure:13311: checking for stdlib.h
configure:13311: result: yes
configure:13311: checking for unistd.h
configure:13311: result: yes
configure:13311: checking for sys/param.h
configure:13311: /usr/bin/gcc -c -O2 -I/home/anshul/aesd/FinalProject_Buildroot_Client/assignment-5-Anshul-99/buildroot/output/host/include  conftest.c >&5
configure:13311: $? = 0
configure:13311: result: yes
configure:13331: checking for getpagesize
configure:13331: result: yes
configure:13340: checking for working mmap
configure:13487: /usr/bin/gcc -o conftest -O2 -I/home/anshul/aesd/FinalProject_Buildroot_Client/assignment-5-Anshul-99/buildroot/output/host/include   -L/home/anshul/aesd/FinalProject_Buildroot_Client/assignment-5-Anshul-99/buildroot/output/host/lib -Wl,-rpath,/home/anshul/aesd/FinalProject_Buildroot_Client/assignment-5-Anshul-99/buildroot/output/host/lib conftest.c -ldl  >&5
configure:13487: $? = 0
configure:13487: ./conftest
configure:13487: $? = 0
configure:13497: result: yes
configure:13509: checking for madvise
configure:13509: /usr/bin/gcc -o conftest -O2 -I/home/anshul/aesd/FinalProject_Buildroot_Client/assignment-5-Anshul-99/buildroot/output/host/include   -L/home/anshul/aesd/FinalProject_Buildroot_Client/assignment-5-Anshul-99/buildroot/output/host/lib -Wl,-rpath,/home/anshul/aesd/FinalProject_Buildroot_Client/assignment-5-Anshul-99/buildroot/output/host/lib conftest.c -ldl  >&5
configure:13509: $? = 0
configure:13509: result: yes
configure:13509: checking for mprotect
configure:13509: /usr/bin/gcc -o conftest -O2 -I/home/anshul/aesd/FinalProject_Buildroot_Client/assignment-5-Anshul-99/buildroot/output/host/include   -L/home/anshul/aesd/FinalProject_Buildroot_Client/assignment-5-Anshul-99/buildroot/output/host/lib -Wl,-rpath,/home/anshul/aesd/FinalProject_Buildroot_Client/assignment-5-Anshul-99/buildroot/output/host/lib conftest.c -ldl  >&5
configure:13509: $? = 0
configure:13509: result: yes
configure:13593: updating cache ./config.cache
configure:13637: checking that generated files are newer than configure
configure:13643: result: done
configure:13682: creating ./config.status

## ---------------------- ##
## Running config.status. ##
## ---------------------- ##

This file was extended by bfd config.status 2.35.2, which was
generated by GNU Autoconf 2.69.  Invocation command line was

  CONFIG_FILES    = 
  CONFIG_HEADERS  = 
  CONFIG_LINKS    = 
  CONFIG_COMMANDS = 
  $ ./config.status 

on Anshul-UbuntuVM

config.status:1239: creating Makefile
config.status:1239: creating doc/Makefile
config.status:1239: creating bfd-in3.h
config.status:1239: creating po/Makefile.in
config.status:1239: creating config.h
config.status:1468: executing depfiles commands
config.status:1468: executing libtool commands
config.status:1468: executing default-1 commands
config.status:1468: executing bfd_stdint.h commands
config.status:1468: executing default commands

## ---------------- ##
## Cache variables. ##
## ---------------- ##

ac_cv_build=x86_64-pc-linux-gnu
ac_cv_c_compiler_gnu=yes
ac_cv_env_CC_set=set
ac_cv_env_CC_value=/usr/bin/gcc
ac_cv_env_CFLAGS_set=set
ac_cv_env_CFLAGS_value='-O2 -I/home/anshul/aesd/FinalProject_Buildroot_Client/assignment-5-Anshul-99/buildroot/output/host/include'
ac_cv_env_CPPFLAGS_set=
ac_cv_env_CPPFLAGS_value=
ac_cv_env_CPP_set=
ac_cv_env_CPP_value=
ac_cv_env_LDFLAGS_set=set
ac_cv_env_LDFLAGS_value=' -L/home/anshul/aesd/FinalProject_Buildroot_Client/assignment-5-Anshul-99/buildroot/output/host/lib -Wl,-rpath,/home/anshul/aesd/FinalProject_Buildroot_Client/assignment-5-Anshul-99/buildroot/output/host/lib'
ac_cv_env_LIBS_set=
ac_cv_env_LIBS_value=
ac_cv_env_build_alias_set=set
ac_cv_env_build_alias_value=x86_64-pc-linux-gnu
ac_cv_env_host_alias_set=set
ac_cv_env_host_alias_value=x86_64-pc-linux-gnu
ac_cv_env_target_alias_set=set
ac_cv_env_target_alias_value=arm-buildroot-linux-uclibcgnueabihf
ac_cv_func_dlopen=no
ac_cv_func_fcntl=yes
ac_cv_func_fdopen=yes
ac_cv_func_fileno=yes
ac_cv_func_fls=no
ac_cv_func_fopen64=yes
ac_cv_func_fseeko64=yes
ac_cv_func_fseeko=yes
ac_cv_func_ftello64=yes
ac_cv_func_ftello=yes
ac_cv_func_getgid=yes
ac_cv_func_getpagesize=yes
ac_cv_func_getrlimit=yes
ac_cv_func_getuid=yes
ac_cv_func_madvise=yes
ac_cv_func_mmap_fixed_mapped=yes
ac_cv_func_mprotect=yes
ac_cv_func_setitimer=yes
ac_cv_func_shl_load=no
ac_cv_func_strtoull=yes
ac_cv_func_sysconf=yes
ac_cv_have_decl_asprintf=yes
ac_cv_have_decl_basename=yes
ac_cv_have_decl_ffs=yes
ac_cv_have_decl_free=yes
ac_cv_have_decl_fseeko64=yes
ac_cv_have_decl_fseeko=yes
ac_cv_have_decl_ftello64=yes
ac_cv_have_decl_ftello=yes
ac_cv_have_decl_getenv=yes
ac_cv_have_decl_malloc=yes
ac_cv_have_decl_realloc=yes
ac_cv_have_decl_snprintf=yes
ac_cv_have_decl_stpcpy=yes
ac_cv_have_decl_strnlen=yes
ac_cv_have_decl_strstr=yes
ac_cv_have_decl_vasprintf=yes
ac_cv_have_decl_vsnprintf=yes
ac_cv_header_alloca_h=yes
ac_cv_header_dirent_dirent_h=yes
ac_cv_header_dlfcn_h=yes
ac_cv_header_fcntl_h=yes
ac_cv_header_inttypes_h=yes
ac_cv_header_memory_h=yes
ac_cv_header_minix_config_h=no
ac_cv_header_stdc=yes
ac_cv_header_stddef_h=yes
ac_cv_header_stdint_h=yes
ac_cv_header_stdlib_h=yes
ac_cv_header_string_h=yes
ac_cv_header_strings_h=yes
ac_cv_header_sys_file_h=yes
ac_cv_header_sys_param_h=yes
ac_cv_header_sys_resource_h=yes
ac_cv_header_sys_stat_h=yes
ac_cv_header_sys_time_h=yes
ac_cv_header_sys_types_h=yes
ac_cv_header_time=yes
ac_cv_header_time_h=yes
ac_cv_header_unistd_h=yes
ac_cv_header_wchar_h=yes
ac_cv_header_wctype_h=yes
ac_cv_header_windows_h=no
ac_cv_host=x86_64-pc-linux-gnu
ac_cv_lib_dl_dlopen=yes
ac_cv_lib_dld_shl_load=no
ac_cv_lib_m_cos=yes
ac_cv_objext=o
ac_cv_path_EGREP='/usr/bin/grep -E'
ac_cv_path_FGREP='/usr/bin/grep -F'
ac_cv_path_GMSGFMT=:
ac_cv_path_GREP=/usr/bin/grep
ac_cv_path_MSGFMT=:
ac_cv_path_MSGMERGE=:
ac_cv_path_SED=/usr/bin/sed
ac_cv_path_XGETTEXT=:
ac_cv_path_mkdir=/usr/bin/mkdir
ac_cv_prog_AR=/usr/bin/ar
ac_cv_prog_AWK=gawk
ac_cv_prog_CC=/usr/bin/gcc
ac_cv_prog_CPP='/usr/bin/gcc -E'
ac_cv_prog_OBJDUMP=objdump
ac_cv_prog_RANLIB=/usr/bin/ranlib
ac_cv_prog_ac_ct_STRIP=strip
ac_cv_prog_cc_c89=
ac_cv_prog_cc_g=yes
ac_cv_prog_make__usr_bin_make_set=yes
ac_cv_safe_to_define___extensions__=yes
ac_cv_search_dlsym=-ldl
ac_cv_search_opendir='none required'
ac_cv_search_strerror='none required'
ac_cv_sizeof_int=4
ac_cv_sizeof_long=8
ac_cv_sizeof_long_long=8
ac_cv_sizeof_off_t=8
ac_cv_sizeof_void_p=8
ac_cv_sys_file_offset_bits=no
ac_cv_sys_largefile_CC=no
ac_cv_target=arm-buildroot-linux-uclibcgnueabihf
ac_cv_type_int_fast32_t=yes
ac_cv_type_int_least32_t=yes
ac_cv_type_long_double=yes
ac_cv_type_long_long=yes
ac_cv_type_u_int64_t=no
ac_cv_type_uint64_t=yes
ac_cv_type_uintmax_t=yes
ac_cv_type_uintptr_t=yes
acx_cv_header_stdint=stdint.h
acx_cv_header_stdint_kind='(already complete)'
am_cv_CC_dependencies_compiler_type=none
am_cv_make_support_nested_variables=yes
am_cv_prog_cc_c_o=yes
bfd_cv_hidden=yes
bfd_cv_ld_as_needed=yes
gcc_cv_header_string=yes
lt_cv_deplibs_check_method=pass_all
lt_cv_dlopen=dlopen
lt_cv_dlopen_libs=-ldl
lt_cv_dlopen_self=yes
lt_cv_dlopen_self_static=no
lt_cv_file_magic_cmd='$MAGIC_CMD'
lt_cv_file_magic_test_file=
lt_cv_ld_reload_flag=-r
lt_cv_nm_interface='BSD nm'
lt_cv_objdir=.libs
lt_cv_path_LD=/usr/bin/ld
lt_cv_path_NM=/usr/bin/nm
lt_cv_prog_compiler_c_o=yes
lt_cv_prog_compiler_pic_works=yes
lt_cv_prog_compiler_rtti_exceptions=no
lt_cv_prog_compiler_static_works=yes
lt_cv_prog_gnu_ld=yes
lt_cv_shlibpath_overrides_runpath=yes
lt_cv_sys_global_symbol_pipe='sed -n -e '\''s/^.*[	 ]\([ABCDGIRSTW][ABCDGIRSTW]*\)[	 ][	 ]*\([_A-Za-z][_A-Za-z0-9]*\)$/\1 \2 \2/p'\'''
lt_cv_sys_global_symbol_to_c_name_address='sed -n -e '\''s/^: \([^ ]*\) $/  {\"\1\", (void *) 0},/p'\'' -e '\''s/^[ABCDGIRSTW]* \([^ ]*\) \([^ ]*\)$/  {"\2", (void *) \&\2},/p'\'''
lt_cv_sys_global_symbol_to_c_name_address_lib_prefix='sed -n -e '\''s/^: \([^ ]*\) $/  {\"\1\", (void *) 0},/p'\'' -e '\''s/^[ABCDGIRSTW]* \([^ ]*\) \(lib[^ ]*\)$/  {"\2", (void *) \&\2},/p'\'' -e '\''s/^[ABCDGIRSTW]* \([^ ]*\) \([^ ]*\)$/  {"lib\2", (void *) \&\2},/p'\'''
lt_cv_sys_global_symbol_to_cdecl='sed -n -e '\''s/^T .* \(.*\)$/extern int \1();/p'\'' -e '\''s/^[ABCDGIRSTW]* .* \(.*\)$/extern char \1;/p'\'''
lt_cv_sys_max_cmd_len=1572864

## ----------------- ##
## Output variables. ##
## ----------------- ##

ACLOCAL='${SHELL} /home/anshul/aesd/FinalProject_Buildroot_Client/assignment-5-Anshul-99/buildroot/output/build/host-binutils-2.35.2/missing aclocal-1.15'
AMDEPBACKSLASH=''
AMDEP_FALSE=''
AMDEP_TRUE='#'
AMTAR='$${TAR-tar}'
AM_BACKSLASH='\'
AM_DEFAULT_V='$(AM_DEFAULT_VERBOSITY)'
AM_DEFAULT_VERBOSITY='1'
AM_V='$(V)'
AR='/usr/bin/ar'
AUTOCONF='${SHELL} /home/anshul/aesd/FinalProject_Buildroot_Client/assignment-5-Anshul-99/buildroot/output/build/host-binutils-2.35.2/missing autoconf'
AUTOHEADER='${SHELL} /home/anshul/aesd/FinalProject_Buildroot_Client/assignment-5-Anshul-99/buildroot/output/build/host-binutils-2.35.2/missing autoheader'
AUTOMAKE='${SHELL} /home/anshul/aesd/FinalProject_Buildroot_Client/assignment-5-Anshul-99/buildroot/output/build/host-binutils-2.35.2/missing automake-1.15'
AWK='gawk'
BFD_HOSTPTR_T='unsigned long'
BFD_HOST_64BIT_LONG='1'
BFD_HOST_64BIT_LONG_LONG='0'
BFD_HOST_64_BIT='long'
BFD_HOST_64_BIT_DEFINED='1'
BFD_HOST_U_64_BIT='unsigned long'
CATALOGS=''
CATOBJEXT=''
CC='/usr/bin/gcc'
CCDEPMODE='depmode=none'
CC_FOR_BUILD='/usr/bin/gcc'
CFLAGS='-O2 -I/home/anshul/aesd/FinalProject_Buildroot_Client/assignment-5-Anshul-99/buildroot/output/host/include'
COREFILE=''
COREFLAG=''
CPP='/usr/bin/gcc -E'
CPPFLAGS=''
CYGPATH_W='echo'
DATADIRNAME=''
DEBUGDIR='${exec_prefix}/lib/debug'
DEFS='-DHAVE_CONFIG_H'
DEPDIR='.deps'
DSYMUTIL=''
DUMPBIN=''
ECHO_C=''
ECHO_N='-n'
ECHO_T=''
EGREP='/usr/bin/grep -E'
EXEEXT=''
EXEEXT_FOR_BUILD='$(EXEEXT)'
FGREP='/usr/bin/grep -F'
GENCAT=''
GENINSRC_NEVER_FALSE=''
GENINSRC_NEVER_TRUE='#'
GMSGFMT=':'
GREP='/usr/bin/grep'
HDEFINES=''
INCINTL=''
INSTALL_DATA='/usr/bin/install -c -m 644'
INSTALL_LIBBFD_FALSE=''
INSTALL_LIBBFD_TRUE='#'
INSTALL_PROGRAM='/usr/bin/install -c'
INSTALL_SCRIPT='/usr/bin/install -c'
INSTALL_STRIP_PROGRAM='$(install_sh) -c -s'
INSTOBJEXT=''
LD='/usr/bin/ld -m elf_x86_64'
LDFLAGS=' -L/home/anshul/aesd/FinalProject_Buildroot_Client/assignment-5-Anshul-99/buildroot/output/host/lib -Wl,-rpath,/home/anshul/aesd/FinalProject_Buildroot_Client/assignment-5-Anshul-99/buildroot/output/host/lib'
LIBINTL=''
LIBINTL_DEP=''
LIBM='-lm'
LIBOBJS=''
LIBS='-ldl '
LIBTOOL='$(SHELL) $(top_builddir)/libtool'
LIPO=''
LN_S='ln -s'
LTLIBOBJS=''
MAINT='#'
MAINTAINER_MODE_FALSE=''
MAINTAINER_MODE_TRUE='#'
MAKEINFO='true --split-size=5000000'
MKDIR_P='/usr/bin/mkdir -p'
MKINSTALLDIRS='$(top_builddir)/./../mkinstalldirs'
MSGFMT=':'
MSGMERGE=':'
NM='/usr/bin/nm'
NMEDIT=''
NO_WERROR=''
OBJDUMP='objdump'
OBJEXT='o'
OTOOL64=''
OTOOL=''
PACKAGE='bfd'
PACKAGE_BUGREPORT=''
PACKAGE_NAME='bfd'
PACKAGE_STRING='bfd 2.35.2'
PACKAGE_TARNAME='bfd'
PACKAGE_URL=''
PACKAGE_VERSION='2.35.2'
PATH_SEPARATOR=':'
PKGVERSION='(GNU Binutils) '
PLUGINS_FALSE='#'
PLUGINS_TRUE=''
POSUB=''
RANLIB='/usr/bin/ranlib'
REPORT_BUGS_TEXI='@uref{http://www.sourceware.org/bugzilla/}'
REPORT_BUGS_TO='<http://www.sourceware.org/bugzilla/>'
SED='/usr/bin/sed'
SET_MAKE=''
SHARED_LDFLAGS=''
SHARED_LIBADD=''
SHELL='/bin/bash'
STRIP='strip'
TDEFINES=' '
USE_NLS='no'
VERSION='2.35.2'
WARN_CFLAGS='-W -Wall -Wstrict-prototypes -Wmissing-prototypes -Wshadow -Wstack-usage=262144'
WARN_CFLAGS_FOR_BUILD='-W -Wall -Wstrict-prototypes -Wmissing-prototypes -Wshadow -Wstack-usage=262144'
WARN_WRITE_STRINGS='-Wwrite-strings'
XGETTEXT=':'
ac_ct_CC=''
ac_ct_DUMPBIN=''
all_backends='$(BFD64_BACKENDS) $(BFD32_BACKENDS)'
am__EXEEXT_FALSE=''
am__EXEEXT_TRUE='#'
am__fastdepCC_FALSE=''
am__fastdepCC_TRUE='#'
am__include='include'
am__isrc=''
am__leading_dot='.'
am__nodep=''
am__quote=''
am__tar='$${TAR-tar} chof - "$$tardir"'
am__untar='$${TAR-tar} xf -'
bfd64_libs='$(BFD64_LIBS)'
bfd_backends=' elf32-arm.lo elf32.lo elf-nacl.lo elf-vxworks.lo elf.lo elflink.lo elf-attrs.lo elf-strtab.lo elf-eh-frame.lo dwarf1.lo dwarf2.lo elf32-gen.lo plugin.lo'
bfd_default_target_size='32'
bfd_file_ptr='BFD_HOST_64_BIT'
bfd_machines=' cpu-arm.lo'
bfd_ufile_ptr='BFD_HOST_U_64_BIT'
bfdincludedir='$(exec_prefix)/$(host_noncanonical)/$(target_noncanonical)/include'
bfdlibdir='$(exec_prefix)/$(host_noncanonical)/$(target_noncanonical)/lib'
bindir='${exec_prefix}/bin'
build='x86_64-pc-linux-gnu'
build_alias='x86_64-pc-linux-gnu'
build_cpu='x86_64'
build_os='linux-gnu'
build_vendor='pc'
datadir='${datarootdir}'
datarootdir='${prefix}/share'
docdir='${datarootdir}/doc/${PACKAGE_TARNAME}'
dvidir='${docdir}'
exec_prefix='${prefix}'
havevecs='-DHAVE_arm_elf32_le_vec -DHAVE_arm_elf32_fdpic_le_vec -DHAVE_arm_elf32_be_vec -DHAVE_arm_elf32_fdpic_be_vec -DHAVE_elf32_le_vec -DHAVE_elf32_be_vec'
host='x86_64-pc-linux-gnu'
host_alias='x86_64-pc-linux-gnu'
host_cpu='x86_64'
host_noncanonical='x86_64-pc-linux-gnu'
host_os='linux-gnu'
host_vendor='pc'
htmldir='${docdir}'
includedir='${prefix}/include'
infodir='${datarootdir}/info'
install_sh='${SHELL} /home/anshul/aesd/FinalProject_Buildroot_Client/assignment-5-Anshul-99/buildroot/output/build/host-binutils-2.35.2/install-sh'
libdir='${exec_prefix}/lib'
libexecdir='${exec_prefix}/libexec'
localedir='${datarootdir}/locale'
localstatedir='/home/anshul/aesd/FinalProject_Buildroot_Client/assignment-5-Anshul-99/buildroot/output/host/var'
lt_cv_dlopen_libs='-ldl'
mandir='${datarootdir}/man'
mkdir_p='$(MKDIR_P)'
oldincludedir='/usr/include'
pdfdir='${docdir}'
prefix='/home/anshul/aesd/FinalProject_Buildroot_Client/assignment-5-Anshul-99/buildroot/output/host'
program_transform_name='s&^&arm-buildroot-linux-uclibcgnueabihf-&'
psdir='${docdir}'
sbindir='${exec_prefix}/sbin'
sharedstatedir='${prefix}/com'
supports_plugins='1'
sysconfdir='/home/anshul/aesd/FinalProject_Buildroot_Client/assignment-5-Anshul-99/buildroot/output/host/etc'
target='arm-buildroot-linux-uclibcgnueabihf'
target_alias='arm-buildroot-linux-uclibcgnueabihf'
target_cpu='arm'
target_noncanonical='arm-buildroot-linux-uclibcgnueabihf'
target_os='linux-uclibcgnueabihf'
target_vendor='buildroot'
tdefaults=' -DDEFAULT_VECTOR=arm_elf32_le_vec -DSELECT_VECS='\''&arm_elf32_le_vec,&arm_elf32_fdpic_le_vec,&arm_elf32_be_vec,&arm_elf32_fdpic_be_vec,&elf32_le_vec,&elf32_be_vec'\'' -DSELECT_ARCHITECTURES='\''&bfd_arm_arch'\'''
wordsize='64'
zlibdir='-L$(top_builddir)/../zlib'
zlibinc='-I$(top_srcdir)/../zlib'

## ----------- ##
## confdefs.h. ##
## ----------- ##

/* confdefs.h */
#define PACKAGE_NAME "bfd"
#define PACKAGE_TARNAME "bfd"
#define PACKAGE_VERSION "2.35.2"
#define PACKAGE_STRING "bfd 2.35.2"
#define PACKAGE_BUGREPORT ""
#define PACKAGE_URL ""
#define PACKAGE "bfd"
#define VERSION "2.35.2"
#define STDC_HEADERS 1
#define HAVE_SYS_TYPES_H 1
#define HAVE_SYS_STAT_H 1
#define HAVE_STDLIB_H 1
#define HAVE_STRING_H 1
#define HAVE_MEMORY_H 1
#define HAVE_STRINGS_H 1
#define HAVE_INTTYPES_H 1
#define HAVE_STDINT_H 1
#define HAVE_UNISTD_H 1
#define __EXTENSIONS__ 1
#define _ALL_SOURCE 1
#define _GNU_SOURCE 1
#define _POSIX_PTHREAD_SEMANTICS 1
#define _TANDEM_SOURCE 1
#define HAVE_DLFCN_H 1
#define LT_OBJDIR ".libs/"
#define HAVE_DLFCN_H 1
#define USE_SECUREPLT 1
#define DEFAULT_LD_Z_SEPARATE_CODE 0
#define HAVE_LONG_DOUBLE 1
#define HAVE_LONG_LONG 1
#define SIZEOF_LONG_LONG 8
#define SIZEOF_VOID_P 8
#define SIZEOF_LONG 8
#define SIZEOF_INT 4
#define HAVE_ALLOCA_H 1
#define HAVE_STDDEF_H 1
#define HAVE_STRING_H 1
#define HAVE_STRINGS_H 1
#define HAVE_STDLIB_H 1
#define HAVE_TIME_H 1
#define HAVE_UNISTD_H 1
#define HAVE_WCHAR_H 1
#define HAVE_WCTYPE_H 1
#define HAVE_FCNTL_H 1
#define HAVE_SYS_FILE_H 1
#define HAVE_SYS_TIME_H 1
#define HAVE_SYS_STAT_H 1
#define HAVE_SYS_RESOURCE_H 1
#define TIME_WITH_SYS_TIME 1
#define HAVE_DIRENT_H 1
#define STRING_WITH_STRINGS 1
#define HAVE_FCNTL 1
#define HAVE_GETPAGESIZE 1
#define HAVE_SETITIMER 1
#define HAVE_SYSCONF 1
#define HAVE_FDOPEN 1
#define HAVE_GETUID 1
#define HAVE_GETGID 1
#define HAVE_FILENO 1
#define HAVE_STRTOULL 1
#define HAVE_GETRLIMIT 1
#define HAVE_DECL_BASENAME 1
#define HAVE_DECL_FTELLO 1
#define HAVE_DECL_FTELLO64 1
#define HAVE_DECL_FSEEKO 1
#define HAVE_DECL_FSEEKO64 1
#define HAVE_DECL_FFS 1
#define HAVE_DECL_FREE 1
#define HAVE_DECL_GETENV 1
#define HAVE_DECL_MALLOC 1
#define HAVE_DECL_REALLOC 1
#define HAVE_DECL_STPCPY 1
#define HAVE_DECL_STRSTR 1
#define HAVE_DECL_ASPRINTF 1
#define HAVE_DECL_VASPRINTF 1
#define HAVE_DECL_SNPRINTF 1
#define HAVE_DECL_VSNPRINTF 1
#define HAVE_DECL_STRNLEN 1
#define HAVE_HIDDEN 1
#define HAVE_FTELLO 1
#define HAVE_FTELLO64 1
#define HAVE_FSEEKO 1
#define HAVE_FSEEKO64 1
#define HAVE_FOPEN64 1
#define SIZEOF_OFF_T 8
#define HAVE_STDLIB_H 1
#define HAVE_UNISTD_H 1
#define HAVE_SYS_PARAM_H 1
#define HAVE_GETPAGESIZE 1
#define HAVE_MMAP 1
#define HAVE_MADVISE 1
#define HAVE_MPROTECT 1

configure: exit 0

## ---------------------- ##
## Running config.status. ##
## ---------------------- ##

This file was extended by bfd config.status 2.35.2, which was
generated by GNU Autoconf 2.69.  Invocation command line was

  CONFIG_FILES    = po/Makefile.in:po/Make-in
  CONFIG_HEADERS  = 
  CONFIG_LINKS    = 
  CONFIG_COMMANDS = 
  $ ./config.status 

on Anshul-UbuntuVM

config.status:1239: creating po/Makefile.in
config.status:1468: executing depfiles commands
config.status:1468: executing libtool commands
config.status:1468: executing default-1 commands
config.status:1468: executing bfd_stdint.h commands
config.status:1468: executing default commands
